<?xml version="1.0" encoding="utf-16"?>
<ShowPlanXML xmlns:xsi="http://www.w3.org/2001/XMLSchema-instance" xmlns:xsd="http://www.w3.org/2001/XMLSchema" Version="1.6" Build="14.0.2027.2" xmlns="http://schemas.microsoft.com/sqlserver/2004/07/showplan">
  <BatchSequence>
    <Batch>
      <Statements>
        <StmtSimple StatementCompId="1" StatementEstRows="3484.53" StatementId="1" StatementOptmLevel="FULL" StatementOptmEarlyAbortReason="TimeOut" CardinalityEstimationModelVersion="130" StatementSubTreeCost="12.5802" StatementText="Select &#xD;&#xA;	ord.CustomerID, &#xD;&#xA;	det.StockItemID, &#xD;&#xA;	SUM(det.UnitPrice), &#xD;&#xA;	SUM(det.Quantity), &#xD;&#xA;	COUNT(ord.OrderID) &#xD;&#xA;FROM Sales.Orders AS ord &#xD;&#xA;	JOIN Sales.OrderLines AS det &#xD;&#xA;		ON det.OrderID = ord.OrderID &#xD;&#xA;	JOIN Sales.Invoices AS Inv &#xD;&#xA;		ON Inv.OrderID = ord.OrderID &#xD;&#xA;	JOIN Sales.CustomerTransactions AS Trans &#xD;&#xA;		ON Trans.InvoiceID = Inv.InvoiceID &#xD;&#xA;	JOIN Warehouse.StockItemTransactions AS ItemTrans&#xD;&#xA;		ON ItemTrans.StockItemID = det.StockItemID &#xD;&#xA;WHERE Inv.BillToCustomerID != ord.CustomerID &#xD;&#xA;	AND (Select &#xD;&#xA;			SupplierId &#xD;&#xA;		FROM Warehouse.StockItems AS It &#xD;&#xA;			Where It.StockItemID = det.StockItemID) = 12 &#xD;&#xA;	AND (SELECT &#xD;&#xA;			SUM(Total.UnitPrice*Total.Quantity) &#xD;&#xA;		FROM Sales.OrderLines AS Total &#xD;&#xA;		Join Sales.Orders AS ordTotal &#xD;&#xA;			On ordTotal.OrderID = Total.OrderID &#xD;&#xA;		WHERE ordTotal.CustomerID = Inv.CustomerID) &gt; 250000 &#xD;&#xA;	AND DATEDIFF(dd, Inv.InvoiceDate, ord.OrderDate) = 0 &#xD;&#xA;GROUP BY ord.CustomerID, det.StockItemID &#xD;&#xA;ORDER BY ord.CustomerID, det.StockItemID" StatementType="SELECT" QueryHash="0x88F792735C6C7D2E" QueryPlanHash="0x99CAC8FFD0313C20" RetrievedFromCache="true" StatementSqlHandle="0x09006DA48FAE2ED5BEB0E6E4C88E2DE61F440000000000000000000000000000000000000000000000000000" DatabaseContextSettingsId="2" ParentObjectId="0" StatementParameterizationType="0" SecurityPolicyApplied="false">
          <StatementSetOptions ANSI_NULLS="true" ANSI_PADDING="true" ANSI_WARNINGS="true" ARITHABORT="true" CONCAT_NULL_YIELDS_NULL="true" NUMERIC_ROUNDABORT="false" QUOTED_IDENTIFIER="true" />
          <QueryPlan DegreeOfParallelism="1" MemoryGrant="95952" CachedPlanSize="448" CompileTime="136" CompileCPU="91" CompileMemory="5632">
            <MemoryGrantInfo SerialRequiredMemory="18584" SerialDesiredMemory="95952" RequiredMemory="18584" DesiredMemory="95952" RequestedMemory="95952" GrantWaitTime="0" GrantedMemory="95952" MaxUsedMemory="10240" MaxQueryMemory="481392" />
            <OptimizerHardwareDependentProperties EstimatedAvailableMemoryGrant="208499" EstimatedPagesCached="52124" EstimatedAvailableDegreeOfParallelism="2" MaxCompileMemory="1762064" />
            <OptimizerStatsUsage>
              <StatisticsInfo Database="[WideWorldImporters]" Schema="[Sales]" Table="[Invoices]" Statistics="[_WA_Sys_0000000A_7849DB76]" ModificationCount="902" SamplingPercent="19.3728" LastUpdate="2016-06-02T10:47:38.07" />
              <StatisticsInfo Database="[WideWorldImporters]" Schema="[Sales]" Table="[Invoices]" Statistics="[FK_Sales_Invoices_CustomerID]" ModificationCount="4261" SamplingPercent="20.0848" LastUpdate="2016-06-02T10:38:35.48" />
              <StatisticsInfo Database="[WideWorldImporters]" Schema="[Sales]" Table="[OrderLines]" Statistics="[IX_Sales_OrderLines_AllocatedStockItems]" ModificationCount="3062" SamplingPercent="28.1404" LastUpdate="2016-06-02T10:47:36.99" />
              <StatisticsInfo Database="[WideWorldImporters]" Schema="[Sales]" Table="[Orders]" Statistics="[FK_Sales_Orders_CustomerID]" ModificationCount="5262" SamplingPercent="100" LastUpdate="2016-06-02T10:36:24.94" />
              <StatisticsInfo Database="[WideWorldImporters]" Schema="[Sales]" Table="[Orders]" Statistics="[PK_Sales_Orders]" ModificationCount="3966" SamplingPercent="100" LastUpdate="2016-06-02T10:39:54.25" />
              <StatisticsInfo Database="[WideWorldImporters]" Schema="[Sales]" Table="[OrderLines]" Statistics="[FK_Sales_OrderLines_OrderID]" ModificationCount="9009" SamplingPercent="28.9394" LastUpdate="2016-06-02T10:42:55.35" />
              <StatisticsInfo Database="[WideWorldImporters]" Schema="[Sales]" Table="[Invoices]" Statistics="[FK_Sales_Invoices_BillToCustomerID]" ModificationCount="7449" SamplingPercent="20.7164" LastUpdate="2016-06-02T10:29:18.25" />
              <StatisticsInfo Database="[WideWorldImporters]" Schema="[Sales]" Table="[OrderLines]" Statistics="[PK_Sales_OrderLines]" ModificationCount="7592" SamplingPercent="28.711" LastUpdate="2016-06-02T10:44:04.18" />
              <StatisticsInfo Database="[WideWorldImporters]" Schema="[Sales]" Table="[CustomerTransactions]" Statistics="[FK_Sales_CustomerTransactions_InvoiceID]" ModificationCount="0" SamplingPercent="100" LastUpdate="2016-06-06T11:06:59.5" />
              <StatisticsInfo Database="[WideWorldImporters]" Schema="[Warehouse]" Table="[StockItems]" Statistics="[FK_Warehouse_StockItems_SupplierID]" ModificationCount="30" SamplingPercent="100" LastUpdate="2020-03-08T22:10:44.88" />
              <StatisticsInfo Database="[WideWorldImporters]" Schema="[Warehouse]" Table="[StockItemTransactions]" Statistics="[FK_Warehouse_StockItemTransactions_StockItemID]" ModificationCount="0" SamplingPercent="100" LastUpdate="2016-06-06T11:06:44.06" />
              <StatisticsInfo Database="[WideWorldImporters]" Schema="[Warehouse]" Table="[StockItems]" Statistics="[PK_Warehouse_StockItems]" ModificationCount="11" SamplingPercent="100" LastUpdate="2016-06-02T10:07:35.2" />
              <StatisticsInfo Database="[WideWorldImporters]" Schema="[Sales]" Table="[Invoices]" Statistics="[FK_Sales_Invoices_OrderID_Inc]" ModificationCount="0" SamplingPercent="100" LastUpdate="2020-06-21T18:59:38.64" />
              <StatisticsInfo Database="[WideWorldImporters]" Schema="[Sales]" Table="[Invoices]" Statistics="[PK_Sales_Invoices]" ModificationCount="0" SamplingPercent="17.2061" LastUpdate="2016-06-02T10:54:55.62" />
            </OptimizerStatsUsage>
            <WaitStats>
              <Wait WaitType="RESERVED_MEMORY_ALLOCATION_EXT" WaitTimeMs="8" WaitCount="916" />
              <Wait WaitType="ASYNC_NETWORK_IO" WaitTimeMs="96" WaitCount="20" />
              <Wait WaitType="MEMORY_ALLOCATION_EXT" WaitTimeMs="124" WaitCount="13147" />
              <Wait WaitType="PAGEIOLATCH_SH" WaitTimeMs="2230" WaitCount="189" />
            </WaitStats>
            <QueryTimeStats CpuTime="1044" ElapsedTime="3348" />
            <RelOp AvgRowSize="40" EstimateCPU="0.00649628" EstimateIO="0.00375375" EstimateRebinds="0" EstimateRewinds="0" EstimatedExecutionMode="Batch" EstimateRows="3484.53" LogicalOp="Sort" NodeId="0" Parallel="false" PhysicalOp="Sort" EstimatedTotalSubtreeCost="12.5802">
              <OutputList>
                <ColumnReference Database="[WideWorldImporters]" Schema="[Sales]" Table="[Orders]" Alias="[ord]" Column="CustomerID" />
                <ColumnReference Database="[WideWorldImporters]" Schema="[Sales]" Table="[OrderLines]" Alias="[det]" Column="StockItemID" />
                <ColumnReference Column="Expr1014" />
                <ColumnReference Column="Expr1015" />
                <ColumnReference Column="Expr1016" />
              </OutputList>
              <MemoryFractions Input="0.964947" Output="0.964947" />
              <RunTimeInformation>
                <RunTimeCountersPerThread Thread="0" ActualRows="3619" Batches="5" ActualEndOfScans="0" ActualExecutions="1" ActualExecutionMode="Batch" ActualElapsedms="0" ActualCPUms="0" ActualScans="0" ActualLogicalReads="0" ActualPhysicalReads="0" ActualReadAheads="0" ActualLobLogicalReads="0" ActualLobPhysicalReads="0" ActualLobReadAheads="0" />
              </RunTimeInformation>
              <Sort Distinct="false">
                <OrderBy>
                  <OrderByColumn Ascending="true">
                    <ColumnReference Database="[WideWorldImporters]" Schema="[Sales]" Table="[Orders]" Alias="[ord]" Column="CustomerID" />
                  </OrderByColumn>
                  <OrderByColumn Ascending="true">
                    <ColumnReference Database="[WideWorldImporters]" Schema="[Sales]" Table="[OrderLines]" Alias="[det]" Column="StockItemID" />
                  </OrderByColumn>
                </OrderBy>
                <RelOp AvgRowSize="40" EstimateCPU="0" EstimateIO="0" EstimateRebinds="0" EstimateRewinds="0" EstimatedExecutionMode="Batch" EstimateRows="3484.53" LogicalOp="Compute Scalar" NodeId="1" Parallel="false" PhysicalOp="Compute Scalar" EstimatedTotalSubtreeCost="12.57">
                  <OutputList>
                    <ColumnReference Database="[WideWorldImporters]" Schema="[Sales]" Table="[Orders]" Alias="[ord]" Column="CustomerID" />
                    <ColumnReference Database="[WideWorldImporters]" Schema="[Sales]" Table="[OrderLines]" Alias="[det]" Column="StockItemID" />
                    <ColumnReference Column="Expr1014" />
                    <ColumnReference Column="Expr1015" />
                    <ColumnReference Column="Expr1016" />
                  </OutputList>
                  <RunTimeInformation>
                    <RunTimeCountersPerThread Thread="0" ActualRows="3619" Batches="5" ActualEndOfScans="0" ActualExecutions="1" ActualExecutionMode="Batch" ActualElapsedms="0" ActualCPUms="0" ActualScans="0" ActualLogicalReads="0" ActualPhysicalReads="0" ActualReadAheads="0" ActualLobLogicalReads="0" ActualLobPhysicalReads="0" ActualLobReadAheads="0" />
                  </RunTimeInformation>
                  <ComputeScalar>
                    <DefinedValues>
                      <DefinedValue>
                        <ColumnReference Column="Expr1014" />
                        <ScalarOperator ScalarString="CASE WHEN [Expr1133]=(0) THEN NULL ELSE [Expr1134] END">
                          <IF>
                            <Condition>
                              <ScalarOperator>
                                <Compare CompareOp="EQ">
                                  <ScalarOperator>
                                    <Identifier>
                                      <ColumnReference Column="Expr1133" />
                                    </Identifier>
                                  </ScalarOperator>
                                  <ScalarOperator>
                                    <Const ConstValue="(0)" />
                                  </ScalarOperator>
                                </Compare>
                              </ScalarOperator>
                            </Condition>
                            <Then>
                              <ScalarOperator>
                                <Const ConstValue="NULL" />
                              </ScalarOperator>
                            </Then>
                            <Else>
                              <ScalarOperator>
                                <Identifier>
                                  <ColumnReference Column="Expr1134" />
                                </Identifier>
                              </ScalarOperator>
                            </Else>
                          </IF>
                        </ScalarOperator>
                      </DefinedValue>
                      <DefinedValue>
                        <ColumnReference Column="Expr1016" />
                        <ScalarOperator ScalarString="CONVERT_IMPLICIT(int,[Expr1135],0)">
                          <Convert DataType="int" Style="0" Implicit="true">
                            <ScalarOperator>
                              <Identifier>
                                <ColumnReference Column="Expr1135" />
                              </Identifier>
                            </ScalarOperator>
                          </Convert>
                        </ScalarOperator>
                      </DefinedValue>
                    </DefinedValues>
                    <RelOp AvgRowSize="40" EstimateCPU="2.90129" EstimateIO="0" EstimateRebinds="0" EstimateRewinds="0" EstimatedExecutionMode="Batch" EstimateRows="3484.53" LogicalOp="Aggregate" NodeId="2" Parallel="false" PhysicalOp="Hash Match" EstimatedTotalSubtreeCost="12.57">
                      <OutputList>
                        <ColumnReference Database="[WideWorldImporters]" Schema="[Sales]" Table="[Orders]" Alias="[ord]" Column="CustomerID" />
                        <ColumnReference Database="[WideWorldImporters]" Schema="[Sales]" Table="[OrderLines]" Alias="[det]" Column="StockItemID" />
                        <ColumnReference Column="Expr1015" />
                        <ColumnReference Column="Expr1133" />
                        <ColumnReference Column="Expr1134" />
                        <ColumnReference Column="Expr1135" />
                      </OutputList>
                      <MemoryFractions Input="0.104539" Output="0.104539" />
                      <RunTimeInformation>
                        <RunTimeCountersPerThread Thread="0" ActualRows="3619" Batches="5" ActualEndOfScans="0" ActualExecutions="1" ActualExecutionMode="Batch" ActualElapsedms="227" ActualCPUms="224" ActualScans="0" ActualLogicalReads="0" ActualPhysicalReads="0" ActualReadAheads="0" ActualLobLogicalReads="0" ActualLobPhysicalReads="0" ActualLobReadAheads="0" />
                      </RunTimeInformation>
                      <Hash>
                        <DefinedValues>
                          <DefinedValue>
                            <ColumnReference Column="Expr1133" />
                            <ScalarOperator ScalarString="COUNT_BIG([WideWorldImporters].[Sales].[OrderLines].[UnitPrice] as [det].[UnitPrice])">
                              <Aggregate AggType="COUNT_BIG" Distinct="false">
                                <ScalarOperator>
                                  <Identifier>
                                    <ColumnReference Database="[WideWorldImporters]" Schema="[Sales]" Table="[OrderLines]" Alias="[det]" Column="UnitPrice" />
                                  </Identifier>
                                </ScalarOperator>
                              </Aggregate>
                            </ScalarOperator>
                          </DefinedValue>
                          <DefinedValue>
                            <ColumnReference Column="Expr1134" />
                            <ScalarOperator ScalarString="SUM([WideWorldImporters].[Sales].[OrderLines].[UnitPrice] as [det].[UnitPrice])">
                              <Aggregate AggType="SUM" Distinct="false">
                                <ScalarOperator>
                                  <Identifier>
                                    <ColumnReference Database="[WideWorldImporters]" Schema="[Sales]" Table="[OrderLines]" Alias="[det]" Column="UnitPrice" />
                                  </Identifier>
                                </ScalarOperator>
                              </Aggregate>
                            </ScalarOperator>
                          </DefinedValue>
                          <DefinedValue>
                            <ColumnReference Column="Expr1015" />
                            <ScalarOperator ScalarString="SUM([WideWorldImporters].[Sales].[OrderLines].[Quantity] as [det].[Quantity])">
                              <Aggregate AggType="SUM" Distinct="false">
                                <ScalarOperator>
                                  <Identifier>
                                    <ColumnReference Database="[WideWorldImporters]" Schema="[Sales]" Table="[OrderLines]" Alias="[det]" Column="Quantity" />
                                  </Identifier>
                                </ScalarOperator>
                              </Aggregate>
                            </ScalarOperator>
                          </DefinedValue>
                          <DefinedValue>
                            <ColumnReference Column="Expr1135" />
                            <ScalarOperator ScalarString="COUNT(*)">
                              <Aggregate AggType="COUNT*" Distinct="false" />
                            </ScalarOperator>
                          </DefinedValue>
                        </DefinedValues>
                        <HashKeysBuild>
                          <ColumnReference Database="[WideWorldImporters]" Schema="[Sales]" Table="[Orders]" Alias="[ord]" Column="CustomerID" />
                          <ColumnReference Database="[WideWorldImporters]" Schema="[Sales]" Table="[OrderLines]" Alias="[det]" Column="StockItemID" />
                        </HashKeysBuild>
                        <BuildResidual>
                          <ScalarOperator ScalarString="[WideWorldImporters].[Sales].[Orders].[CustomerID] as [ord].[CustomerID] = [WideWorldImporters].[Sales].[Orders].[CustomerID] as [ord].[CustomerID] AND [WideWorldImporters].[Sales].[OrderLines].[StockItemID] as [det].[StockItemID] = [WideWorldImporters].[Sales].[OrderLines].[StockItemID] as [det].[StockItemID]">
                            <Logical Operation="AND">
                              <ScalarOperator>
                                <Compare CompareOp="IS">
                                  <ScalarOperator>
                                    <Identifier>
                                      <ColumnReference Database="[WideWorldImporters]" Schema="[Sales]" Table="[Orders]" Alias="[ord]" Column="CustomerID" />
                                    </Identifier>
                                  </ScalarOperator>
                                  <ScalarOperator>
                                    <Identifier>
                                      <ColumnReference Database="[WideWorldImporters]" Schema="[Sales]" Table="[Orders]" Alias="[ord]" Column="CustomerID" />
                                    </Identifier>
                                  </ScalarOperator>
                                </Compare>
                              </ScalarOperator>
                              <ScalarOperator>
                                <Compare CompareOp="IS">
                                  <ScalarOperator>
                                    <Identifier>
                                      <ColumnReference Database="[WideWorldImporters]" Schema="[Sales]" Table="[OrderLines]" Alias="[det]" Column="StockItemID" />
                                    </Identifier>
                                  </ScalarOperator>
                                  <ScalarOperator>
                                    <Identifier>
                                      <ColumnReference Database="[WideWorldImporters]" Schema="[Sales]" Table="[OrderLines]" Alias="[det]" Column="StockItemID" />
                                    </Identifier>
                                  </ScalarOperator>
                                </Compare>
                              </ScalarOperator>
                            </Logical>
                          </ScalarOperator>
                        </BuildResidual>
                        <RelOp AvgRowSize="28" EstimateCPU="0.427295" EstimateIO="0" EstimateRebinds="0" EstimateRewinds="0" EstimatedExecutionMode="Batch" EstimateRows="4326870" LogicalOp="Inner Join" NodeId="3" Parallel="false" PhysicalOp="Hash Match" EstimatedTotalSubtreeCost="9.66867">
                          <OutputList>
                            <ColumnReference Database="[WideWorldImporters]" Schema="[Sales]" Table="[Orders]" Alias="[ord]" Column="CustomerID" />
                            <ColumnReference Database="[WideWorldImporters]" Schema="[Sales]" Table="[OrderLines]" Alias="[det]" Column="StockItemID" />
                            <ColumnReference Database="[WideWorldImporters]" Schema="[Sales]" Table="[OrderLines]" Alias="[det]" Column="Quantity" />
                            <ColumnReference Database="[WideWorldImporters]" Schema="[Sales]" Table="[OrderLines]" Alias="[det]" Column="UnitPrice" />
                          </OutputList>
                          <MemoryFractions Input="0.0929583" Output="0.0929583" />
                          <RunTimeInformation>
                            <RunTimeCountersPerThread Thread="0" ActualRows="7999258" Batches="8932" ActualEndOfScans="0" ActualExecutions="1" ActualExecutionMode="Batch" ActualElapsedms="129" ActualCPUms="128" ActualScans="0" ActualLogicalReads="0" ActualPhysicalReads="0" ActualReadAheads="0" ActualLobLogicalReads="0" ActualLobPhysicalReads="0" ActualLobReadAheads="0" />
                          </RunTimeInformation>
                          <Hash BitmapCreator="true">
                            <DefinedValues>
                              <DefinedValue>
                                <ColumnReference Column="Opt_Bitmap1123" />
                              </DefinedValue>
                            </DefinedValues>
                            <HashKeysBuild>
                              <ColumnReference Database="[WideWorldImporters]" Schema="[Sales]" Table="[OrderLines]" Alias="[det]" Column="StockItemID" />
                            </HashKeysBuild>
                            <HashKeysProbe>
                              <ColumnReference Database="[WideWorldImporters]" Schema="[Warehouse]" Table="[StockItemTransactions]" Alias="[ItemTrans]" Column="StockItemID" />
                            </HashKeysProbe>
                            <RelOp AvgRowSize="32" EstimateCPU="0.00296753" EstimateIO="0" EstimateRebinds="0" EstimateRewinds="0" EstimatedExecutionMode="Batch" EstimateRows="4150.14" LogicalOp="Inner Join" NodeId="4" Parallel="false" PhysicalOp="Hash Match" EstimatedTotalSubtreeCost="9.20701">
                              <OutputList>
                                <ColumnReference Database="[WideWorldImporters]" Schema="[Sales]" Table="[Orders]" Alias="[ord]" Column="CustomerID" />
                                <ColumnReference Database="[WideWorldImporters]" Schema="[Sales]" Table="[OrderLines]" Alias="[det]" Column="StockItemID" />
                                <ColumnReference Database="[WideWorldImporters]" Schema="[Sales]" Table="[OrderLines]" Alias="[det]" Column="Quantity" />
                                <ColumnReference Database="[WideWorldImporters]" Schema="[Sales]" Table="[OrderLines]" Alias="[det]" Column="UnitPrice" />
                                <ColumnReference Database="[WideWorldImporters]" Schema="[Sales]" Table="[OrderLines]" Alias="[det]" Column="StockItemID" />
                              </OutputList>
                              <MemoryFractions Input="0.085927" Output="0.085927" />
                              <RunTimeInformation>
                                <RunTimeCountersPerThread Thread="0" ActualRows="7554" Batches="9" ActualEndOfScans="0" ActualExecutions="1" ActualExecutionMode="Batch" ActualElapsedms="0" ActualCPUms="0" ActualScans="0" ActualLogicalReads="0" ActualPhysicalReads="0" ActualReadAheads="0" ActualLobLogicalReads="0" ActualLobPhysicalReads="0" ActualLobReadAheads="0" />
                              </RunTimeInformation>
                              <Hash BitmapCreator="true">
                                <DefinedValues>
                                  <DefinedValue>
                                    <ColumnReference Column="Opt_Bitmap1076" />
                                  </DefinedValue>
                                </DefinedValues>
                                <HashKeysBuild>
                                  <ColumnReference Database="[WideWorldImporters]" Schema="[Sales]" Table="[Orders]" Alias="[ordTotal]" Column="CustomerID" />
                                </HashKeysBuild>
                                <HashKeysProbe>
                                  <ColumnReference Database="[WideWorldImporters]" Schema="[Sales]" Table="[Invoices]" Alias="[Inv]" Column="CustomerID" />
                                </HashKeysProbe>
                                <RelOp AvgRowSize="11" EstimateCPU="3.16609E-05" EstimateIO="0" EstimateRebinds="0" EstimateRewinds="0" EstimatedExecutionMode="Batch" EstimateRows="197.881" LogicalOp="Filter" NodeId="5" Parallel="false" PhysicalOp="Filter" EstimatedTotalSubtreeCost="0.486978">
                                  <OutputList>
                                    <ColumnReference Database="[WideWorldImporters]" Schema="[Sales]" Table="[Orders]" Alias="[ordTotal]" Column="CustomerID" />
                                  </OutputList>
                                  <RunTimeInformation>
                                    <RunTimeCountersPerThread Thread="0" ActualRows="462" Batches="1" ActualEndOfScans="0" ActualExecutions="1" ActualExecutionMode="Batch" ActualElapsedms="0" ActualCPUms="0" ActualScans="0" ActualLogicalReads="0" ActualPhysicalReads="0" ActualReadAheads="0" ActualLobLogicalReads="0" ActualLobPhysicalReads="0" ActualLobReadAheads="0" />
                                  </RunTimeInformation>
                                  <Filter StartupExpression="false">
                                    <RelOp AvgRowSize="28" EstimateCPU="6.59602E-06" EstimateIO="0" EstimateRebinds="0" EstimateRewinds="0" EstimatedExecutionMode="Batch" EstimateRows="659.602" LogicalOp="Compute Scalar" NodeId="7" Parallel="false" PhysicalOp="Compute Scalar" EstimatedTotalSubtreeCost="0.486946">
                                      <OutputList>
                                        <ColumnReference Database="[WideWorldImporters]" Schema="[Sales]" Table="[Orders]" Alias="[ordTotal]" Column="CustomerID" />
                                        <ColumnReference Column="Expr1012" />
                                      </OutputList>
                                      <RunTimeInformation>
                                        <RunTimeCountersPerThread Thread="0" ActualRows="663" Batches="1" ActualEndOfScans="0" ActualExecutions="1" ActualExecutionMode="Batch" ActualElapsedms="0" ActualCPUms="0" ActualScans="0" ActualLogicalReads="0" ActualPhysicalReads="0" ActualReadAheads="0" ActualLobLogicalReads="0" ActualLobPhysicalReads="0" ActualLobReadAheads="0" />
                                      </RunTimeInformation>
                                      <ComputeScalar>
                                        <DefinedValues>
                                          <DefinedValue>
                                            <ColumnReference Column="Expr1012" />
                                            <ScalarOperator ScalarString="CASE WHEN [globalagg1022]=(0) THEN NULL ELSE [globalagg1024] END">
                                              <IF>
                                                <Condition>
                                                  <ScalarOperator>
                                                    <Compare CompareOp="EQ">
                                                      <ScalarOperator>
                                                        <Identifier>
                                                          <ColumnReference Column="globalagg1022" />
                                                        </Identifier>
                                                      </ScalarOperator>
                                                      <ScalarOperator>
                                                        <Const ConstValue="(0)" />
                                                      </ScalarOperator>
                                                    </Compare>
                                                  </ScalarOperator>
                                                </Condition>
                                                <Then>
                                                  <ScalarOperator>
                                                    <Const ConstValue="NULL" />
                                                  </ScalarOperator>
                                                </Then>
                                                <Else>
                                                  <ScalarOperator>
                                                    <Identifier>
                                                      <ColumnReference Column="globalagg1024" />
                                                    </Identifier>
                                                  </ScalarOperator>
                                                </Else>
                                              </IF>
                                            </ScalarOperator>
                                          </DefinedValue>
                                        </DefinedValues>
                                        <RelOp AvgRowSize="36" EstimateCPU="0.0130083" EstimateIO="0" EstimateRebinds="0" EstimateRewinds="0" EstimatedExecutionMode="Batch" EstimateRows="659.602" LogicalOp="Aggregate" NodeId="8" Parallel="false" PhysicalOp="Hash Match" EstimatedTotalSubtreeCost="0.48694">
                                          <OutputList>
                                            <ColumnReference Database="[WideWorldImporters]" Schema="[Sales]" Table="[Orders]" Alias="[ordTotal]" Column="CustomerID" />
                                            <ColumnReference Column="globalagg1022" />
                                            <ColumnReference Column="globalagg1024" />
                                          </OutputList>
                                          <MemoryFractions Input="0.0723813" Output="0.0723813" />
                                          <RunTimeInformation>
                                            <RunTimeCountersPerThread Thread="0" ActualRows="663" Batches="1" ActualEndOfScans="0" ActualExecutions="1" ActualExecutionMode="Batch" ActualElapsedms="5" ActualCPUms="5" ActualScans="0" ActualLogicalReads="0" ActualPhysicalReads="0" ActualReadAheads="0" ActualLobLogicalReads="0" ActualLobPhysicalReads="0" ActualLobReadAheads="0" />
                                          </RunTimeInformation>
                                          <Hash>
                                            <DefinedValues>
                                              <DefinedValue>
                                                <ColumnReference Column="globalagg1022" />
                                                <ScalarOperator ScalarString="SUM([partialagg1021])">
                                                  <Aggregate AggType="SUM" Distinct="false">
                                                    <ScalarOperator>
                                                      <Identifier>
                                                        <ColumnReference Column="partialagg1021" />
                                                      </Identifier>
                                                    </ScalarOperator>
                                                  </Aggregate>
                                                </ScalarOperator>
                                              </DefinedValue>
                                              <DefinedValue>
                                                <ColumnReference Column="globalagg1024" />
                                                <ScalarOperator ScalarString="SUM([partialagg1023])">
                                                  <Aggregate AggType="SUM" Distinct="false">
                                                    <ScalarOperator>
                                                      <Identifier>
                                                        <ColumnReference Column="partialagg1023" />
                                                      </Identifier>
                                                    </ScalarOperator>
                                                  </Aggregate>
                                                </ScalarOperator>
                                              </DefinedValue>
                                            </DefinedValues>
                                            <HashKeysBuild>
                                              <ColumnReference Database="[WideWorldImporters]" Schema="[Sales]" Table="[Orders]" Alias="[ordTotal]" Column="CustomerID" />
                                            </HashKeysBuild>
                                            <RelOp AvgRowSize="36" EstimateCPU="0.0510495" EstimateIO="0" EstimateRebinds="0" EstimateRewinds="0" EstimatedExecutionMode="Batch" EstimateRows="20953.2" LogicalOp="Inner Join" NodeId="9" Parallel="false" PhysicalOp="Hash Match" EstimatedTotalSubtreeCost="0.473931">
                                              <OutputList>
                                                <ColumnReference Database="[WideWorldImporters]" Schema="[Sales]" Table="[Orders]" Alias="[ordTotal]" Column="CustomerID" />
                                                <ColumnReference Column="partialagg1021" />
                                                <ColumnReference Column="partialagg1023" />
                                              </OutputList>
                                              <MemoryFractions Input="0.0707269" Output="0.0707269" />
                                              <RunTimeInformation>
                                                <RunTimeCountersPerThread Thread="0" ActualRows="73595" Batches="82" ActualEndOfScans="0" ActualExecutions="1" ActualExecutionMode="Batch" ActualElapsedms="11" ActualCPUms="11" ActualScans="0" ActualLogicalReads="0" ActualPhysicalReads="0" ActualReadAheads="0" ActualLobLogicalReads="0" ActualLobPhysicalReads="0" ActualLobReadAheads="0" />
                                              </RunTimeInformation>
                                              <Hash BitmapCreator="true">
                                                <DefinedValues>
                                                  <DefinedValue>
                                                    <ColumnReference Column="Opt_Bitmap1039" />
                                                  </DefinedValue>
                                                </DefinedValues>
                                                <HashKeysBuild>
                                                  <ColumnReference Database="[WideWorldImporters]" Schema="[Sales]" Table="[OrderLines]" Alias="[Total]" Column="OrderID" />
                                                </HashKeysBuild>
                                                <HashKeysProbe>
                                                  <ColumnReference Database="[WideWorldImporters]" Schema="[Sales]" Table="[Orders]" Alias="[ordTotal]" Column="OrderID" />
                                                </HashKeysProbe>
                                                <RelOp AvgRowSize="36" EstimateCPU="0.147751" EstimateIO="0" EstimateRebinds="0" EstimateRewinds="0" EstimatedExecutionMode="Batch" EstimateRows="20953.2" LogicalOp="Aggregate" NodeId="10" Parallel="false" PhysicalOp="Hash Match" EstimatedTotalSubtreeCost="0.196439">
                                                  <OutputList>
                                                    <ColumnReference Database="[WideWorldImporters]" Schema="[Sales]" Table="[OrderLines]" Alias="[Total]" Column="OrderID" />
                                                    <ColumnReference Column="partialagg1021" />
                                                    <ColumnReference Column="partialagg1023" />
                                                  </OutputList>
                                                  <MemoryFractions Input="0.0163375" Output="0.0163375" />
                                                  <RunTimeInformation>
                                                    <RunTimeCountersPerThread Thread="0" ActualRows="73595" Batches="82" ActualEndOfScans="0" ActualExecutions="1" ActualExecutionMode="Batch" ActualElapsedms="29" ActualCPUms="29" ActualScans="0" ActualLogicalReads="0" ActualPhysicalReads="0" ActualReadAheads="0" ActualLobLogicalReads="0" ActualLobPhysicalReads="0" ActualLobReadAheads="0" />
                                                  </RunTimeInformation>
                                                  <Hash>
                                                    <DefinedValues>
                                                      <DefinedValue>
                                                        <ColumnReference Column="partialagg1021" />
                                                        <ScalarOperator ScalarString="COUNT_BIG([Expr1020])">
                                                          <Aggregate AggType="COUNT_BIG" Distinct="false">
                                                            <ScalarOperator>
                                                              <Identifier>
                                                                <ColumnReference Column="Expr1020" />
                                                              </Identifier>
                                                            </ScalarOperator>
                                                          </Aggregate>
                                                        </ScalarOperator>
                                                      </DefinedValue>
                                                      <DefinedValue>
                                                        <ColumnReference Column="partialagg1023" />
                                                        <ScalarOperator ScalarString="SUM([Expr1020])">
                                                          <Aggregate AggType="SUM" Distinct="false">
                                                            <ScalarOperator>
                                                              <Identifier>
                                                                <ColumnReference Column="Expr1020" />
                                                              </Identifier>
                                                            </ScalarOperator>
                                                          </Aggregate>
                                                        </ScalarOperator>
                                                      </DefinedValue>
                                                    </DefinedValues>
                                                    <HashKeysBuild>
                                                      <ColumnReference Database="[WideWorldImporters]" Schema="[Sales]" Table="[OrderLines]" Alias="[Total]" Column="OrderID" />
                                                    </HashKeysBuild>
                                                    <RelOp AvgRowSize="28" EstimateCPU="0.00231412" EstimateIO="0" EstimateRebinds="0" EstimateRewinds="0" EstimatedExecutionMode="Batch" EstimateRows="231412" LogicalOp="Compute Scalar" NodeId="11" Parallel="false" PhysicalOp="Compute Scalar" EstimatedTotalSubtreeCost="0.0486879">
                                                      <OutputList>
                                                        <ColumnReference Database="[WideWorldImporters]" Schema="[Sales]" Table="[OrderLines]" Alias="[Total]" Column="OrderID" />
                                                        <ColumnReference Column="Expr1020" />
                                                      </OutputList>
                                                      <RunTimeInformation>
                                                        <RunTimeCountersPerThread Thread="0" ActualRows="231412" Batches="1251" ActualEndOfScans="0" ActualExecutions="1" ActualExecutionMode="Batch" ActualElapsedms="0" ActualCPUms="0" ActualScans="0" ActualLogicalReads="0" ActualPhysicalReads="0" ActualReadAheads="0" ActualLobLogicalReads="0" ActualLobPhysicalReads="0" ActualLobReadAheads="0" />
                                                      </RunTimeInformation>
                                                      <ComputeScalar>
                                                        <DefinedValues>
                                                          <DefinedValue>
                                                            <ColumnReference Column="Expr1020" />
                                                            <ScalarOperator ScalarString="[WideWorldImporters].[Sales].[OrderLines].[UnitPrice] as [Total].[UnitPrice]*CONVERT_IMPLICIT(decimal(10,0),[WideWorldImporters].[Sales].[OrderLines].[Quantity] as [Total].[Quantity],0)">
                                                              <Arithmetic Operation="MULT">
                                                                <ScalarOperator>
                                                                  <Identifier>
                                                                    <ColumnReference Database="[WideWorldImporters]" Schema="[Sales]" Table="[OrderLines]" Alias="[Total]" Column="UnitPrice" />
                                                                  </Identifier>
                                                                </ScalarOperator>
                                                                <ScalarOperator>
                                                                  <Convert DataType="decimal" Precision="10" Scale="0" Style="0" Implicit="true">
                                                                    <ScalarOperator>
                                                                      <Identifier>
                                                                        <ColumnReference Database="[WideWorldImporters]" Schema="[Sales]" Table="[OrderLines]" Alias="[Total]" Column="Quantity" />
                                                                      </Identifier>
                                                                    </ScalarOperator>
                                                                  </Convert>
                                                                </ScalarOperator>
                                                              </Arithmetic>
                                                            </ScalarOperator>
                                                          </DefinedValue>
                                                        </DefinedValues>
                                                        <RelOp AvgRowSize="36" EstimateCPU="0.025471" EstimateIO="0.0209028" EstimateRebinds="0" EstimateRewinds="0" EstimatedExecutionMode="Batch" EstimateRows="231412" EstimatedRowsRead="231412" LogicalOp="Index Scan" NodeId="14" Parallel="false" PhysicalOp="Index Scan" EstimatedTotalSubtreeCost="0.0463738" TableCardinality="231412">
                                                          <OutputList>
                                                            <ColumnReference Database="[WideWorldImporters]" Schema="[Sales]" Table="[OrderLines]" Alias="[Total]" Column="OrderLineID" />
                                                            <ColumnReference Database="[WideWorldImporters]" Schema="[Sales]" Table="[OrderLines]" Alias="[Total]" Column="OrderID" />
                                                            <ColumnReference Database="[WideWorldImporters]" Schema="[Sales]" Table="[OrderLines]" Alias="[Total]" Column="Quantity" />
                                                            <ColumnReference Database="[WideWorldImporters]" Schema="[Sales]" Table="[OrderLines]" Alias="[Total]" Column="UnitPrice" />
                                                            <ColumnReference Column="Generation1125" />
                                                          </OutputList>
                                                          <RunTimeInformation>
                                                            <RunTimeCountersPerThread Thread="0" ActualRows="231412" Batches="1251" ActualEndOfScans="0" ActualExecutions="1" ActualExecutionMode="Batch" ActualElapsedms="44" ActualCPUms="4" ActualScans="1" ActualLogicalReads="0" ActualPhysicalReads="0" ActualReadAheads="0" ActualLobLogicalReads="0" ActualLobPhysicalReads="0" ActualLobReadAheads="0" SegmentReads="1" SegmentSkips="0" />
                                                          </RunTimeInformation>
                                                          <IndexScan Ordered="false" ForcedIndex="false" ForceSeek="false" ForceScan="false" NoExpandHint="false" Storage="ColumnStore">
                                                            <DefinedValues>
                                                              <DefinedValue>
                                                                <ColumnReference Database="[WideWorldImporters]" Schema="[Sales]" Table="[OrderLines]" Alias="[Total]" Column="OrderLineID" />
                                                              </DefinedValue>
                                                              <DefinedValue>
                                                                <ColumnReference Database="[WideWorldImporters]" Schema="[Sales]" Table="[OrderLines]" Alias="[Total]" Column="OrderID" />
                                                              </DefinedValue>
                                                              <DefinedValue>
                                                                <ColumnReference Database="[WideWorldImporters]" Schema="[Sales]" Table="[OrderLines]" Alias="[Total]" Column="Quantity" />
                                                              </DefinedValue>
                                                              <DefinedValue>
                                                                <ColumnReference Database="[WideWorldImporters]" Schema="[Sales]" Table="[OrderLines]" Alias="[Total]" Column="UnitPrice" />
                                                              </DefinedValue>
                                                              <DefinedValue>
                                                                <ColumnReference Column="Generation1125" />
                                                              </DefinedValue>
                                                            </DefinedValues>
                                                            <Object Database="[WideWorldImporters]" Schema="[Sales]" Table="[OrderLines]" Index="[NCCX_Sales_OrderLines]" Alias="[Total]" IndexKind="NonClustered" Storage="ColumnStore" />
                                                          </IndexScan>
                                                        </RelOp>
                                                      </ComputeScalar>
                                                    </RelOp>
                                                  </Hash>
                                                </RelOp>
                                                <RelOp AvgRowSize="15" EstimateCPU="0.0811115" EstimateIO="0.142384" EstimateRebinds="0" EstimateRewinds="0" EstimatedExecutionMode="Row" EstimateRows="7359.5" LogicalOp="Filter" NodeId="15" Parallel="false" PhysicalOp="Filter" EstimatedTotalSubtreeCost="0.223496">
                                                  <OutputList>
                                                    <ColumnReference Database="[WideWorldImporters]" Schema="[Sales]" Table="[Orders]" Alias="[ordTotal]" Column="OrderID" />
                                                    <ColumnReference Database="[WideWorldImporters]" Schema="[Sales]" Table="[Orders]" Alias="[ordTotal]" Column="CustomerID" />
                                                  </OutputList>
                                                  <RunTimeInformation>
                                                    <RunTimeCountersPerThread Thread="0" ActualRows="73595" Batches="82" ActualEndOfScans="0" ActualExecutions="1" ActualExecutionMode="Row" ActualElapsedms="117" ActualCPUms="38" />
                                                  </RunTimeInformation>
                                                  <Filter StartupExpression="false">
                                                    <RelOp AvgRowSize="15" EstimateCPU="0.0811115" EstimateIO="0.142384" EstimateRebinds="0" EstimateRewinds="0" EstimatedExecutionMode="Row" EstimateRows="73595" EstimatedRowsRead="73595" LogicalOp="Index Scan" NodeId="16" Parallel="false" PhysicalOp="Index Scan" EstimatedTotalSubtreeCost="0.223496" TableCardinality="73595">
                                                      <OutputList>
                                                        <ColumnReference Database="[WideWorldImporters]" Schema="[Sales]" Table="[Orders]" Alias="[ordTotal]" Column="OrderID" />
                                                        <ColumnReference Database="[WideWorldImporters]" Schema="[Sales]" Table="[Orders]" Alias="[ordTotal]" Column="CustomerID" />
                                                      </OutputList>
                                                      <RunTimeInformation>
                                                        <RunTimeCountersPerThread Thread="0" ActualRows="73595" ActualRowsRead="73595" Batches="0" ActualEndOfScans="1" ActualExecutions="1" ActualExecutionMode="Row" ActualElapsedms="97" ActualCPUms="18" ActualScans="1" ActualLogicalReads="191" ActualPhysicalReads="1" ActualReadAheads="182" ActualLobLogicalReads="0" ActualLobPhysicalReads="0" ActualLobReadAheads="0" />
                                                      </RunTimeInformation>
                                                      <IndexScan Ordered="false" ForcedIndex="false" ForceSeek="false" ForceScan="false" NoExpandHint="false" Storage="RowStore">
                                                        <DefinedValues>
                                                          <DefinedValue>
                                                            <ColumnReference Database="[WideWorldImporters]" Schema="[Sales]" Table="[Orders]" Alias="[ordTotal]" Column="OrderID" />
                                                          </DefinedValue>
                                                          <DefinedValue>
                                                            <ColumnReference Database="[WideWorldImporters]" Schema="[Sales]" Table="[Orders]" Alias="[ordTotal]" Column="CustomerID" />
                                                          </DefinedValue>
                                                        </DefinedValues>
                                                        <Object Database="[WideWorldImporters]" Schema="[Sales]" Table="[Orders]" Index="[FK_Sales_Orders_CustomerID]" Alias="[ordTotal]" IndexKind="NonClustered" Storage="RowStore" />
                                                      </IndexScan>
                                                    </RelOp>
                                                    <Predicate>
                                                      <ScalarOperator ScalarString="PROBE([Opt_Bitmap1039],[WideWorldImporters].[Sales].[Orders].[OrderID] as [ordTotal].[OrderID])">
                                                        <Intrinsic FunctionName="PROBE">
                                                          <ScalarOperator>
                                                            <Identifier>
                                                              <ColumnReference Column="Opt_Bitmap1039" />
                                                            </Identifier>
                                                          </ScalarOperator>
                                                          <ScalarOperator>
                                                            <Identifier>
                                                              <ColumnReference Database="[WideWorldImporters]" Schema="[Sales]" Table="[Orders]" Alias="[ordTotal]" Column="OrderID" />
                                                            </Identifier>
                                                          </ScalarOperator>
                                                        </Intrinsic>
                                                      </ScalarOperator>
                                                    </Predicate>
                                                  </Filter>
                                                </RelOp>
                                              </Hash>
                                            </RelOp>
                                          </Hash>
                                        </RelOp>
                                      </ComputeScalar>
                                    </RelOp>
                                    <Predicate>
                                      <ScalarOperator ScalarString="[Expr1012]&gt;(250000.00)">
                                        <Compare CompareOp="GT">
                                          <ScalarOperator>
                                            <Identifier>
                                              <ColumnReference Column="Expr1012" />
                                            </Identifier>
                                          </ScalarOperator>
                                          <ScalarOperator>
                                            <Const ConstValue="(250000.00)" />
                                          </ScalarOperator>
                                        </Compare>
                                      </ScalarOperator>
                                    </Predicate>
                                  </Filter>
                                </RelOp>
                                <RelOp AvgRowSize="36" EstimateCPU="0.0058823" EstimateIO="0" EstimateRebinds="0" EstimateRewinds="0" EstimatedExecutionMode="Batch" EstimateRows="1384.25" LogicalOp="Inner Join" NodeId="17" Parallel="false" PhysicalOp="Hash Match" EstimatedTotalSubtreeCost="8.71706">
                                  <OutputList>
                                    <ColumnReference Database="[WideWorldImporters]" Schema="[Sales]" Table="[Orders]" Alias="[ord]" Column="CustomerID" />
                                    <ColumnReference Database="[WideWorldImporters]" Schema="[Sales]" Table="[OrderLines]" Alias="[det]" Column="StockItemID" />
                                    <ColumnReference Database="[WideWorldImporters]" Schema="[Sales]" Table="[OrderLines]" Alias="[det]" Column="Quantity" />
                                    <ColumnReference Database="[WideWorldImporters]" Schema="[Sales]" Table="[OrderLines]" Alias="[det]" Column="UnitPrice" />
                                    <ColumnReference Database="[WideWorldImporters]" Schema="[Sales]" Table="[Invoices]" Alias="[Inv]" Column="CustomerID" />
                                    <ColumnReference Database="[WideWorldImporters]" Schema="[Sales]" Table="[OrderLines]" Alias="[det]" Column="StockItemID" />
                                  </OutputList>
                                  <MemoryFractions Input="0.0124082" Output="0.0124082" />
                                  <RunTimeInformation>
                                    <RunTimeCountersPerThread Thread="0" ActualRows="7554" Batches="9" ActualEndOfScans="0" ActualExecutions="1" ActualExecutionMode="Batch" ActualElapsedms="5" ActualCPUms="5" ActualScans="0" ActualLogicalReads="0" ActualPhysicalReads="0" ActualReadAheads="0" ActualLobLogicalReads="0" ActualLobPhysicalReads="0" ActualLobReadAheads="0" />
                                  </RunTimeInformation>
                                  <Hash BitmapCreator="true">
                                    <DefinedValues>
                                      <DefinedValue>
                                        <ColumnReference Column="Opt_Bitmap1077" />
                                      </DefinedValue>
                                    </DefinedValues>
                                    <HashKeysBuild>
                                      <ColumnReference Database="[WideWorldImporters]" Schema="[Sales]" Table="[Invoices]" Alias="[Inv]" Column="InvoiceID" />
                                    </HashKeysBuild>
                                    <HashKeysProbe>
                                      <ColumnReference Database="[WideWorldImporters]" Schema="[Sales]" Table="[CustomerTransactions]" Alias="[Trans]" Column="InvoiceID" />
                                    </HashKeysProbe>
                                    <ProbeResidual>
                                      <ScalarOperator ScalarString="[WideWorldImporters].[Sales].[CustomerTransactions].[InvoiceID] as [Trans].[InvoiceID]=[WideWorldImporters].[Sales].[Invoices].[InvoiceID] as [Inv].[InvoiceID]">
                                        <Compare CompareOp="EQ">
                                          <ScalarOperator>
                                            <Identifier>
                                              <ColumnReference Database="[WideWorldImporters]" Schema="[Sales]" Table="[CustomerTransactions]" Alias="[Trans]" Column="InvoiceID" />
                                            </Identifier>
                                          </ScalarOperator>
                                          <ScalarOperator>
                                            <Identifier>
                                              <ColumnReference Database="[WideWorldImporters]" Schema="[Sales]" Table="[Invoices]" Alias="[Inv]" Column="InvoiceID" />
                                            </Identifier>
                                          </ScalarOperator>
                                        </Compare>
                                      </ScalarOperator>
                                    </ProbeResidual>
                                    <RelOp AvgRowSize="40" EstimateCPU="0.00695933" EstimateIO="0" EstimateRebinds="0" EstimateRewinds="0" EstimatedExecutionMode="Batch" EstimateRows="1549.36" LogicalOp="Inner Join" NodeId="18" Parallel="false" PhysicalOp="Hash Match" EstimatedTotalSubtreeCost="8.40401">
                                      <OutputList>
                                        <ColumnReference Database="[WideWorldImporters]" Schema="[Sales]" Table="[Orders]" Alias="[ord]" Column="CustomerID" />
                                        <ColumnReference Database="[WideWorldImporters]" Schema="[Sales]" Table="[OrderLines]" Alias="[det]" Column="StockItemID" />
                                        <ColumnReference Database="[WideWorldImporters]" Schema="[Sales]" Table="[OrderLines]" Alias="[det]" Column="Quantity" />
                                        <ColumnReference Database="[WideWorldImporters]" Schema="[Sales]" Table="[OrderLines]" Alias="[det]" Column="UnitPrice" />
                                        <ColumnReference Database="[WideWorldImporters]" Schema="[Sales]" Table="[Invoices]" Alias="[Inv]" Column="InvoiceID" />
                                        <ColumnReference Database="[WideWorldImporters]" Schema="[Sales]" Table="[Invoices]" Alias="[Inv]" Column="CustomerID" />
                                        <ColumnReference Database="[WideWorldImporters]" Schema="[Sales]" Table="[OrderLines]" Alias="[det]" Column="StockItemID" />
                                      </OutputList>
                                      <MemoryFractions Input="0.00641092" Output="0.00641092" />
                                      <RunTimeInformation>
                                        <RunTimeCountersPerThread Thread="0" ActualRows="7554" Batches="14" ActualEndOfScans="0" ActualExecutions="1" ActualExecutionMode="Batch" ActualElapsedms="9" ActualCPUms="9" ActualScans="0" ActualLogicalReads="0" ActualPhysicalReads="0" ActualReadAheads="0" ActualLobLogicalReads="0" ActualLobPhysicalReads="0" ActualLobReadAheads="0" />
                                      </RunTimeInformation>
                                      <Hash BitmapCreator="true">
                                        <DefinedValues>
                                          <DefinedValue>
                                            <ColumnReference Column="Opt_Bitmap1078" />
                                          </DefinedValue>
                                        </DefinedValues>
                                        <HashKeysBuild>
                                          <ColumnReference Database="[WideWorldImporters]" Schema="[Sales]" Table="[Invoices]" Alias="[Inv]" Column="OrderID" />
                                        </HashKeysBuild>
                                        <HashKeysProbe>
                                          <ColumnReference Database="[WideWorldImporters]" Schema="[Sales]" Table="[Orders]" Alias="[ord]" Column="OrderID" />
                                        </HashKeysProbe>
                                        <ProbeResidual>
                                          <ScalarOperator ScalarString="[WideWorldImporters].[Sales].[Orders].[OrderID] as [ord].[OrderID]=[WideWorldImporters].[Sales].[Invoices].[OrderID] as [Inv].[OrderID] AND [WideWorldImporters].[Sales].[Invoices].[BillToCustomerID] as [Inv].[BillToCustomerID]&lt;&gt;[WideWorldImporters].[Sales].[Orders].[CustomerID] as [ord].[CustomerID] AND datediff(day,[Expr1019],[Expr1018])=(0)">
                                            <Logical Operation="AND">
                                              <ScalarOperator>
                                                <Compare CompareOp="EQ">
                                                  <ScalarOperator>
                                                    <Identifier>
                                                      <ColumnReference Database="[WideWorldImporters]" Schema="[Sales]" Table="[Orders]" Alias="[ord]" Column="OrderID" />
                                                    </Identifier>
                                                  </ScalarOperator>
                                                  <ScalarOperator>
                                                    <Identifier>
                                                      <ColumnReference Database="[WideWorldImporters]" Schema="[Sales]" Table="[Invoices]" Alias="[Inv]" Column="OrderID" />
                                                    </Identifier>
                                                  </ScalarOperator>
                                                </Compare>
                                              </ScalarOperator>
                                              <ScalarOperator>
                                                <Compare CompareOp="NE">
                                                  <ScalarOperator>
                                                    <Identifier>
                                                      <ColumnReference Database="[WideWorldImporters]" Schema="[Sales]" Table="[Invoices]" Alias="[Inv]" Column="BillToCustomerID" />
                                                    </Identifier>
                                                  </ScalarOperator>
                                                  <ScalarOperator>
                                                    <Identifier>
                                                      <ColumnReference Database="[WideWorldImporters]" Schema="[Sales]" Table="[Orders]" Alias="[ord]" Column="CustomerID" />
                                                    </Identifier>
                                                  </ScalarOperator>
                                                </Compare>
                                              </ScalarOperator>
                                              <ScalarOperator>
                                                <Compare CompareOp="EQ">
                                                  <ScalarOperator>
                                                    <Intrinsic FunctionName="datediff">
                                                      <ScalarOperator>
                                                        <Const ConstValue="(4)" />
                                                      </ScalarOperator>
                                                      <ScalarOperator>
                                                        <Identifier>
                                                          <ColumnReference Column="Expr1019" />
                                                        </Identifier>
                                                      </ScalarOperator>
                                                      <ScalarOperator>
                                                        <Identifier>
                                                          <ColumnReference Column="Expr1018" />
                                                        </Identifier>
                                                      </ScalarOperator>
                                                    </Intrinsic>
                                                  </ScalarOperator>
                                                  <ScalarOperator>
                                                    <Const ConstValue="(0)" />
                                                  </ScalarOperator>
                                                </Compare>
                                              </ScalarOperator>
                                            </Logical>
                                          </ScalarOperator>
                                        </ProbeResidual>
                                        <RelOp AvgRowSize="55" EstimateCPU="0.000154936" EstimateIO="0" EstimateRebinds="0" EstimateRewinds="0" EstimatedExecutionMode="Row" EstimateRows="1549.36" LogicalOp="Compute Scalar" NodeId="19" Parallel="false" PhysicalOp="Compute Scalar" EstimatedTotalSubtreeCost="7.80067">
                                          <OutputList>
                                            <ColumnReference Database="[WideWorldImporters]" Schema="[Sales]" Table="[OrderLines]" Alias="[det]" Column="StockItemID" />
                                            <ColumnReference Database="[WideWorldImporters]" Schema="[Sales]" Table="[OrderLines]" Alias="[det]" Column="Quantity" />
                                            <ColumnReference Database="[WideWorldImporters]" Schema="[Sales]" Table="[OrderLines]" Alias="[det]" Column="UnitPrice" />
                                            <ColumnReference Database="[WideWorldImporters]" Schema="[Sales]" Table="[Invoices]" Alias="[Inv]" Column="InvoiceID" />
                                            <ColumnReference Database="[WideWorldImporters]" Schema="[Sales]" Table="[Invoices]" Alias="[Inv]" Column="CustomerID" />
                                            <ColumnReference Database="[WideWorldImporters]" Schema="[Sales]" Table="[Invoices]" Alias="[Inv]" Column="BillToCustomerID" />
                                            <ColumnReference Database="[WideWorldImporters]" Schema="[Sales]" Table="[Invoices]" Alias="[Inv]" Column="OrderID" />
                                            <ColumnReference Database="[WideWorldImporters]" Schema="[Sales]" Table="[OrderLines]" Alias="[det]" Column="StockItemID" />
                                            <ColumnReference Column="Expr1019" />
                                          </OutputList>
                                          <RunTimeInformation>
                                            <RunTimeCountersPerThread Thread="0" ActualRows="11767" Batches="14" ActualEndOfScans="0" ActualExecutions="1" ActualExecutionMode="Row" ActualElapsedms="2384" ActualCPUms="505" />
                                          </RunTimeInformation>
                                          <ComputeScalar>
                                            <DefinedValues>
                                              <DefinedValue>
                                                <ColumnReference Column="Expr1019" />
                                                <ScalarOperator ScalarString="CONVERT_IMPLICIT(datetimeoffset(7),[WideWorldImporters].[Sales].[Invoices].[InvoiceDate] as [Inv].[InvoiceDate],0)">
                                                  <Convert DataType="datetimeoffset" Scale="7" Style="0" Implicit="true">
                                                    <ScalarOperator>
                                                      <Identifier>
                                                        <ColumnReference Database="[WideWorldImporters]" Schema="[Sales]" Table="[Invoices]" Alias="[Inv]" Column="InvoiceDate" />
                                                      </Identifier>
                                                    </ScalarOperator>
                                                  </Convert>
                                                </ScalarOperator>
                                              </DefinedValue>
                                            </DefinedValues>
                                            <RelOp AvgRowSize="48" EstimateCPU="0.00647634" EstimateIO="0" EstimateRebinds="0" EstimateRewinds="0" EstimatedExecutionMode="Row" EstimateRows="1549.36" LogicalOp="Filter" NodeId="20" Parallel="false" PhysicalOp="Filter" EstimatedTotalSubtreeCost="7.80052">
                                              <OutputList>
                                                <ColumnReference Database="[WideWorldImporters]" Schema="[Sales]" Table="[OrderLines]" Alias="[det]" Column="StockItemID" />
                                                <ColumnReference Database="[WideWorldImporters]" Schema="[Sales]" Table="[OrderLines]" Alias="[det]" Column="Quantity" />
                                                <ColumnReference Database="[WideWorldImporters]" Schema="[Sales]" Table="[OrderLines]" Alias="[det]" Column="UnitPrice" />
                                                <ColumnReference Database="[WideWorldImporters]" Schema="[Sales]" Table="[Invoices]" Alias="[Inv]" Column="InvoiceID" />
                                                <ColumnReference Database="[WideWorldImporters]" Schema="[Sales]" Table="[Invoices]" Alias="[Inv]" Column="CustomerID" />
                                                <ColumnReference Database="[WideWorldImporters]" Schema="[Sales]" Table="[Invoices]" Alias="[Inv]" Column="BillToCustomerID" />
                                                <ColumnReference Database="[WideWorldImporters]" Schema="[Sales]" Table="[Invoices]" Alias="[Inv]" Column="OrderID" />
                                                <ColumnReference Database="[WideWorldImporters]" Schema="[Sales]" Table="[Invoices]" Alias="[Inv]" Column="InvoiceDate" />
                                                <ColumnReference Database="[WideWorldImporters]" Schema="[Sales]" Table="[OrderLines]" Alias="[det]" Column="StockItemID" />
                                              </OutputList>
                                              <RunTimeInformation>
                                                <RunTimeCountersPerThread Thread="0" ActualRows="11767" Batches="0" ActualEndOfScans="1" ActualExecutions="1" ActualExecutionMode="Row" ActualElapsedms="2368" ActualCPUms="488" />
                                              </RunTimeInformation>
                                              <Filter StartupExpression="false">
                                                <RelOp AvgRowSize="48" EstimateCPU="0.00647634" EstimateIO="0" EstimateRebinds="0" EstimateRewinds="0" EstimatedExecutionMode="Row" EstimateRows="1549.36" LogicalOp="Inner Join" NodeId="21" Parallel="false" PhysicalOp="Nested Loops" EstimatedTotalSubtreeCost="7.80052">
                                                  <OutputList>
                                                    <ColumnReference Database="[WideWorldImporters]" Schema="[Sales]" Table="[OrderLines]" Alias="[det]" Column="StockItemID" />
                                                    <ColumnReference Database="[WideWorldImporters]" Schema="[Sales]" Table="[OrderLines]" Alias="[det]" Column="Quantity" />
                                                    <ColumnReference Database="[WideWorldImporters]" Schema="[Sales]" Table="[OrderLines]" Alias="[det]" Column="UnitPrice" />
                                                    <ColumnReference Database="[WideWorldImporters]" Schema="[Sales]" Table="[Invoices]" Alias="[Inv]" Column="InvoiceID" />
                                                    <ColumnReference Database="[WideWorldImporters]" Schema="[Sales]" Table="[Invoices]" Alias="[Inv]" Column="CustomerID" />
                                                    <ColumnReference Database="[WideWorldImporters]" Schema="[Sales]" Table="[Invoices]" Alias="[Inv]" Column="BillToCustomerID" />
                                                    <ColumnReference Database="[WideWorldImporters]" Schema="[Sales]" Table="[Invoices]" Alias="[Inv]" Column="OrderID" />
                                                    <ColumnReference Database="[WideWorldImporters]" Schema="[Sales]" Table="[Invoices]" Alias="[Inv]" Column="InvoiceDate" />
                                                    <ColumnReference Database="[WideWorldImporters]" Schema="[Sales]" Table="[OrderLines]" Alias="[det]" Column="StockItemID" />
                                                  </OutputList>
                                                  <RunTimeInformation>
                                                    <RunTimeCountersPerThread Thread="0" ActualRows="15856" Batches="0" ActualEndOfScans="1" ActualExecutions="1" ActualExecutionMode="Row" ActualElapsedms="2361" ActualCPUms="481" />
                                                  </RunTimeInformation>
                                                  <NestedLoops Optimized="false" WithUnorderedPrefetch="true">
                                                    <OuterReferences>
                                                      <ColumnReference Database="[WideWorldImporters]" Schema="[Sales]" Table="[Invoices]" Alias="[Inv]" Column="InvoiceID" />
                                                      <ColumnReference Column="Expr1132" />
                                                    </OuterReferences>
                                                    <RelOp AvgRowSize="43" EstimateCPU="0.0257142" EstimateIO="0.0112613" EstimateRebinds="0" EstimateRewinds="0" EstimatedExecutionMode="Row" EstimateRows="1549.36" LogicalOp="Sort" NodeId="24" Parallel="false" PhysicalOp="Sort" EstimatedTotalSubtreeCost="3.17018">
                                                      <OutputList>
                                                        <ColumnReference Database="[WideWorldImporters]" Schema="[Sales]" Table="[OrderLines]" Alias="[det]" Column="StockItemID" />
                                                        <ColumnReference Database="[WideWorldImporters]" Schema="[Sales]" Table="[OrderLines]" Alias="[det]" Column="Quantity" />
                                                        <ColumnReference Database="[WideWorldImporters]" Schema="[Sales]" Table="[OrderLines]" Alias="[det]" Column="UnitPrice" />
                                                        <ColumnReference Database="[WideWorldImporters]" Schema="[Sales]" Table="[Invoices]" Alias="[Inv]" Column="InvoiceID" />
                                                        <ColumnReference Database="[WideWorldImporters]" Schema="[Sales]" Table="[Invoices]" Alias="[Inv]" Column="BillToCustomerID" />
                                                        <ColumnReference Database="[WideWorldImporters]" Schema="[Sales]" Table="[Invoices]" Alias="[Inv]" Column="OrderID" />
                                                        <ColumnReference Database="[WideWorldImporters]" Schema="[Sales]" Table="[Invoices]" Alias="[Inv]" Column="InvoiceDate" />
                                                      </OutputList>
                                                      <Warnings>
                                                        <SpillToTempDb SpillLevel="1" SpilledThreadCount="1" />
                                                        <SortSpillDetails GrantedMemoryKb="784" UsedMemoryKb="784" WritesToTempDb="85" ReadsFromTempDb="85" />
                                                      </Warnings>
                                                      <MemoryFractions Input="0.00351567" Output="0.0350533" />
                                                      <RunTimeInformation>
                                                        <RunTimeCountersPerThread Thread="0" ActualRebinds="1" ActualRewinds="0" ActualRows="15856" Batches="0" ActualEndOfScans="1" ActualExecutions="1" ActualExecutionMode="Row" ActualElapsedms="172" ActualCPUms="115" ActualScans="0" ActualLogicalReads="0" ActualPhysicalReads="0" ActualReadAheads="0" ActualLobLogicalReads="0" ActualLobPhysicalReads="0" ActualLobReadAheads="0" InputMemoryGrant="784" OutputMemoryGrant="2840" UsedMemoryGrant="784" />
                                                      </RunTimeInformation>
                                                      <Sort Distinct="false">
                                                        <OrderBy>
                                                          <OrderByColumn Ascending="true">
                                                            <ColumnReference Database="[WideWorldImporters]" Schema="[Sales]" Table="[Invoices]" Alias="[Inv]" Column="InvoiceID" />
                                                          </OrderByColumn>
                                                        </OrderBy>
                                                        <RelOp AvgRowSize="43" EstimateCPU="0.0647634" EstimateIO="0" EstimateRebinds="0" EstimateRewinds="0" EstimatedExecutionMode="Row" EstimateRows="1549.36" LogicalOp="Inner Join" NodeId="25" Parallel="false" PhysicalOp="Nested Loops" EstimatedTotalSubtreeCost="3.1332">
                                                          <OutputList>
                                                            <ColumnReference Database="[WideWorldImporters]" Schema="[Sales]" Table="[OrderLines]" Alias="[det]" Column="StockItemID" />
                                                            <ColumnReference Database="[WideWorldImporters]" Schema="[Sales]" Table="[OrderLines]" Alias="[det]" Column="Quantity" />
                                                            <ColumnReference Database="[WideWorldImporters]" Schema="[Sales]" Table="[OrderLines]" Alias="[det]" Column="UnitPrice" />
                                                            <ColumnReference Database="[WideWorldImporters]" Schema="[Sales]" Table="[Invoices]" Alias="[Inv]" Column="InvoiceID" />
                                                            <ColumnReference Database="[WideWorldImporters]" Schema="[Sales]" Table="[Invoices]" Alias="[Inv]" Column="BillToCustomerID" />
                                                            <ColumnReference Database="[WideWorldImporters]" Schema="[Sales]" Table="[Invoices]" Alias="[Inv]" Column="OrderID" />
                                                            <ColumnReference Database="[WideWorldImporters]" Schema="[Sales]" Table="[Invoices]" Alias="[Inv]" Column="InvoiceDate" />
                                                            <ColumnReference Database="[WideWorldImporters]" Schema="[Warehouse]" Table="[StockItems]" Alias="[It]" Column="StockItemID" />
                                                          </OutputList>
                                                          <MemoryFractions Input="0" Output="0.0283321" />
                                                          <RunTimeInformation>
                                                            <RunTimeCountersPerThread Thread="0" ActualRows="15856" Batches="0" ActualEndOfScans="1" ActualExecutions="1" ActualExecutionMode="Row" ActualElapsedms="113" ActualCPUms="85" />
                                                          </RunTimeInformation>
                                                          <NestedLoops Optimized="true" WithUnorderedPrefetch="true">
                                                            <OuterReferences>
                                                              <ColumnReference Database="[WideWorldImporters]" Schema="[Sales]" Table="[OrderLines]" Alias="[det]" Column="OrderID" />
                                                              <ColumnReference Column="Expr1131" />
                                                            </OuterReferences>
                                                            <RelOp AvgRowSize="32" EstimateCPU="0.0135637" EstimateIO="0" EstimateRebinds="0" EstimateRewinds="0" EstimatedExecutionMode="Batch" EstimateRows="15493.6" LogicalOp="Inner Join" NodeId="28" Parallel="false" PhysicalOp="Hash Match" EstimatedTotalSubtreeCost="0.0632423">
                                                              <OutputList>
                                                                <ColumnReference Database="[WideWorldImporters]" Schema="[Sales]" Table="[OrderLines]" Alias="[det]" Column="OrderID" />
                                                                <ColumnReference Database="[WideWorldImporters]" Schema="[Sales]" Table="[OrderLines]" Alias="[det]" Column="StockItemID" />
                                                                <ColumnReference Database="[WideWorldImporters]" Schema="[Sales]" Table="[OrderLines]" Alias="[det]" Column="Quantity" />
                                                                <ColumnReference Database="[WideWorldImporters]" Schema="[Sales]" Table="[OrderLines]" Alias="[det]" Column="UnitPrice" />
                                                                <ColumnReference Database="[WideWorldImporters]" Schema="[Warehouse]" Table="[StockItems]" Alias="[It]" Column="StockItemID" />
                                                              </OutputList>
                                                              <MemoryFractions Input="0.00320546" Output="0.00320546" />
                                                              <RunTimeInformation>
                                                                <RunTimeCountersPerThread Thread="0" ActualRows="15856" Batches="154" ActualEndOfScans="0" ActualExecutions="1" ActualExecutionMode="Batch" ActualElapsedms="0" ActualCPUms="0" ActualScans="0" ActualLogicalReads="0" ActualPhysicalReads="0" ActualReadAheads="0" ActualLobLogicalReads="0" ActualLobPhysicalReads="0" ActualLobReadAheads="0" />
                                                              </RunTimeInformation>
                                                              <Hash BitmapCreator="true">
                                                                <DefinedValues>
                                                                  <DefinedValue>
                                                                    <ColumnReference Column="Opt_Bitmap1034" />
                                                                  </DefinedValue>
                                                                </DefinedValues>
                                                                <HashKeysBuild>
                                                                  <ColumnReference Database="[WideWorldImporters]" Schema="[Warehouse]" Table="[StockItems]" Alias="[It]" Column="StockItemID" />
                                                                </HashKeysBuild>
                                                                <HashKeysProbe>
                                                                  <ColumnReference Database="[WideWorldImporters]" Schema="[Sales]" Table="[OrderLines]" Alias="[det]" Column="StockItemID" />
                                                                </HashKeysProbe>
                                                                <RelOp AvgRowSize="11" EstimateCPU="0.000173718" EstimateIO="0.003125" EstimateRebinds="0" EstimateRewinds="0" EstimatedExecutionMode="Row" EstimateRows="15.1982" EstimatedRowsRead="15.1982" LogicalOp="Index Seek" NodeId="29" Parallel="false" PhysicalOp="Index Seek" EstimatedTotalSubtreeCost="0.00329872" TableCardinality="230">
                                                                  <OutputList>
                                                                    <ColumnReference Database="[WideWorldImporters]" Schema="[Warehouse]" Table="[StockItems]" Alias="[It]" Column="StockItemID" />
                                                                  </OutputList>
                                                                  <RunTimeInformation>
                                                                    <RunTimeCountersPerThread Thread="0" ActualRows="15" ActualRowsRead="15" Batches="1" ActualEndOfScans="0" ActualExecutions="1" ActualExecutionMode="Row" ActualElapsedms="7" ActualCPUms="0" ActualScans="1" ActualLogicalReads="2" ActualPhysicalReads="1" ActualReadAheads="0" ActualLobLogicalReads="0" ActualLobPhysicalReads="0" ActualLobReadAheads="0" />
                                                                  </RunTimeInformation>
                                                                  <IndexScan Ordered="true" ScanDirection="FORWARD" ForcedIndex="false" ForceSeek="false" ForceScan="false" NoExpandHint="false" Storage="RowStore">
                                                                    <DefinedValues>
                                                                      <DefinedValue>
                                                                        <ColumnReference Database="[WideWorldImporters]" Schema="[Warehouse]" Table="[StockItems]" Alias="[It]" Column="StockItemID" />
                                                                      </DefinedValue>
                                                                    </DefinedValues>
                                                                    <Object Database="[WideWorldImporters]" Schema="[Warehouse]" Table="[StockItems]" Index="[FK_Warehouse_StockItems_SupplierID]" Alias="[It]" IndexKind="NonClustered" Storage="RowStore" />
                                                                    <SeekPredicates>
                                                                      <SeekPredicateNew>
                                                                        <SeekKeys>
                                                                          <Prefix ScanType="EQ">
                                                                            <RangeColumns>
                                                                              <ColumnReference Database="[WideWorldImporters]" Schema="[Warehouse]" Table="[StockItems]" Alias="[It]" Column="SupplierID" />
                                                                            </RangeColumns>
                                                                            <RangeExpressions>
                                                                              <ScalarOperator ScalarString="(12)">
                                                                                <Const ConstValue="(12)" />
                                                                              </ScalarOperator>
                                                                            </RangeExpressions>
                                                                          </Prefix>
                                                                        </SeekKeys>
                                                                      </SeekPredicateNew>
                                                                    </SeekPredicates>
                                                                  </IndexScan>
                                                                </RelOp>
                                                                <RelOp AvgRowSize="40" EstimateCPU="0.025471" EstimateIO="0.0209028" EstimateRebinds="0" EstimateRewinds="0" EstimatedExecutionMode="Batch" EstimateRows="15493.6" EstimatedRowsRead="231412" LogicalOp="Index Scan" NodeId="33" Parallel="false" PhysicalOp="Index Scan" EstimatedTotalSubtreeCost="0.0463738" TableCardinality="231412">
                                                                  <OutputList>
                                                                    <ColumnReference Database="[WideWorldImporters]" Schema="[Sales]" Table="[OrderLines]" Alias="[det]" Column="OrderLineID" />
                                                                    <ColumnReference Database="[WideWorldImporters]" Schema="[Sales]" Table="[OrderLines]" Alias="[det]" Column="OrderID" />
                                                                    <ColumnReference Database="[WideWorldImporters]" Schema="[Sales]" Table="[OrderLines]" Alias="[det]" Column="StockItemID" />
                                                                    <ColumnReference Database="[WideWorldImporters]" Schema="[Sales]" Table="[OrderLines]" Alias="[det]" Column="Quantity" />
                                                                    <ColumnReference Database="[WideWorldImporters]" Schema="[Sales]" Table="[OrderLines]" Alias="[det]" Column="UnitPrice" />
                                                                    <ColumnReference Column="Generation1128" />
                                                                  </OutputList>
                                                                  <RunTimeInformation>
                                                                    <RunTimeCountersPerThread Thread="0" ActualRows="15856" Batches="154" ActualEndOfScans="0" ActualExecutions="1" ActualExecutionMode="Batch" ActualElapsedms="2" ActualCPUms="1" ActualScans="1" ActualLogicalReads="0" ActualPhysicalReads="0" ActualReadAheads="0" ActualLobLogicalReads="0" ActualLobPhysicalReads="0" ActualLobReadAheads="0" SegmentReads="1" SegmentSkips="0" />
                                                                  </RunTimeInformation>
                                                                  <IndexScan Ordered="false" ForcedIndex="false" ForceSeek="false" ForceScan="false" NoExpandHint="false" Storage="ColumnStore">
                                                                    <DefinedValues>
                                                                      <DefinedValue>
                                                                        <ColumnReference Database="[WideWorldImporters]" Schema="[Sales]" Table="[OrderLines]" Alias="[det]" Column="OrderLineID" />
                                                                      </DefinedValue>
                                                                      <DefinedValue>
                                                                        <ColumnReference Database="[WideWorldImporters]" Schema="[Sales]" Table="[OrderLines]" Alias="[det]" Column="OrderID" />
                                                                      </DefinedValue>
                                                                      <DefinedValue>
                                                                        <ColumnReference Database="[WideWorldImporters]" Schema="[Sales]" Table="[OrderLines]" Alias="[det]" Column="StockItemID" />
                                                                      </DefinedValue>
                                                                      <DefinedValue>
                                                                        <ColumnReference Database="[WideWorldImporters]" Schema="[Sales]" Table="[OrderLines]" Alias="[det]" Column="Quantity" />
                                                                      </DefinedValue>
                                                                      <DefinedValue>
                                                                        <ColumnReference Database="[WideWorldImporters]" Schema="[Sales]" Table="[OrderLines]" Alias="[det]" Column="UnitPrice" />
                                                                      </DefinedValue>
                                                                      <DefinedValue>
                                                                        <ColumnReference Column="Generation1128" />
                                                                      </DefinedValue>
                                                                    </DefinedValues>
                                                                    <Object Database="[WideWorldImporters]" Schema="[Sales]" Table="[OrderLines]" Index="[NCCX_Sales_OrderLines]" Alias="[det]" IndexKind="NonClustered" Storage="ColumnStore" />
                                                                    <Predicate>
                                                                      <ScalarOperator ScalarString="PROBE([Opt_Bitmap1034],[WideWorldImporters].[Sales].[OrderLines].[StockItemID] as [det].[StockItemID])">
                                                                        <Intrinsic FunctionName="PROBE">
                                                                          <ScalarOperator>
                                                                            <Identifier>
                                                                              <ColumnReference Column="Opt_Bitmap1034" />
                                                                            </Identifier>
                                                                          </ScalarOperator>
                                                                          <ScalarOperator>
                                                                            <Identifier>
                                                                              <ColumnReference Database="[WideWorldImporters]" Schema="[Sales]" Table="[OrderLines]" Alias="[det]" Column="StockItemID" />
                                                                            </Identifier>
                                                                          </ScalarOperator>
                                                                        </Intrinsic>
                                                                      </ScalarOperator>
                                                                    </Predicate>
                                                                  </IndexScan>
                                                                </RelOp>
                                                              </Hash>
                                                            </RelOp>
                                                            <RelOp AvgRowSize="22" EstimateCPU="0.0001581" EstimateIO="0.003125" EstimateRebinds="15492.2" EstimateRewinds="0.424371" EstimatedExecutionMode="Row" EstimateRows="1" EstimatedRowsRead="1" LogicalOp="Index Seek" NodeId="34" Parallel="false" PhysicalOp="Index Seek" EstimatedTotalSubtreeCost="3.00512" TableCardinality="70510">
                                                              <OutputList>
                                                                <ColumnReference Database="[WideWorldImporters]" Schema="[Sales]" Table="[Invoices]" Alias="[Inv]" Column="InvoiceID" />
                                                                <ColumnReference Database="[WideWorldImporters]" Schema="[Sales]" Table="[Invoices]" Alias="[Inv]" Column="BillToCustomerID" />
                                                                <ColumnReference Database="[WideWorldImporters]" Schema="[Sales]" Table="[Invoices]" Alias="[Inv]" Column="OrderID" />
                                                                <ColumnReference Database="[WideWorldImporters]" Schema="[Sales]" Table="[Invoices]" Alias="[Inv]" Column="InvoiceDate" />
                                                              </OutputList>
                                                              <RunTimeInformation>
                                                                <RunTimeCountersPerThread Thread="0" ActualRows="15856" ActualRowsRead="15856" Batches="0" ActualEndOfScans="15856" ActualExecutions="15856" ActualExecutionMode="Row" ActualElapsedms="73" ActualCPUms="53" ActualScans="15856" ActualLogicalReads="31772" ActualPhysicalReads="10" ActualReadAheads="0" ActualLobLogicalReads="0" ActualLobPhysicalReads="0" ActualLobReadAheads="0" />
                                                              </RunTimeInformation>
                                                              <IndexScan Ordered="true" ScanDirection="FORWARD" ForcedIndex="false" ForceSeek="false" ForceScan="false" NoExpandHint="false" Storage="RowStore">
                                                                <DefinedValues>
                                                                  <DefinedValue>
                                                                    <ColumnReference Database="[WideWorldImporters]" Schema="[Sales]" Table="[Invoices]" Alias="[Inv]" Column="InvoiceID" />
                                                                  </DefinedValue>
                                                                  <DefinedValue>
                                                                    <ColumnReference Database="[WideWorldImporters]" Schema="[Sales]" Table="[Invoices]" Alias="[Inv]" Column="BillToCustomerID" />
                                                                  </DefinedValue>
                                                                  <DefinedValue>
                                                                    <ColumnReference Database="[WideWorldImporters]" Schema="[Sales]" Table="[Invoices]" Alias="[Inv]" Column="OrderID" />
                                                                  </DefinedValue>
                                                                  <DefinedValue>
                                                                    <ColumnReference Database="[WideWorldImporters]" Schema="[Sales]" Table="[Invoices]" Alias="[Inv]" Column="InvoiceDate" />
                                                                  </DefinedValue>
                                                                </DefinedValues>
                                                                <Object Database="[WideWorldImporters]" Schema="[Sales]" Table="[Invoices]" Index="[FK_Sales_Invoices_OrderID_Inc]" Alias="[Inv]" IndexKind="NonClustered" Storage="RowStore" />
                                                                <SeekPredicates>
                                                                  <SeekPredicateNew>
                                                                    <SeekKeys>
                                                                      <Prefix ScanType="EQ">
                                                                        <RangeColumns>
                                                                          <ColumnReference Database="[WideWorldImporters]" Schema="[Sales]" Table="[Invoices]" Alias="[Inv]" Column="OrderID" />
                                                                        </RangeColumns>
                                                                        <RangeExpressions>
                                                                          <ScalarOperator ScalarString="[WideWorldImporters].[Sales].[OrderLines].[OrderID] as [det].[OrderID]">
                                                                            <Identifier>
                                                                              <ColumnReference Database="[WideWorldImporters]" Schema="[Sales]" Table="[OrderLines]" Alias="[det]" Column="OrderID" />
                                                                            </Identifier>
                                                                          </ScalarOperator>
                                                                        </RangeExpressions>
                                                                      </Prefix>
                                                                    </SeekKeys>
                                                                  </SeekPredicateNew>
                                                                </SeekPredicates>
                                                              </IndexScan>
                                                            </RelOp>
                                                          </NestedLoops>
                                                        </RelOp>
                                                      </Sort>
                                                    </RelOp>
                                                    <RelOp AvgRowSize="11" EstimateCPU="0.0001581" EstimateIO="0.003125" EstimateRebinds="1548.36" EstimateRewinds="0" EstimatedExecutionMode="Row" EstimateRows="1" LogicalOp="Clustered Index Seek" NodeId="36" Parallel="false" PhysicalOp="Clustered Index Seek" EstimatedTotalSubtreeCost="4.62386" TableCardinality="70510">
                                                      <OutputList>
                                                        <ColumnReference Database="[WideWorldImporters]" Schema="[Sales]" Table="[Invoices]" Alias="[Inv]" Column="CustomerID" />
                                                      </OutputList>
                                                      <RunTimeInformation>
                                                        <RunTimeCountersPerThread Thread="0" ActualRows="15856" ActualRowsRead="15856" Batches="0" ActualEndOfScans="0" ActualExecutions="15856" ActualExecutionMode="Row" ActualElapsedms="30" ActualCPUms="30" ActualScans="0" ActualLogicalReads="15856" ActualPhysicalReads="0" ActualReadAheads="0" ActualLobLogicalReads="0" ActualLobPhysicalReads="0" ActualLobReadAheads="0" />
                                                      </RunTimeInformation>
                                                      <IndexScan Lookup="true" Ordered="true" ScanDirection="FORWARD" ForcedIndex="false" ForceSeek="false" ForceScan="false" NoExpandHint="false" Storage="RowStore">
                                                        <DefinedValues>
                                                          <DefinedValue>
                                                            <ColumnReference Database="[WideWorldImporters]" Schema="[Sales]" Table="[Invoices]" Alias="[Inv]" Column="CustomerID" />
                                                          </DefinedValue>
                                                        </DefinedValues>
                                                        <Object Database="[WideWorldImporters]" Schema="[Sales]" Table="[Invoices]" Index="[PK_Sales_Invoices]" Alias="[Inv]" TableReferenceId="-1" IndexKind="Clustered" Storage="RowStore" />
                                                        <SeekPredicates>
                                                          <SeekPredicateNew>
                                                            <SeekKeys>
                                                              <Prefix ScanType="EQ">
                                                                <RangeColumns>
                                                                  <ColumnReference Database="[WideWorldImporters]" Schema="[Sales]" Table="[Invoices]" Alias="[Inv]" Column="InvoiceID" />
                                                                </RangeColumns>
                                                                <RangeExpressions>
                                                                  <ScalarOperator ScalarString="[WideWorldImporters].[Sales].[Invoices].[InvoiceID] as [Inv].[InvoiceID]">
                                                                    <Identifier>
                                                                      <ColumnReference Database="[WideWorldImporters]" Schema="[Sales]" Table="[Invoices]" Alias="[Inv]" Column="InvoiceID" />
                                                                    </Identifier>
                                                                  </ScalarOperator>
                                                                </RangeExpressions>
                                                              </Prefix>
                                                            </SeekKeys>
                                                          </SeekPredicateNew>
                                                        </SeekPredicates>
                                                      </IndexScan>
                                                    </RelOp>
                                                  </NestedLoops>
                                                </RelOp>
                                                <Predicate>
                                                  <ScalarOperator ScalarString="PROBE([Opt_Bitmap1076],[WideWorldImporters].[Sales].[Invoices].[CustomerID] as [Inv].[CustomerID])">
                                                    <Intrinsic FunctionName="PROBE">
                                                      <ScalarOperator>
                                                        <Identifier>
                                                          <ColumnReference Column="Opt_Bitmap1076" />
                                                        </Identifier>
                                                      </ScalarOperator>
                                                      <ScalarOperator>
                                                        <Identifier>
                                                          <ColumnReference Database="[WideWorldImporters]" Schema="[Sales]" Table="[Invoices]" Alias="[Inv]" Column="CustomerID" />
                                                        </Identifier>
                                                      </ScalarOperator>
                                                    </Intrinsic>
                                                  </ScalarOperator>
                                                </Predicate>
                                              </Filter>
                                            </RelOp>
                                          </ComputeScalar>
                                        </RelOp>
                                        <RelOp AvgRowSize="25" EstimateCPU="7.3595E-06" EstimateIO="0" EstimateRebinds="0" EstimateRewinds="0" EstimatedExecutionMode="Batch" EstimateRows="735.95" LogicalOp="Compute Scalar" NodeId="37" Parallel="false" PhysicalOp="Compute Scalar" EstimatedTotalSubtreeCost="0.593574">
                                          <OutputList>
                                            <ColumnReference Database="[WideWorldImporters]" Schema="[Sales]" Table="[Orders]" Alias="[ord]" Column="OrderID" />
                                            <ColumnReference Database="[WideWorldImporters]" Schema="[Sales]" Table="[Orders]" Alias="[ord]" Column="CustomerID" />
                                            <ColumnReference Column="Expr1018" />
                                          </OutputList>
                                          <RunTimeInformation>
                                            <RunTimeCountersPerThread Thread="0" ActualRows="10722" Batches="12" ActualEndOfScans="0" ActualExecutions="1" ActualExecutionMode="Batch" ActualElapsedms="1" ActualCPUms="1" ActualScans="0" ActualLogicalReads="0" ActualPhysicalReads="0" ActualReadAheads="0" ActualLobLogicalReads="0" ActualLobPhysicalReads="0" ActualLobReadAheads="0" />
                                          </RunTimeInformation>
                                          <ComputeScalar>
                                            <DefinedValues>
                                              <DefinedValue>
                                                <ColumnReference Column="Expr1018" />
                                                <ScalarOperator ScalarString="CONVERT_IMPLICIT(datetimeoffset(7),[WideWorldImporters].[Sales].[Orders].[OrderDate] as [ord].[OrderDate],0)">
                                                  <Convert DataType="datetimeoffset" Scale="7" Style="0" Implicit="true">
                                                    <ScalarOperator>
                                                      <Identifier>
                                                        <ColumnReference Database="[WideWorldImporters]" Schema="[Sales]" Table="[Orders]" Alias="[ord]" Column="OrderDate" />
                                                      </Identifier>
                                                    </ScalarOperator>
                                                  </Convert>
                                                </ScalarOperator>
                                              </DefinedValue>
                                            </DefinedValues>
                                            <RelOp AvgRowSize="18" EstimateCPU="0.0811115" EstimateIO="0.512014" EstimateRebinds="0" EstimateRewinds="0" EstimatedExecutionMode="Row" EstimateRows="735.95" LogicalOp="Filter" NodeId="38" Parallel="false" PhysicalOp="Filter" EstimatedTotalSubtreeCost="0.593125">
                                              <OutputList>
                                                <ColumnReference Database="[WideWorldImporters]" Schema="[Sales]" Table="[Orders]" Alias="[ord]" Column="OrderID" />
                                                <ColumnReference Database="[WideWorldImporters]" Schema="[Sales]" Table="[Orders]" Alias="[ord]" Column="CustomerID" />
                                                <ColumnReference Database="[WideWorldImporters]" Schema="[Sales]" Table="[Orders]" Alias="[ord]" Column="OrderDate" />
                                              </OutputList>
                                              <RunTimeInformation>
                                                <RunTimeCountersPerThread Thread="0" ActualRows="10722" Batches="12" ActualEndOfScans="0" ActualExecutions="1" ActualExecutionMode="Row" ActualElapsedms="169" ActualCPUms="38" />
                                              </RunTimeInformation>
                                              <Filter StartupExpression="false">
                                                <RelOp AvgRowSize="18" EstimateCPU="0.0811115" EstimateIO="0.512014" EstimateRebinds="0" EstimateRewinds="0" EstimatedExecutionMode="Row" EstimateRows="73595" EstimatedRowsRead="73595" LogicalOp="Clustered Index Scan" NodeId="39" Parallel="false" PhysicalOp="Clustered Index Scan" EstimatedTotalSubtreeCost="0.593125" TableCardinality="73595">
                                                  <OutputList>
                                                    <ColumnReference Database="[WideWorldImporters]" Schema="[Sales]" Table="[Orders]" Alias="[ord]" Column="OrderID" />
                                                    <ColumnReference Database="[WideWorldImporters]" Schema="[Sales]" Table="[Orders]" Alias="[ord]" Column="CustomerID" />
                                                    <ColumnReference Database="[WideWorldImporters]" Schema="[Sales]" Table="[Orders]" Alias="[ord]" Column="OrderDate" />
                                                  </OutputList>
                                                  <RunTimeInformation>
                                                    <RunTimeCountersPerThread Thread="0" ActualRows="73595" ActualRowsRead="73595" Batches="0" ActualEndOfScans="1" ActualExecutions="1" ActualExecutionMode="Row" ActualElapsedms="156" ActualCPUms="25" ActualScans="1" ActualLogicalReads="692" ActualPhysicalReads="3" ActualReadAheads="434" ActualLobLogicalReads="0" ActualLobPhysicalReads="0" ActualLobReadAheads="0" />
                                                  </RunTimeInformation>
                                                  <IndexScan Ordered="false" ForcedIndex="false" ForceScan="false" NoExpandHint="false" Storage="RowStore">
                                                    <DefinedValues>
                                                      <DefinedValue>
                                                        <ColumnReference Database="[WideWorldImporters]" Schema="[Sales]" Table="[Orders]" Alias="[ord]" Column="OrderID" />
                                                      </DefinedValue>
                                                      <DefinedValue>
                                                        <ColumnReference Database="[WideWorldImporters]" Schema="[Sales]" Table="[Orders]" Alias="[ord]" Column="CustomerID" />
                                                      </DefinedValue>
                                                      <DefinedValue>
                                                        <ColumnReference Database="[WideWorldImporters]" Schema="[Sales]" Table="[Orders]" Alias="[ord]" Column="OrderDate" />
                                                      </DefinedValue>
                                                    </DefinedValues>
                                                    <Object Database="[WideWorldImporters]" Schema="[Sales]" Table="[Orders]" Index="[PK_Sales_Orders]" Alias="[ord]" IndexKind="Clustered" Storage="RowStore" />
                                                  </IndexScan>
                                                </RelOp>
                                                <Predicate>
                                                  <ScalarOperator ScalarString="PROBE([Opt_Bitmap1078],[WideWorldImporters].[Sales].[Orders].[OrderID] as [ord].[OrderID])">
                                                    <Intrinsic FunctionName="PROBE">
                                                      <ScalarOperator>
                                                        <Identifier>
                                                          <ColumnReference Column="Opt_Bitmap1078" />
                                                        </Identifier>
                                                      </ScalarOperator>
                                                      <ScalarOperator>
                                                        <Identifier>
                                                          <ColumnReference Database="[WideWorldImporters]" Schema="[Sales]" Table="[Orders]" Alias="[ord]" Column="OrderID" />
                                                        </Identifier>
                                                      </ScalarOperator>
                                                    </Intrinsic>
                                                  </ScalarOperator>
                                                </Predicate>
                                              </Filter>
                                            </RelOp>
                                          </ComputeScalar>
                                        </RelOp>
                                      </Hash>
                                    </RelOp>
                                    <RelOp AvgRowSize="11" EstimateCPU="0.107647" EstimateIO="0.199329" EstimateRebinds="0" EstimateRewinds="0" EstimatedExecutionMode="Row" EstimateRows="971.47" LogicalOp="Filter" NodeId="40" Parallel="false" PhysicalOp="Filter" EstimatedTotalSubtreeCost="0.306975">
                                      <OutputList>
                                        <ColumnReference Database="[WideWorldImporters]" Schema="[Sales]" Table="[CustomerTransactions]" Alias="[Trans]" Column="InvoiceID" />
                                      </OutputList>
                                      <RunTimeInformation>
                                        <RunTimeCountersPerThread Thread="0" ActualRows="6879" Batches="8" ActualEndOfScans="0" ActualExecutions="1" ActualExecutionMode="Row" ActualElapsedms="84" ActualCPUms="26" />
                                      </RunTimeInformation>
                                      <Filter StartupExpression="false">
                                        <RelOp AvgRowSize="11" EstimateCPU="0.107647" EstimateIO="0.199329" EstimateRebinds="0" EstimateRewinds="0" EstimatedExecutionMode="Row" EstimateRows="97147" EstimatedRowsRead="97147" LogicalOp="Index Scan" NodeId="41" Parallel="false" Partitioned="true" PhysicalOp="Index Scan" EstimatedTotalSubtreeCost="0.306975" TableCardinality="97147">
                                          <OutputList>
                                            <ColumnReference Database="[WideWorldImporters]" Schema="[Sales]" Table="[CustomerTransactions]" Alias="[Trans]" Column="InvoiceID" />
                                          </OutputList>
                                          <RunTimeInformation>
                                            <RunTimeCountersPerThread Thread="0" ActualRows="97147" ActualRowsRead="97147" Batches="0" ActualEndOfScans="1" ActualExecutions="1" ActualExecutionMode="Row" ActualElapsedms="76" ActualCPUms="18" ActualScans="5" ActualLogicalReads="261" ActualPhysicalReads="4" ActualReadAheads="253" ActualLobLogicalReads="0" ActualLobPhysicalReads="0" ActualLobReadAheads="0" />
                                          </RunTimeInformation>
                                          <RunTimePartitionSummary>
                                            <PartitionsAccessed PartitionCount="5">
                                              <PartitionRange Start="1" End="5" />
                                            </PartitionsAccessed>
                                          </RunTimePartitionSummary>
                                          <IndexScan Ordered="false" ForcedIndex="false" ForceSeek="false" ForceScan="false" NoExpandHint="false" Storage="RowStore">
                                            <DefinedValues>
                                              <DefinedValue>
                                                <ColumnReference Database="[WideWorldImporters]" Schema="[Sales]" Table="[CustomerTransactions]" Alias="[Trans]" Column="InvoiceID" />
                                              </DefinedValue>
                                            </DefinedValues>
                                            <Object Database="[WideWorldImporters]" Schema="[Sales]" Table="[CustomerTransactions]" Index="[FK_Sales_CustomerTransactions_InvoiceID]" Alias="[Trans]" IndexKind="NonClustered" Storage="RowStore" />
                                          </IndexScan>
                                        </RelOp>
                                        <Predicate>
                                          <ScalarOperator ScalarString="PROBE([Opt_Bitmap1077],[WideWorldImporters].[Sales].[CustomerTransactions].[InvoiceID] as [Trans].[InvoiceID])">
                                            <Intrinsic FunctionName="PROBE">
                                              <ScalarOperator>
                                                <Identifier>
                                                  <ColumnReference Column="Opt_Bitmap1077" />
                                                </Identifier>
                                              </ScalarOperator>
                                              <ScalarOperator>
                                                <Identifier>
                                                  <ColumnReference Database="[WideWorldImporters]" Schema="[Sales]" Table="[CustomerTransactions]" Alias="[Trans]" Column="InvoiceID" />
                                                </Identifier>
                                              </ScalarOperator>
                                            </Intrinsic>
                                          </ScalarOperator>
                                        </Predicate>
                                      </Filter>
                                    </RelOp>
                                  </Hash>
                                </RelOp>
                              </Hash>
                            </RelOp>
                            <RelOp AvgRowSize="11" EstimateCPU="0.0260491" EstimateIO="0.00831019" EstimateRebinds="0" EstimateRewinds="0" EstimatedExecutionMode="Batch" EstimateRows="23666.7" EstimatedRowsRead="23666.7" LogicalOp="Clustered Index Scan" NodeId="43" Parallel="false" PhysicalOp="Clustered Index Scan" EstimatedTotalSubtreeCost="0.0343593" TableCardinality="236667">
                              <OutputList>
                                <ColumnReference Database="[WideWorldImporters]" Schema="[Warehouse]" Table="[StockItemTransactions]" Alias="[ItemTrans]" Column="StockItemID" />
                              </OutputList>
                              <RunTimeInformation>
                                <RunTimeCountersPerThread Thread="0" ActualRows="15876" Batches="61" ActualEndOfScans="0" ActualExecutions="1" ActualExecutionMode="Batch" ActualElapsedms="21" ActualCPUms="2" ActualScans="1" ActualLogicalReads="0" ActualPhysicalReads="0" ActualReadAheads="0" ActualLobLogicalReads="0" ActualLobPhysicalReads="0" ActualLobReadAheads="0" SegmentReads="1" SegmentSkips="0" />
                              </RunTimeInformation>
                              <IndexScan Ordered="false" ForcedIndex="false" ForceSeek="false" ForceScan="false" NoExpandHint="false" Storage="ColumnStore">
                                <DefinedValues>
                                  <DefinedValue>
                                    <ColumnReference Database="[WideWorldImporters]" Schema="[Warehouse]" Table="[StockItemTransactions]" Alias="[ItemTrans]" Column="StockItemID" />
                                  </DefinedValue>
                                </DefinedValues>
                                <Object Database="[WideWorldImporters]" Schema="[Warehouse]" Table="[StockItemTransactions]" Index="[CCX_Warehouse_StockItemTransactions]" Alias="[ItemTrans]" IndexKind="Clustered" Storage="ColumnStore" />
                                <Predicate>
                                  <ScalarOperator ScalarString="PROBE([Opt_Bitmap1123],[WideWorldImporters].[Warehouse].[StockItemTransactions].[StockItemID] as [ItemTrans].[StockItemID])">
                                    <Intrinsic FunctionName="PROBE">
                                      <ScalarOperator>
                                        <Identifier>
                                          <ColumnReference Column="Opt_Bitmap1123" />
                                        </Identifier>
                                      </ScalarOperator>
                                      <ScalarOperator>
                                        <Identifier>
                                          <ColumnReference Database="[WideWorldImporters]" Schema="[Warehouse]" Table="[StockItemTransactions]" Alias="[ItemTrans]" Column="StockItemID" />
                                        </Identifier>
                                      </ScalarOperator>
                                    </Intrinsic>
                                  </ScalarOperator>
                                </Predicate>
                              </IndexScan>
                            </RelOp>
                          </Hash>
                        </RelOp>
                      </Hash>
                    </RelOp>
                  </ComputeScalar>
                </RelOp>
              </Sort>
            </RelOp>
          </QueryPlan>
        </StmtSimple>
      </Statements>
    </Batch>
    <Batch>
      <Statements>
        <StmtSimple StatementCompId="2" StatementEstRows="1321.45" StatementId="2" StatementOptmLevel="FULL" StatementOptmEarlyAbortReason="TimeOut" CardinalityEstimationModelVersion="130" StatementSubTreeCost="4.12742" StatementText="With CteCust AS &#xD;&#xA;(SELECT 	&#xD;&#xA;	CustomerID, OrderDate,&#xD;&#xA;	StockItemID, &#xD;&#xA;	UnitPrice, &#xD;&#xA;	Quantity, &#xD;&#xA;	OrderID, detSum&#xD;&#xA; FROM (Select &#xD;&#xA;		ord.CustomerID, &#xD;&#xA;		ord.OrderDate, &#xD;&#xA;		det.StockItemID, &#xD;&#xA;		det.UnitPrice, &#xD;&#xA;		det.Quantity, &#xD;&#xA;		ord.OrderID,&#xD;&#xA;		SUM(det.UnitPrice*det.Quantity) OVER (PARTITION BY ord.CustomerId) AS detSum&#xD;&#xA;	FROM Sales.Orders AS ord &#xD;&#xA;	JOIN Sales.OrderLines AS det &#xD;&#xA;		ON det.OrderID = ord.OrderID&#xD;&#xA;		)  AS o&#xD;&#xA;Where o.detSum &gt; 250000 &#xD;&#xA;	AND (Select &#xD;&#xA;			SupplierId &#xD;&#xA;		FROM Warehouse.StockItems AS It &#xD;&#xA;			Where It.StockItemID = o.StockItemID) = 12&#xD;&#xA;),&#xD;&#xA;CteInv As (Select det.CustomerID, OrderDate,&#xD;&#xA;	StockItemID, &#xD;&#xA;	UnitPrice, &#xD;&#xA;	Quantity, &#xD;&#xA;	det.OrderID, &#xD;&#xA;	Inv.InvoiceID&#xD;&#xA;	FROM CteCust AS det&#xD;&#xA;	JOIN Sales.Invoices AS Inv &#xD;&#xA;		ON Inv.OrderID = det.OrderID &#xD;&#xA;WHERE &#xD;&#xA;Inv.BillToCustomerID != det.CustomerID &#xD;&#xA;	AND &#xD;&#xA;	DATEDIFF(dd, Inv.InvoiceDate, det.OrderDate)  = 0&#xD;&#xA;)&#xD;&#xA;&#xD;&#xA;Select 	det.CustomerID, &#xD;&#xA;	det.StockItemID, &#xD;&#xA;	SUM(det.UnitPrice), &#xD;&#xA;	SUM(det.Quantity), &#xD;&#xA;	COUNT(det.OrderID) &#xD;&#xA;FROM CteInv as det &#xD;&#xA;	INNER JOIN Sales.CustomerTransactions AS Trans &#xD;&#xA;		ON Trans.InvoiceID = det.InvoiceID &#xD;&#xA;	INNER JOIN Warehouse.StockItemTransactions AS ItemTrans&#xD;&#xA;		ON ItemTrans.StockItemID = det.StockItemID &#xD;&#xA;GROUP BY det.CustomerID, det.StockItemID &#xD;&#xA;ORDER BY det.CustomerID, det.StockItemID" StatementType="SELECT" QueryHash="0x77DC9C7E384669A8" QueryPlanHash="0x7E6BD5721B68F0BC" RetrievedFromCache="true" StatementSqlHandle="0x0900BC231AC88A20D612FD1FA78535F173580000000000000000000000000000000000000000000000000000" DatabaseContextSettingsId="2" ParentObjectId="0" StatementParameterizationType="0" SecurityPolicyApplied="false">
          <StatementSetOptions ANSI_NULLS="true" ANSI_PADDING="true" ANSI_WARNINGS="true" ARITHABORT="true" CONCAT_NULL_YIELDS_NULL="true" NUMERIC_ROUNDABORT="false" QUOTED_IDENTIFIER="true" />
          <QueryPlan DegreeOfParallelism="4" MemoryGrant="187272" CachedPlanSize="312" CompileTime="32" CompileCPU="32" CompileMemory="2840">
            <ThreadStat Branches="1" UsedThreads="5">
              <ThreadReservation NodeId="0" ReservedThreads="6" />
            </ThreadStat>
            <MemoryGrantInfo SerialRequiredMemory="9528" SerialDesiredMemory="158520" RequiredMemory="38280" DesiredMemory="187272" RequestedMemory="187272" GrantWaitTime="0" GrantedMemory="187272" MaxUsedMemory="28416" MaxQueryMemory="481392" />
            <OptimizerHardwareDependentProperties EstimatedAvailableMemoryGrant="208499" EstimatedPagesCached="52124" EstimatedAvailableDegreeOfParallelism="2" MaxCompileMemory="1762064" />
            <OptimizerStatsUsage>
              <StatisticsInfo Database="[WideWorldImporters]" Schema="[Sales]" Table="[OrderLines]" Statistics="[IX_Sales_OrderLines_AllocatedStockItems]" ModificationCount="3062" SamplingPercent="28.1404" LastUpdate="2016-06-02T10:47:36.99" />
              <StatisticsInfo Database="[WideWorldImporters]" Schema="[Sales]" Table="[Orders]" Statistics="[FK_Sales_Orders_CustomerID]" ModificationCount="5262" SamplingPercent="100" LastUpdate="2016-06-02T10:36:24.94" />
              <StatisticsInfo Database="[WideWorldImporters]" Schema="[Sales]" Table="[Orders]" Statistics="[PK_Sales_Orders]" ModificationCount="3966" SamplingPercent="100" LastUpdate="2016-06-02T10:39:54.25" />
              <StatisticsInfo Database="[WideWorldImporters]" Schema="[Sales]" Table="[OrderLines]" Statistics="[FK_Sales_OrderLines_OrderID]" ModificationCount="9009" SamplingPercent="28.9394" LastUpdate="2016-06-02T10:42:55.35" />
              <StatisticsInfo Database="[WideWorldImporters]" Schema="[Sales]" Table="[CustomerTransactions]" Statistics="[FK_Sales_CustomerTransactions_InvoiceID]" ModificationCount="0" SamplingPercent="100" LastUpdate="2016-06-06T11:06:59.5" />
              <StatisticsInfo Database="[WideWorldImporters]" Schema="[Warehouse]" Table="[StockItems]" Statistics="[FK_Warehouse_StockItems_SupplierID]" ModificationCount="30" SamplingPercent="100" LastUpdate="2020-03-08T22:10:44.88" />
              <StatisticsInfo Database="[WideWorldImporters]" Schema="[Warehouse]" Table="[StockItemTransactions]" Statistics="[FK_Warehouse_StockItemTransactions_StockItemID]" ModificationCount="0" SamplingPercent="100" LastUpdate="2016-06-06T11:06:44.06" />
              <StatisticsInfo Database="[WideWorldImporters]" Schema="[Warehouse]" Table="[StockItems]" Statistics="[PK_Warehouse_StockItems]" ModificationCount="11" SamplingPercent="100" LastUpdate="2016-06-02T10:07:35.2" />
              <StatisticsInfo Database="[WideWorldImporters]" Schema="[Sales]" Table="[Invoices]" Statistics="[FK_Sales_Invoices_OrderID_Inc]" ModificationCount="0" SamplingPercent="100" LastUpdate="2020-06-21T18:59:38.64" />
              <StatisticsInfo Database="[WideWorldImporters]" Schema="[Sales]" Table="[Invoices]" Statistics="[PK_Sales_Invoices]" ModificationCount="0" SamplingPercent="17.2061" LastUpdate="2016-06-02T10:54:55.62" />
            </OptimizerStatsUsage>
            <WaitStats>
              <Wait WaitType="BMPBUILD" WaitTimeMs="2" WaitCount="30" />
              <Wait WaitType="HTREPARTITION" WaitTimeMs="3" WaitCount="36" />
              <Wait WaitType="HTBUILD" WaitTimeMs="3" WaitCount="42" />
              <Wait WaitType="EXECSYNC" WaitTimeMs="8" WaitCount="64" />
              <Wait WaitType="BPSORT" WaitTimeMs="19" WaitCount="144" />
              <Wait WaitType="HTMEMO" WaitTimeMs="35" WaitCount="6" />
              <Wait WaitType="ASYNC_NETWORK_IO" WaitTimeMs="221" WaitCount="21" />
              <Wait WaitType="HTDELETE" WaitTimeMs="865" WaitCount="42" />
            </WaitStats>
            <QueryTimeStats CpuTime="543" ElapsedTime="593" />
            <RelOp AvgRowSize="40" EstimateCPU="0.0389438" EstimateIO="0" EstimateRebinds="0" EstimateRewinds="0" EstimatedExecutionMode="Row" EstimateRows="1321.45" LogicalOp="Gather Streams" NodeId="0" Parallel="true" PhysicalOp="Parallelism" EstimatedTotalSubtreeCost="4.12742">
              <OutputList>
                <ColumnReference Database="[WideWorldImporters]" Schema="[Sales]" Table="[Orders]" Alias="[ord]" Column="CustomerID" />
                <ColumnReference Database="[WideWorldImporters]" Schema="[Sales]" Table="[OrderLines]" Alias="[det]" Column="StockItemID" />
                <ColumnReference Column="Expr1012" />
                <ColumnReference Column="Expr1013" />
                <ColumnReference Column="Expr1014" />
              </OutputList>
              <RunTimeInformation>
                <RunTimeCountersPerThread Thread="0" ActualRows="3619" Batches="0" ActualEndOfScans="1" ActualExecutions="1" ActualExecutionMode="Row" ActualElapsedms="370" ActualCPUms="0" />
              </RunTimeInformation>
              <Parallelism>
                <OrderBy>
                  <OrderByColumn Ascending="true">
                    <ColumnReference Database="[WideWorldImporters]" Schema="[Sales]" Table="[Orders]" Alias="[ord]" Column="CustomerID" />
                  </OrderByColumn>
                  <OrderByColumn Ascending="true">
                    <ColumnReference Database="[WideWorldImporters]" Schema="[Sales]" Table="[OrderLines]" Alias="[det]" Column="StockItemID" />
                  </OrderByColumn>
                </OrderBy>
                <RelOp AvgRowSize="40" EstimateCPU="0.00111867" EstimateIO="0.00187688" EstimateRebinds="0" EstimateRewinds="0" EstimatedExecutionMode="Batch" EstimateRows="1321.45" LogicalOp="Sort" NodeId="1" Parallel="true" PhysicalOp="Sort" EstimatedTotalSubtreeCost="4.08847">
                  <OutputList>
                    <ColumnReference Database="[WideWorldImporters]" Schema="[Sales]" Table="[Orders]" Alias="[ord]" Column="CustomerID" />
                    <ColumnReference Database="[WideWorldImporters]" Schema="[Sales]" Table="[OrderLines]" Alias="[det]" Column="StockItemID" />
                    <ColumnReference Column="Expr1012" />
                    <ColumnReference Column="Expr1013" />
                    <ColumnReference Column="Expr1014" />
                  </OutputList>
                  <MemoryFractions Input="1" Output="1" />
                  <RunTimeInformation>
                    <RunTimeCountersPerThread Thread="4" ActualRows="0" Batches="0" ActualEndOfScans="0" ActualExecutions="1" ActualExecutionMode="Batch" ActualElapsedms="1" ActualCPUms="0" ActualScans="0" ActualLogicalReads="0" ActualPhysicalReads="0" ActualReadAheads="0" ActualLobLogicalReads="0" ActualLobPhysicalReads="0" ActualLobReadAheads="0" />
                    <RunTimeCountersPerThread Thread="3" ActualRows="0" Batches="0" ActualEndOfScans="0" ActualExecutions="1" ActualExecutionMode="Batch" ActualElapsedms="2" ActualCPUms="0" ActualScans="0" ActualLogicalReads="0" ActualPhysicalReads="0" ActualReadAheads="0" ActualLobLogicalReads="0" ActualLobPhysicalReads="0" ActualLobReadAheads="0" />
                    <RunTimeCountersPerThread Thread="2" ActualRows="0" Batches="0" ActualEndOfScans="0" ActualExecutions="1" ActualExecutionMode="Batch" ActualElapsedms="2" ActualCPUms="0" ActualScans="0" ActualLogicalReads="0" ActualPhysicalReads="0" ActualReadAheads="0" ActualLobLogicalReads="0" ActualLobPhysicalReads="0" ActualLobReadAheads="0" />
                    <RunTimeCountersPerThread Thread="1" ActualRows="3619" Batches="5" ActualEndOfScans="0" ActualExecutions="1" ActualExecutionMode="Batch" ActualElapsedms="2" ActualCPUms="1" ActualScans="0" ActualLogicalReads="0" ActualPhysicalReads="0" ActualReadAheads="0" ActualLobLogicalReads="0" ActualLobPhysicalReads="0" ActualLobReadAheads="0" />
                    <RunTimeCountersPerThread Thread="0" ActualRows="0" Batches="0" ActualEndOfScans="0" ActualExecutions="0" ActualExecutionMode="Row" ActualElapsedms="0" ActualCPUms="0" />
                  </RunTimeInformation>
                  <Sort Distinct="false">
                    <OrderBy>
                      <OrderByColumn Ascending="true">
                        <ColumnReference Database="[WideWorldImporters]" Schema="[Sales]" Table="[Orders]" Alias="[ord]" Column="CustomerID" />
                      </OrderByColumn>
                      <OrderByColumn Ascending="true">
                        <ColumnReference Database="[WideWorldImporters]" Schema="[Sales]" Table="[OrderLines]" Alias="[det]" Column="StockItemID" />
                      </OrderByColumn>
                    </OrderBy>
                    <RelOp AvgRowSize="40" EstimateCPU="0" EstimateIO="0" EstimateRebinds="0" EstimateRewinds="0" EstimatedExecutionMode="Batch" EstimateRows="1321.45" LogicalOp="Compute Scalar" NodeId="2" Parallel="true" PhysicalOp="Compute Scalar" EstimatedTotalSubtreeCost="4.08547">
                      <OutputList>
                        <ColumnReference Database="[WideWorldImporters]" Schema="[Sales]" Table="[Orders]" Alias="[ord]" Column="CustomerID" />
                        <ColumnReference Database="[WideWorldImporters]" Schema="[Sales]" Table="[OrderLines]" Alias="[det]" Column="StockItemID" />
                        <ColumnReference Column="Expr1012" />
                        <ColumnReference Column="Expr1013" />
                        <ColumnReference Column="Expr1014" />
                      </OutputList>
                      <RunTimeInformation>
                        <RunTimeCountersPerThread Thread="4" ActualRows="934" Batches="2" ActualEndOfScans="0" ActualExecutions="1" ActualExecutionMode="Batch" ActualElapsedms="0" ActualCPUms="0" ActualScans="0" ActualLogicalReads="0" ActualPhysicalReads="0" ActualReadAheads="0" ActualLobLogicalReads="0" ActualLobPhysicalReads="0" ActualLobReadAheads="0" />
                        <RunTimeCountersPerThread Thread="3" ActualRows="450" Batches="1" ActualEndOfScans="0" ActualExecutions="1" ActualExecutionMode="Batch" ActualElapsedms="0" ActualCPUms="0" ActualScans="0" ActualLogicalReads="0" ActualPhysicalReads="0" ActualReadAheads="0" ActualLobLogicalReads="0" ActualLobPhysicalReads="0" ActualLobReadAheads="0" />
                        <RunTimeCountersPerThread Thread="2" ActualRows="1110" Batches="2" ActualEndOfScans="0" ActualExecutions="1" ActualExecutionMode="Batch" ActualElapsedms="0" ActualCPUms="0" ActualScans="0" ActualLogicalReads="0" ActualPhysicalReads="0" ActualReadAheads="0" ActualLobLogicalReads="0" ActualLobPhysicalReads="0" ActualLobReadAheads="0" />
                        <RunTimeCountersPerThread Thread="1" ActualRows="1125" Batches="2" ActualEndOfScans="0" ActualExecutions="1" ActualExecutionMode="Batch" ActualElapsedms="0" ActualCPUms="0" ActualScans="0" ActualLogicalReads="0" ActualPhysicalReads="0" ActualReadAheads="0" ActualLobLogicalReads="0" ActualLobPhysicalReads="0" ActualLobReadAheads="0" />
                        <RunTimeCountersPerThread Thread="0" ActualRows="0" Batches="0" ActualEndOfScans="0" ActualExecutions="0" ActualExecutionMode="Row" ActualElapsedms="0" ActualCPUms="0" />
                      </RunTimeInformation>
                      <ComputeScalar>
                        <DefinedValues>
                          <DefinedValue>
                            <ColumnReference Column="Expr1012" />
                            <ScalarOperator ScalarString="CASE WHEN [Expr1051]=(0) THEN NULL ELSE [Expr1052] END">
                              <IF>
                                <Condition>
                                  <ScalarOperator>
                                    <Compare CompareOp="EQ">
                                      <ScalarOperator>
                                        <Identifier>
                                          <ColumnReference Column="Expr1051" />
                                        </Identifier>
                                      </ScalarOperator>
                                      <ScalarOperator>
                                        <Const ConstValue="(0)" />
                                      </ScalarOperator>
                                    </Compare>
                                  </ScalarOperator>
                                </Condition>
                                <Then>
                                  <ScalarOperator>
                                    <Const ConstValue="NULL" />
                                  </ScalarOperator>
                                </Then>
                                <Else>
                                  <ScalarOperator>
                                    <Identifier>
                                      <ColumnReference Column="Expr1052" />
                                    </Identifier>
                                  </ScalarOperator>
                                </Else>
                              </IF>
                            </ScalarOperator>
                          </DefinedValue>
                          <DefinedValue>
                            <ColumnReference Column="Expr1014" />
                            <ScalarOperator ScalarString="CONVERT_IMPLICIT(int,[Expr1053],0)">
                              <Convert DataType="int" Style="0" Implicit="true">
                                <ScalarOperator>
                                  <Identifier>
                                    <ColumnReference Column="Expr1053" />
                                  </Identifier>
                                </ScalarOperator>
                              </Convert>
                            </ScalarOperator>
                          </DefinedValue>
                        </DefinedValues>
                        <RelOp AvgRowSize="40" EstimateCPU="1.48041" EstimateIO="0" EstimateRebinds="0" EstimateRewinds="0" EstimatedExecutionMode="Batch" EstimateRows="1321.45" LogicalOp="Aggregate" NodeId="3" Parallel="true" PhysicalOp="Hash Match" EstimatedTotalSubtreeCost="4.08547">
                          <OutputList>
                            <ColumnReference Database="[WideWorldImporters]" Schema="[Sales]" Table="[Orders]" Alias="[ord]" Column="CustomerID" />
                            <ColumnReference Database="[WideWorldImporters]" Schema="[Sales]" Table="[OrderLines]" Alias="[det]" Column="StockItemID" />
                            <ColumnReference Column="Expr1013" />
                            <ColumnReference Column="Expr1051" />
                            <ColumnReference Column="Expr1052" />
                            <ColumnReference Column="Expr1053" />
                          </OutputList>
                          <MemoryFractions Input="0.553211" Output="0.553211" />
                          <RunTimeInformation>
                            <RunTimeCountersPerThread Thread="4" ActualRows="934" Batches="2" ActualEndOfScans="0" ActualExecutions="1" ActualExecutionMode="Batch" ActualElapsedms="0" ActualCPUms="0" ActualScans="0" ActualLogicalReads="0" ActualPhysicalReads="0" ActualReadAheads="0" ActualLobLogicalReads="0" ActualLobPhysicalReads="0" ActualLobReadAheads="0" />
                            <RunTimeCountersPerThread Thread="3" ActualRows="450" Batches="1" ActualEndOfScans="0" ActualExecutions="1" ActualExecutionMode="Batch" ActualElapsedms="193" ActualCPUms="191" ActualScans="0" ActualLogicalReads="0" ActualPhysicalReads="0" ActualReadAheads="0" ActualLobLogicalReads="0" ActualLobPhysicalReads="0" ActualLobReadAheads="0" />
                            <RunTimeCountersPerThread Thread="2" ActualRows="1110" Batches="2" ActualEndOfScans="0" ActualExecutions="1" ActualExecutionMode="Batch" ActualElapsedms="32" ActualCPUms="31" ActualScans="0" ActualLogicalReads="0" ActualPhysicalReads="0" ActualReadAheads="0" ActualLobLogicalReads="0" ActualLobPhysicalReads="0" ActualLobReadAheads="0" />
                            <RunTimeCountersPerThread Thread="1" ActualRows="1125" Batches="2" ActualEndOfScans="0" ActualExecutions="1" ActualExecutionMode="Batch" ActualElapsedms="0" ActualCPUms="0" ActualScans="0" ActualLogicalReads="0" ActualPhysicalReads="0" ActualReadAheads="0" ActualLobLogicalReads="0" ActualLobPhysicalReads="0" ActualLobReadAheads="0" />
                            <RunTimeCountersPerThread Thread="0" ActualRows="0" Batches="0" ActualEndOfScans="0" ActualExecutions="0" ActualExecutionMode="Row" ActualElapsedms="0" ActualCPUms="0" />
                          </RunTimeInformation>
                          <Hash>
                            <DefinedValues>
                              <DefinedValue>
                                <ColumnReference Column="Expr1051" />
                                <ScalarOperator ScalarString="COUNT_BIG([WideWorldImporters].[Sales].[OrderLines].[UnitPrice] as [det].[UnitPrice])">
                                  <Aggregate AggType="COUNT_BIG" Distinct="false">
                                    <ScalarOperator>
                                      <Identifier>
                                        <ColumnReference Database="[WideWorldImporters]" Schema="[Sales]" Table="[OrderLines]" Alias="[det]" Column="UnitPrice" />
                                      </Identifier>
                                    </ScalarOperator>
                                  </Aggregate>
                                </ScalarOperator>
                              </DefinedValue>
                              <DefinedValue>
                                <ColumnReference Column="Expr1052" />
                                <ScalarOperator ScalarString="SUM([WideWorldImporters].[Sales].[OrderLines].[UnitPrice] as [det].[UnitPrice])">
                                  <Aggregate AggType="SUM" Distinct="false">
                                    <ScalarOperator>
                                      <Identifier>
                                        <ColumnReference Database="[WideWorldImporters]" Schema="[Sales]" Table="[OrderLines]" Alias="[det]" Column="UnitPrice" />
                                      </Identifier>
                                    </ScalarOperator>
                                  </Aggregate>
                                </ScalarOperator>
                              </DefinedValue>
                              <DefinedValue>
                                <ColumnReference Column="Expr1013" />
                                <ScalarOperator ScalarString="SUM([WideWorldImporters].[Sales].[OrderLines].[Quantity] as [det].[Quantity])">
                                  <Aggregate AggType="SUM" Distinct="false">
                                    <ScalarOperator>
                                      <Identifier>
                                        <ColumnReference Database="[WideWorldImporters]" Schema="[Sales]" Table="[OrderLines]" Alias="[det]" Column="Quantity" />
                                      </Identifier>
                                    </ScalarOperator>
                                  </Aggregate>
                                </ScalarOperator>
                              </DefinedValue>
                              <DefinedValue>
                                <ColumnReference Column="Expr1053" />
                                <ScalarOperator ScalarString="COUNT(*)">
                                  <Aggregate AggType="COUNT*" Distinct="false" />
                                </ScalarOperator>
                              </DefinedValue>
                            </DefinedValues>
                            <HashKeysBuild>
                              <ColumnReference Database="[WideWorldImporters]" Schema="[Sales]" Table="[Orders]" Alias="[ord]" Column="CustomerID" />
                              <ColumnReference Database="[WideWorldImporters]" Schema="[Sales]" Table="[OrderLines]" Alias="[det]" Column="StockItemID" />
                            </HashKeysBuild>
                            <BuildResidual>
                              <ScalarOperator ScalarString="[WideWorldImporters].[Sales].[Orders].[CustomerID] as [ord].[CustomerID] = [WideWorldImporters].[Sales].[Orders].[CustomerID] as [ord].[CustomerID] AND [WideWorldImporters].[Sales].[OrderLines].[StockItemID] as [det].[StockItemID] = [WideWorldImporters].[Sales].[OrderLines].[StockItemID] as [det].[StockItemID]">
                                <Logical Operation="AND">
                                  <ScalarOperator>
                                    <Compare CompareOp="IS">
                                      <ScalarOperator>
                                        <Identifier>
                                          <ColumnReference Database="[WideWorldImporters]" Schema="[Sales]" Table="[Orders]" Alias="[ord]" Column="CustomerID" />
                                        </Identifier>
                                      </ScalarOperator>
                                      <ScalarOperator>
                                        <Identifier>
                                          <ColumnReference Database="[WideWorldImporters]" Schema="[Sales]" Table="[Orders]" Alias="[ord]" Column="CustomerID" />
                                        </Identifier>
                                      </ScalarOperator>
                                    </Compare>
                                  </ScalarOperator>
                                  <ScalarOperator>
                                    <Compare CompareOp="IS">
                                      <ScalarOperator>
                                        <Identifier>
                                          <ColumnReference Database="[WideWorldImporters]" Schema="[Sales]" Table="[OrderLines]" Alias="[det]" Column="StockItemID" />
                                        </Identifier>
                                      </ScalarOperator>
                                      <ScalarOperator>
                                        <Identifier>
                                          <ColumnReference Database="[WideWorldImporters]" Schema="[Sales]" Table="[OrderLines]" Alias="[det]" Column="StockItemID" />
                                        </Identifier>
                                      </ScalarOperator>
                                    </Compare>
                                  </ScalarOperator>
                                </Logical>
                              </ScalarOperator>
                            </BuildResidual>
                            <RelOp AvgRowSize="28" EstimateCPU="0.38049" EstimateIO="0" EstimateRebinds="0" EstimateRewinds="0" EstimatedExecutionMode="Batch" EstimateRows="4329600" LogicalOp="Inner Join" NodeId="4" Parallel="true" PhysicalOp="Hash Match" EstimatedTotalSubtreeCost="2.60507">
                              <OutputList>
                                <ColumnReference Database="[WideWorldImporters]" Schema="[Sales]" Table="[Orders]" Alias="[ord]" Column="CustomerID" />
                                <ColumnReference Database="[WideWorldImporters]" Schema="[Sales]" Table="[OrderLines]" Alias="[det]" Column="StockItemID" />
                                <ColumnReference Database="[WideWorldImporters]" Schema="[Sales]" Table="[OrderLines]" Alias="[det]" Column="Quantity" />
                                <ColumnReference Database="[WideWorldImporters]" Schema="[Sales]" Table="[OrderLines]" Alias="[det]" Column="UnitPrice" />
                              </OutputList>
                              <MemoryFractions Input="0.550473" Output="0.550473" />
                              <RunTimeInformation>
                                <RunTimeCountersPerThread Thread="4" ActualRows="0" Batches="0" ActualEndOfScans="0" ActualExecutions="1" ActualExecutionMode="Batch" ActualElapsedms="303" ActualCPUms="0" ActualScans="0" ActualLogicalReads="0" ActualPhysicalReads="0" ActualReadAheads="0" ActualLobLogicalReads="0" ActualLobPhysicalReads="0" ActualLobReadAheads="0" />
                                <RunTimeCountersPerThread Thread="3" ActualRows="6848871" Batches="7645" ActualEndOfScans="0" ActualExecutions="1" ActualExecutionMode="Batch" ActualElapsedms="108" ActualCPUms="106" ActualScans="0" ActualLogicalReads="0" ActualPhysicalReads="0" ActualReadAheads="0" ActualLobLogicalReads="0" ActualLobPhysicalReads="0" ActualLobReadAheads="0" />
                                <RunTimeCountersPerThread Thread="2" ActualRows="1150387" Batches="1288" ActualEndOfScans="0" ActualExecutions="1" ActualExecutionMode="Batch" ActualElapsedms="271" ActualCPUms="18" ActualScans="0" ActualLogicalReads="0" ActualPhysicalReads="0" ActualReadAheads="0" ActualLobLogicalReads="0" ActualLobPhysicalReads="0" ActualLobReadAheads="0" />
                                <RunTimeCountersPerThread Thread="1" ActualRows="0" Batches="0" ActualEndOfScans="0" ActualExecutions="1" ActualExecutionMode="Batch" ActualElapsedms="303" ActualCPUms="0" ActualScans="0" ActualLogicalReads="0" ActualPhysicalReads="0" ActualReadAheads="0" ActualLobLogicalReads="0" ActualLobPhysicalReads="0" ActualLobReadAheads="0" />
                                <RunTimeCountersPerThread Thread="0" ActualRows="0" Batches="0" ActualEndOfScans="0" ActualExecutions="0" ActualExecutionMode="Row" ActualElapsedms="0" ActualCPUms="0" />
                              </RunTimeInformation>
                              <Hash BitmapCreator="true">
                                <DefinedValues>
                                  <DefinedValue>
                                    <ColumnReference Column="Opt_Bitmap1045" />
                                  </DefinedValue>
                                </DefinedValues>
                                <HashKeysBuild>
                                  <ColumnReference Database="[WideWorldImporters]" Schema="[Warehouse]" Table="[StockItems]" Alias="[It]" Column="StockItemID" />
                                </HashKeysBuild>
                                <HashKeysProbe>
                                  <ColumnReference Database="[WideWorldImporters]" Schema="[Warehouse]" Table="[StockItemTransactions]" Alias="[ItemTrans]" Column="StockItemID" />
                                </HashKeysProbe>
                                <RelOp AvgRowSize="32" EstimateCPU="0.00920281" EstimateIO="0" EstimateRebinds="0" EstimateRewinds="0" EstimatedExecutionMode="Batch" EstimateRows="4152.76" LogicalOp="Inner Join" NodeId="5" Parallel="true" PhysicalOp="Hash Match" EstimatedTotalSubtreeCost="2.20324">
                                  <OutputList>
                                    <ColumnReference Database="[WideWorldImporters]" Schema="[Sales]" Table="[Orders]" Alias="[ord]" Column="CustomerID" />
                                    <ColumnReference Database="[WideWorldImporters]" Schema="[Sales]" Table="[OrderLines]" Alias="[det]" Column="StockItemID" />
                                    <ColumnReference Database="[WideWorldImporters]" Schema="[Sales]" Table="[OrderLines]" Alias="[det]" Column="Quantity" />
                                    <ColumnReference Database="[WideWorldImporters]" Schema="[Sales]" Table="[OrderLines]" Alias="[det]" Column="UnitPrice" />
                                    <ColumnReference Database="[WideWorldImporters]" Schema="[Warehouse]" Table="[StockItems]" Alias="[It]" Column="StockItemID" />
                                  </OutputList>
                                  <MemoryFractions Input="0.546821" Output="0.546821" />
                                  <RunTimeInformation>
                                    <RunTimeCountersPerThread Thread="4" ActualRows="906" Batches="2" ActualEndOfScans="0" ActualExecutions="1" ActualExecutionMode="Batch" ActualElapsedms="4" ActualCPUms="1" ActualScans="0" ActualLogicalReads="0" ActualPhysicalReads="0" ActualReadAheads="0" ActualLobLogicalReads="0" ActualLobPhysicalReads="0" ActualLobReadAheads="0" />
                                    <RunTimeCountersPerThread Thread="3" ActualRows="2072" Batches="4" ActualEndOfScans="0" ActualExecutions="1" ActualExecutionMode="Batch" ActualElapsedms="2" ActualCPUms="1" ActualScans="0" ActualLogicalReads="0" ActualPhysicalReads="0" ActualReadAheads="0" ActualLobLogicalReads="0" ActualLobPhysicalReads="0" ActualLobReadAheads="0" />
                                    <RunTimeCountersPerThread Thread="2" ActualRows="2352" Batches="4" ActualEndOfScans="0" ActualExecutions="1" ActualExecutionMode="Batch" ActualElapsedms="1" ActualCPUms="1" ActualScans="0" ActualLogicalReads="0" ActualPhysicalReads="0" ActualReadAheads="0" ActualLobLogicalReads="0" ActualLobPhysicalReads="0" ActualLobReadAheads="0" />
                                    <RunTimeCountersPerThread Thread="1" ActualRows="2224" Batches="4" ActualEndOfScans="0" ActualExecutions="1" ActualExecutionMode="Batch" ActualElapsedms="2" ActualCPUms="0" ActualScans="0" ActualLogicalReads="0" ActualPhysicalReads="0" ActualReadAheads="0" ActualLobLogicalReads="0" ActualLobPhysicalReads="0" ActualLobReadAheads="0" />
                                    <RunTimeCountersPerThread Thread="0" ActualRows="0" Batches="0" ActualEndOfScans="0" ActualExecutions="0" ActualExecutionMode="Row" ActualElapsedms="0" ActualCPUms="0" />
                                  </RunTimeInformation>
                                  <Hash BitmapCreator="true">
                                    <DefinedValues>
                                      <DefinedValue>
                                        <ColumnReference Column="Opt_Bitmap1044" />
                                      </DefinedValue>
                                    </DefinedValues>
                                    <HashKeysBuild>
                                      <ColumnReference Database="[WideWorldImporters]" Schema="[Sales]" Table="[Invoices]" Alias="[Inv]" Column="InvoiceID" />
                                    </HashKeysBuild>
                                    <HashKeysProbe>
                                      <ColumnReference Database="[WideWorldImporters]" Schema="[Sales]" Table="[CustomerTransactions]" Alias="[Trans]" Column="InvoiceID" />
                                    </HashKeysProbe>
                                    <ProbeResidual>
                                      <ScalarOperator ScalarString="[WideWorldImporters].[Sales].[CustomerTransactions].[InvoiceID] as [Trans].[InvoiceID]=[WideWorldImporters].[Sales].[Invoices].[InvoiceID] as [Inv].[InvoiceID]">
                                        <Compare CompareOp="EQ">
                                          <ScalarOperator>
                                            <Identifier>
                                              <ColumnReference Database="[WideWorldImporters]" Schema="[Sales]" Table="[CustomerTransactions]" Alias="[Trans]" Column="InvoiceID" />
                                            </Identifier>
                                          </ScalarOperator>
                                          <ScalarOperator>
                                            <Identifier>
                                              <ColumnReference Database="[WideWorldImporters]" Schema="[Sales]" Table="[Invoices]" Alias="[Inv]" Column="InvoiceID" />
                                            </Identifier>
                                          </ScalarOperator>
                                        </Compare>
                                      </ScalarOperator>
                                    </ProbeResidual>
                                    <RelOp AvgRowSize="36" EstimateCPU="0.00852506" EstimateIO="0" EstimateRebinds="0" EstimateRewinds="0" EstimatedExecutionMode="Batch" EstimateRows="4648.09" LogicalOp="Inner Join" NodeId="6" Parallel="true" PhysicalOp="Hash Match" EstimatedTotalSubtreeCost="1.9396">
                                      <OutputList>
                                        <ColumnReference Database="[WideWorldImporters]" Schema="[Sales]" Table="[Orders]" Alias="[ord]" Column="CustomerID" />
                                        <ColumnReference Database="[WideWorldImporters]" Schema="[Sales]" Table="[OrderLines]" Alias="[det]" Column="StockItemID" />
                                        <ColumnReference Database="[WideWorldImporters]" Schema="[Sales]" Table="[OrderLines]" Alias="[det]" Column="Quantity" />
                                        <ColumnReference Database="[WideWorldImporters]" Schema="[Sales]" Table="[OrderLines]" Alias="[det]" Column="UnitPrice" />
                                        <ColumnReference Database="[WideWorldImporters]" Schema="[Warehouse]" Table="[StockItems]" Alias="[It]" Column="StockItemID" />
                                        <ColumnReference Database="[WideWorldImporters]" Schema="[Sales]" Table="[Invoices]" Alias="[Inv]" Column="InvoiceID" />
                                      </OutputList>
                                      <MemoryFractions Input="0.541452" Output="0.541452" />
                                      <RunTimeInformation>
                                        <RunTimeCountersPerThread Thread="4" ActualRows="1889" Batches="5" ActualEndOfScans="0" ActualExecutions="1" ActualExecutionMode="Batch" ActualElapsedms="3" ActualCPUms="1" ActualScans="0" ActualLogicalReads="0" ActualPhysicalReads="0" ActualReadAheads="0" ActualLobLogicalReads="0" ActualLobPhysicalReads="0" ActualLobReadAheads="0" />
                                        <RunTimeCountersPerThread Thread="3" ActualRows="1957" Batches="5" ActualEndOfScans="0" ActualExecutions="1" ActualExecutionMode="Batch" ActualElapsedms="3" ActualCPUms="1" ActualScans="0" ActualLogicalReads="0" ActualPhysicalReads="0" ActualReadAheads="0" ActualLobLogicalReads="0" ActualLobPhysicalReads="0" ActualLobReadAheads="0" />
                                        <RunTimeCountersPerThread Thread="2" ActualRows="1983" Batches="5" ActualEndOfScans="0" ActualExecutions="1" ActualExecutionMode="Batch" ActualElapsedms="3" ActualCPUms="3" ActualScans="0" ActualLogicalReads="0" ActualPhysicalReads="0" ActualReadAheads="0" ActualLobLogicalReads="0" ActualLobPhysicalReads="0" ActualLobReadAheads="0" />
                                        <RunTimeCountersPerThread Thread="1" ActualRows="1725" Batches="4" ActualEndOfScans="0" ActualExecutions="1" ActualExecutionMode="Batch" ActualElapsedms="3" ActualCPUms="1" ActualScans="0" ActualLogicalReads="0" ActualPhysicalReads="0" ActualReadAheads="0" ActualLobLogicalReads="0" ActualLobPhysicalReads="0" ActualLobReadAheads="0" />
                                        <RunTimeCountersPerThread Thread="0" ActualRows="0" Batches="0" ActualEndOfScans="0" ActualExecutions="0" ActualExecutionMode="Row" ActualElapsedms="0" ActualCPUms="0" />
                                      </RunTimeInformation>
                                      <Hash BitmapCreator="true">
                                        <DefinedValues>
                                          <DefinedValue>
                                            <ColumnReference Column="Opt_Bitmap1042" />
                                          </DefinedValue>
                                        </DefinedValues>
                                        <HashKeysBuild>
                                          <ColumnReference Database="[WideWorldImporters]" Schema="[Sales]" Table="[Orders]" Alias="[ord]" Column="OrderID" />
                                        </HashKeysBuild>
                                        <HashKeysProbe>
                                          <ColumnReference Database="[WideWorldImporters]" Schema="[Sales]" Table="[Invoices]" Alias="[Inv]" Column="OrderID" />
                                        </HashKeysProbe>
                                        <ProbeResidual>
                                          <ScalarOperator ScalarString="[WideWorldImporters].[Sales].[Orders].[OrderID] as [ord].[OrderID]=[WideWorldImporters].[Sales].[Invoices].[OrderID] as [Inv].[OrderID] AND [WideWorldImporters].[Sales].[Invoices].[BillToCustomerID] as [Inv].[BillToCustomerID]&lt;&gt;[WideWorldImporters].[Sales].[Orders].[CustomerID] as [ord].[CustomerID] AND datediff(day,[Expr1017],[Expr1016])=(0)">
                                            <Logical Operation="AND">
                                              <ScalarOperator>
                                                <Compare CompareOp="EQ">
                                                  <ScalarOperator>
                                                    <Identifier>
                                                      <ColumnReference Database="[WideWorldImporters]" Schema="[Sales]" Table="[Orders]" Alias="[ord]" Column="OrderID" />
                                                    </Identifier>
                                                  </ScalarOperator>
                                                  <ScalarOperator>
                                                    <Identifier>
                                                      <ColumnReference Database="[WideWorldImporters]" Schema="[Sales]" Table="[Invoices]" Alias="[Inv]" Column="OrderID" />
                                                    </Identifier>
                                                  </ScalarOperator>
                                                </Compare>
                                              </ScalarOperator>
                                              <ScalarOperator>
                                                <Compare CompareOp="NE">
                                                  <ScalarOperator>
                                                    <Identifier>
                                                      <ColumnReference Database="[WideWorldImporters]" Schema="[Sales]" Table="[Invoices]" Alias="[Inv]" Column="BillToCustomerID" />
                                                    </Identifier>
                                                  </ScalarOperator>
                                                  <ScalarOperator>
                                                    <Identifier>
                                                      <ColumnReference Database="[WideWorldImporters]" Schema="[Sales]" Table="[Orders]" Alias="[ord]" Column="CustomerID" />
                                                    </Identifier>
                                                  </ScalarOperator>
                                                </Compare>
                                              </ScalarOperator>
                                              <ScalarOperator>
                                                <Compare CompareOp="EQ">
                                                  <ScalarOperator>
                                                    <Intrinsic FunctionName="datediff">
                                                      <ScalarOperator>
                                                        <Const ConstValue="(4)" />
                                                      </ScalarOperator>
                                                      <ScalarOperator>
                                                        <Identifier>
                                                          <ColumnReference Column="Expr1017" />
                                                        </Identifier>
                                                      </ScalarOperator>
                                                      <ScalarOperator>
                                                        <Identifier>
                                                          <ColumnReference Column="Expr1016" />
                                                        </Identifier>
                                                      </ScalarOperator>
                                                    </Intrinsic>
                                                  </ScalarOperator>
                                                  <ScalarOperator>
                                                    <Const ConstValue="(0)" />
                                                  </ScalarOperator>
                                                </Compare>
                                              </ScalarOperator>
                                            </Logical>
                                          </ScalarOperator>
                                        </ProbeResidual>
                                        <RelOp AvgRowSize="46" EstimateCPU="0.00372652" EstimateIO="0" EstimateRebinds="0" EstimateRewinds="0" EstimatedExecutionMode="Batch" EstimateRows="4648.09" LogicalOp="Inner Join" NodeId="7" Parallel="true" PhysicalOp="Hash Match" EstimatedTotalSubtreeCost="1.75249">
                                          <OutputList>
                                            <ColumnReference Database="[WideWorldImporters]" Schema="[Sales]" Table="[Orders]" Alias="[ord]" Column="OrderID" />
                                            <ColumnReference Database="[WideWorldImporters]" Schema="[Sales]" Table="[Orders]" Alias="[ord]" Column="CustomerID" />
                                            <ColumnReference Database="[WideWorldImporters]" Schema="[Sales]" Table="[OrderLines]" Alias="[det]" Column="StockItemID" />
                                            <ColumnReference Database="[WideWorldImporters]" Schema="[Sales]" Table="[OrderLines]" Alias="[det]" Column="Quantity" />
                                            <ColumnReference Database="[WideWorldImporters]" Schema="[Sales]" Table="[OrderLines]" Alias="[det]" Column="UnitPrice" />
                                            <ColumnReference Database="[WideWorldImporters]" Schema="[Warehouse]" Table="[StockItems]" Alias="[It]" Column="StockItemID" />
                                            <ColumnReference Column="Expr1016" />
                                          </OutputList>
                                          <MemoryFractions Input="0.540593" Output="0.540593" />
                                          <RunTimeInformation>
                                            <RunTimeCountersPerThread Thread="4" ActualRows="2626" Batches="63" ActualEndOfScans="0" ActualExecutions="1" ActualExecutionMode="Batch" ActualElapsedms="1" ActualCPUms="0" ActualScans="0" ActualLogicalReads="0" ActualPhysicalReads="0" ActualReadAheads="0" ActualLobLogicalReads="0" ActualLobPhysicalReads="0" ActualLobReadAheads="0" />
                                            <RunTimeCountersPerThread Thread="3" ActualRows="2983" Batches="65" ActualEndOfScans="0" ActualExecutions="1" ActualExecutionMode="Batch" ActualElapsedms="1" ActualCPUms="0" ActualScans="0" ActualLogicalReads="0" ActualPhysicalReads="0" ActualReadAheads="0" ActualLobLogicalReads="0" ActualLobPhysicalReads="0" ActualLobReadAheads="0" />
                                            <RunTimeCountersPerThread Thread="2" ActualRows="3335" Batches="68" ActualEndOfScans="0" ActualExecutions="1" ActualExecutionMode="Batch" ActualElapsedms="0" ActualCPUms="0" ActualScans="0" ActualLogicalReads="0" ActualPhysicalReads="0" ActualReadAheads="0" ActualLobLogicalReads="0" ActualLobPhysicalReads="0" ActualLobReadAheads="0" />
                                            <RunTimeCountersPerThread Thread="1" ActualRows="2823" Batches="62" ActualEndOfScans="0" ActualExecutions="1" ActualExecutionMode="Batch" ActualElapsedms="1" ActualCPUms="0" ActualScans="0" ActualLogicalReads="0" ActualPhysicalReads="0" ActualReadAheads="0" ActualLobLogicalReads="0" ActualLobPhysicalReads="0" ActualLobReadAheads="0" />
                                            <RunTimeCountersPerThread Thread="0" ActualRows="0" Batches="0" ActualEndOfScans="0" ActualExecutions="0" ActualExecutionMode="Row" ActualElapsedms="0" ActualCPUms="0" />
                                          </RunTimeInformation>
                                          <Hash BitmapCreator="true">
                                            <DefinedValues>
                                              <DefinedValue>
                                                <ColumnReference Column="Opt_Bitmap1035" />
                                              </DefinedValue>
                                            </DefinedValues>
                                            <HashKeysBuild>
                                              <ColumnReference Database="[WideWorldImporters]" Schema="[Warehouse]" Table="[StockItems]" Alias="[It]" Column="StockItemID" />
                                            </HashKeysBuild>
                                            <HashKeysProbe>
                                              <ColumnReference Database="[WideWorldImporters]" Schema="[Sales]" Table="[OrderLines]" Alias="[det]" Column="StockItemID" />
                                            </HashKeysProbe>
                                            <RelOp AvgRowSize="11" EstimateCPU="0.0285285" EstimateIO="0" EstimateRebinds="0" EstimateRewinds="0" EstimatedExecutionMode="Row" EstimateRows="15.1982" LogicalOp="Distribute Streams" NodeId="8" Parallel="true" PhysicalOp="Parallelism" EstimatedTotalSubtreeCost="0.0318272">
                                              <OutputList>
                                                <ColumnReference Database="[WideWorldImporters]" Schema="[Warehouse]" Table="[StockItems]" Alias="[It]" Column="StockItemID" />
                                              </OutputList>
                                              <RunTimeInformation>
                                                <RunTimeCountersPerThread Thread="4" ActualRows="3" Batches="1" ActualEndOfScans="0" ActualExecutions="1" ActualExecutionMode="Row" ActualElapsedms="0" ActualCPUms="0" />
                                                <RunTimeCountersPerThread Thread="3" ActualRows="4" Batches="1" ActualEndOfScans="0" ActualExecutions="1" ActualExecutionMode="Row" ActualElapsedms="0" ActualCPUms="0" />
                                                <RunTimeCountersPerThread Thread="2" ActualRows="4" Batches="1" ActualEndOfScans="0" ActualExecutions="1" ActualExecutionMode="Row" ActualElapsedms="0" ActualCPUms="0" />
                                                <RunTimeCountersPerThread Thread="1" ActualRows="4" Batches="1" ActualEndOfScans="0" ActualExecutions="1" ActualExecutionMode="Row" ActualElapsedms="0" ActualCPUms="0" />
                                                <RunTimeCountersPerThread Thread="0" ActualRows="0" Batches="0" ActualEndOfScans="0" ActualExecutions="0" ActualExecutionMode="Row" ActualElapsedms="0" ActualCPUms="0" />
                                              </RunTimeInformation>
                                              <Parallelism PartitioningType="RoundRobin">
                                                <RelOp AvgRowSize="11" EstimateCPU="0.000173718" EstimateIO="0.003125" EstimateRebinds="0" EstimateRewinds="0" EstimatedExecutionMode="Row" EstimateRows="15.1982" EstimatedRowsRead="15.1982" LogicalOp="Index Seek" NodeId="9" Parallel="false" PhysicalOp="Index Seek" EstimatedTotalSubtreeCost="0.00329872" TableCardinality="230">
                                                  <OutputList>
                                                    <ColumnReference Database="[WideWorldImporters]" Schema="[Warehouse]" Table="[StockItems]" Alias="[It]" Column="StockItemID" />
                                                  </OutputList>
                                                  <RunTimeInformation>
                                                    <RunTimeCountersPerThread Thread="1" ActualRows="15" ActualRowsRead="15" Batches="0" ActualEndOfScans="1" ActualExecutions="1" ActualExecutionMode="Row" ActualElapsedms="0" ActualCPUms="0" ActualScans="1" ActualLogicalReads="2" ActualPhysicalReads="0" ActualReadAheads="0" ActualLobLogicalReads="0" ActualLobPhysicalReads="0" ActualLobReadAheads="0" />
                                                    <RunTimeCountersPerThread Thread="0" ActualRows="0" Batches="0" ActualEndOfScans="0" ActualExecutions="0" ActualExecutionMode="Row" ActualElapsedms="0" ActualCPUms="0" ActualScans="0" ActualLogicalReads="0" ActualPhysicalReads="0" ActualReadAheads="0" ActualLobLogicalReads="0" ActualLobPhysicalReads="0" ActualLobReadAheads="0" />
                                                  </RunTimeInformation>
                                                  <IndexScan Ordered="true" ScanDirection="FORWARD" ForcedIndex="false" ForceSeek="false" ForceScan="false" NoExpandHint="false" Storage="RowStore">
                                                    <DefinedValues>
                                                      <DefinedValue>
                                                        <ColumnReference Database="[WideWorldImporters]" Schema="[Warehouse]" Table="[StockItems]" Alias="[It]" Column="StockItemID" />
                                                      </DefinedValue>
                                                    </DefinedValues>
                                                    <Object Database="[WideWorldImporters]" Schema="[Warehouse]" Table="[StockItems]" Index="[FK_Warehouse_StockItems_SupplierID]" Alias="[It]" IndexKind="NonClustered" Storage="RowStore" />
                                                    <SeekPredicates>
                                                      <SeekPredicateNew>
                                                        <SeekKeys>
                                                          <Prefix ScanType="EQ">
                                                            <RangeColumns>
                                                              <ColumnReference Database="[WideWorldImporters]" Schema="[Warehouse]" Table="[StockItems]" Alias="[It]" Column="SupplierID" />
                                                            </RangeColumns>
                                                            <RangeExpressions>
                                                              <ScalarOperator ScalarString="(12)">
                                                                <Const ConstValue="(12)" />
                                                              </ScalarOperator>
                                                            </RangeExpressions>
                                                          </Prefix>
                                                        </SeekKeys>
                                                      </SeekPredicateNew>
                                                    </SeekPredicates>
                                                  </IndexScan>
                                                </RelOp>
                                              </Parallelism>
                                            </RelOp>
                                            <RelOp AvgRowSize="42" EstimateCPU="0.000555389" EstimateIO="0" EstimateRebinds="0" EstimateRewinds="0" EstimatedExecutionMode="Batch" EstimateRows="6942.36" LogicalOp="Filter" NodeId="10" Parallel="true" PhysicalOp="Filter" EstimatedTotalSubtreeCost="1.71694">
                                              <OutputList>
                                                <ColumnReference Database="[WideWorldImporters]" Schema="[Sales]" Table="[Orders]" Alias="[ord]" Column="OrderID" />
                                                <ColumnReference Database="[WideWorldImporters]" Schema="[Sales]" Table="[Orders]" Alias="[ord]" Column="CustomerID" />
                                                <ColumnReference Database="[WideWorldImporters]" Schema="[Sales]" Table="[OrderLines]" Alias="[det]" Column="StockItemID" />
                                                <ColumnReference Database="[WideWorldImporters]" Schema="[Sales]" Table="[OrderLines]" Alias="[det]" Column="Quantity" />
                                                <ColumnReference Database="[WideWorldImporters]" Schema="[Sales]" Table="[OrderLines]" Alias="[det]" Column="UnitPrice" />
                                                <ColumnReference Column="Expr1016" />
                                              </OutputList>
                                              <RunTimeInformation>
                                                <RunTimeCountersPerThread Thread="4" ActualRows="2626" Batches="63" ActualEndOfScans="0" ActualExecutions="1" ActualExecutionMode="Batch" ActualElapsedms="0" ActualCPUms="0" ActualScans="0" ActualLogicalReads="0" ActualPhysicalReads="0" ActualReadAheads="0" ActualLobLogicalReads="0" ActualLobPhysicalReads="0" ActualLobReadAheads="0" />
                                                <RunTimeCountersPerThread Thread="3" ActualRows="2983" Batches="65" ActualEndOfScans="0" ActualExecutions="1" ActualExecutionMode="Batch" ActualElapsedms="0" ActualCPUms="0" ActualScans="0" ActualLogicalReads="0" ActualPhysicalReads="0" ActualReadAheads="0" ActualLobLogicalReads="0" ActualLobPhysicalReads="0" ActualLobReadAheads="0" />
                                                <RunTimeCountersPerThread Thread="2" ActualRows="3335" Batches="68" ActualEndOfScans="0" ActualExecutions="1" ActualExecutionMode="Batch" ActualElapsedms="0" ActualCPUms="0" ActualScans="0" ActualLogicalReads="0" ActualPhysicalReads="0" ActualReadAheads="0" ActualLobLogicalReads="0" ActualLobPhysicalReads="0" ActualLobReadAheads="0" />
                                                <RunTimeCountersPerThread Thread="1" ActualRows="2823" Batches="62" ActualEndOfScans="0" ActualExecutions="1" ActualExecutionMode="Batch" ActualElapsedms="0" ActualCPUms="0" ActualScans="0" ActualLogicalReads="0" ActualPhysicalReads="0" ActualReadAheads="0" ActualLobLogicalReads="0" ActualLobPhysicalReads="0" ActualLobReadAheads="0" />
                                                <RunTimeCountersPerThread Thread="0" ActualRows="0" Batches="0" ActualEndOfScans="0" ActualExecutions="0" ActualExecutionMode="Row" ActualElapsedms="0" ActualCPUms="0" />
                                              </RunTimeInformation>
                                              <Filter StartupExpression="false">
                                                <RelOp AvgRowSize="59" EstimateCPU="0.000115706" EstimateIO="0" EstimateRebinds="0" EstimateRewinds="0" EstimatedExecutionMode="Batch" EstimateRows="23141.2" LogicalOp="Compute Scalar" NodeId="11" Parallel="true" PhysicalOp="Compute Scalar" EstimatedTotalSubtreeCost="1.71638">
                                                  <OutputList>
                                                    <ColumnReference Database="[WideWorldImporters]" Schema="[Sales]" Table="[Orders]" Alias="[ord]" Column="OrderID" />
                                                    <ColumnReference Database="[WideWorldImporters]" Schema="[Sales]" Table="[Orders]" Alias="[ord]" Column="CustomerID" />
                                                    <ColumnReference Database="[WideWorldImporters]" Schema="[Sales]" Table="[OrderLines]" Alias="[det]" Column="StockItemID" />
                                                    <ColumnReference Database="[WideWorldImporters]" Schema="[Sales]" Table="[OrderLines]" Alias="[det]" Column="Quantity" />
                                                    <ColumnReference Database="[WideWorldImporters]" Schema="[Sales]" Table="[OrderLines]" Alias="[det]" Column="UnitPrice" />
                                                    <ColumnReference Column="Expr1003" />
                                                    <ColumnReference Column="Expr1016" />
                                                  </OutputList>
                                                  <RunTimeInformation>
                                                    <RunTimeCountersPerThread Thread="4" ActualRows="55912" Batches="63" ActualEndOfScans="0" ActualExecutions="1" ActualExecutionMode="Batch" ActualElapsedms="3" ActualCPUms="3" ActualScans="0" ActualLogicalReads="0" ActualPhysicalReads="0" ActualReadAheads="0" ActualLobLogicalReads="0" ActualLobPhysicalReads="0" ActualLobReadAheads="0" />
                                                    <RunTimeCountersPerThread Thread="3" ActualRows="58500" Batches="65" ActualEndOfScans="0" ActualExecutions="1" ActualExecutionMode="Batch" ActualElapsedms="3" ActualCPUms="3" ActualScans="0" ActualLogicalReads="0" ActualPhysicalReads="0" ActualReadAheads="0" ActualLobLogicalReads="0" ActualLobPhysicalReads="0" ActualLobReadAheads="0" />
                                                    <RunTimeCountersPerThread Thread="2" ActualRows="61200" Batches="68" ActualEndOfScans="0" ActualExecutions="1" ActualExecutionMode="Batch" ActualElapsedms="3" ActualCPUms="3" ActualScans="0" ActualLogicalReads="0" ActualPhysicalReads="0" ActualReadAheads="0" ActualLobLogicalReads="0" ActualLobPhysicalReads="0" ActualLobReadAheads="0" />
                                                    <RunTimeCountersPerThread Thread="1" ActualRows="55800" Batches="62" ActualEndOfScans="0" ActualExecutions="1" ActualExecutionMode="Batch" ActualElapsedms="3" ActualCPUms="3" ActualScans="0" ActualLogicalReads="0" ActualPhysicalReads="0" ActualReadAheads="0" ActualLobLogicalReads="0" ActualLobPhysicalReads="0" ActualLobReadAheads="0" />
                                                    <RunTimeCountersPerThread Thread="0" ActualRows="0" Batches="0" ActualEndOfScans="0" ActualExecutions="0" ActualExecutionMode="Row" ActualElapsedms="0" ActualCPUms="0" />
                                                  </RunTimeInformation>
                                                  <ComputeScalar>
                                                    <DefinedValues>
                                                      <DefinedValue>
                                                        <ColumnReference Column="Expr1016" />
                                                        <ScalarOperator ScalarString="CONVERT_IMPLICIT(datetimeoffset(7),[WideWorldImporters].[Sales].[Orders].[OrderDate] as [ord].[OrderDate],0)">
                                                          <Convert DataType="datetimeoffset" Scale="7" Style="0" Implicit="true">
                                                            <ScalarOperator>
                                                              <Identifier>
                                                                <ColumnReference Database="[WideWorldImporters]" Schema="[Sales]" Table="[Orders]" Alias="[ord]" Column="OrderDate" />
                                                              </Identifier>
                                                            </ScalarOperator>
                                                          </Convert>
                                                        </ScalarOperator>
                                                      </DefinedValue>
                                                    </DefinedValues>
                                                    <RelOp AvgRowSize="68" EstimateCPU="0" EstimateIO="0" EstimateRebinds="0" EstimateRewinds="0" EstimatedExecutionMode="Batch" EstimateRows="23141.2" LogicalOp="Compute Scalar" NodeId="12" Parallel="true" PhysicalOp="Compute Scalar" EstimatedTotalSubtreeCost="1.71626">
                                                      <OutputList>
                                                        <ColumnReference Database="[WideWorldImporters]" Schema="[Sales]" Table="[Orders]" Alias="[ord]" Column="OrderID" />
                                                        <ColumnReference Database="[WideWorldImporters]" Schema="[Sales]" Table="[Orders]" Alias="[ord]" Column="CustomerID" />
                                                        <ColumnReference Database="[WideWorldImporters]" Schema="[Sales]" Table="[Orders]" Alias="[ord]" Column="OrderDate" />
                                                        <ColumnReference Database="[WideWorldImporters]" Schema="[Sales]" Table="[OrderLines]" Alias="[det]" Column="StockItemID" />
                                                        <ColumnReference Database="[WideWorldImporters]" Schema="[Sales]" Table="[OrderLines]" Alias="[det]" Column="Quantity" />
                                                        <ColumnReference Database="[WideWorldImporters]" Schema="[Sales]" Table="[OrderLines]" Alias="[det]" Column="UnitPrice" />
                                                        <ColumnReference Column="Expr1003" />
                                                      </OutputList>
                                                      <RunTimeInformation>
                                                        <RunTimeCountersPerThread Thread="4" ActualRows="55912" Batches="63" ActualEndOfScans="0" ActualExecutions="1" ActualExecutionMode="Batch" ActualElapsedms="0" ActualCPUms="0" ActualScans="0" ActualLogicalReads="0" ActualPhysicalReads="0" ActualReadAheads="0" ActualLobLogicalReads="0" ActualLobPhysicalReads="0" ActualLobReadAheads="0" />
                                                        <RunTimeCountersPerThread Thread="3" ActualRows="58500" Batches="65" ActualEndOfScans="0" ActualExecutions="1" ActualExecutionMode="Batch" ActualElapsedms="0" ActualCPUms="0" ActualScans="0" ActualLogicalReads="0" ActualPhysicalReads="0" ActualReadAheads="0" ActualLobLogicalReads="0" ActualLobPhysicalReads="0" ActualLobReadAheads="0" />
                                                        <RunTimeCountersPerThread Thread="2" ActualRows="61200" Batches="68" ActualEndOfScans="0" ActualExecutions="1" ActualExecutionMode="Batch" ActualElapsedms="0" ActualCPUms="0" ActualScans="0" ActualLogicalReads="0" ActualPhysicalReads="0" ActualReadAheads="0" ActualLobLogicalReads="0" ActualLobPhysicalReads="0" ActualLobReadAheads="0" />
                                                        <RunTimeCountersPerThread Thread="1" ActualRows="55800" Batches="62" ActualEndOfScans="0" ActualExecutions="1" ActualExecutionMode="Batch" ActualElapsedms="0" ActualCPUms="0" ActualScans="0" ActualLogicalReads="0" ActualPhysicalReads="0" ActualReadAheads="0" ActualLobLogicalReads="0" ActualLobPhysicalReads="0" ActualLobReadAheads="0" />
                                                        <RunTimeCountersPerThread Thread="0" ActualRows="0" Batches="0" ActualEndOfScans="0" ActualExecutions="0" ActualExecutionMode="Row" ActualElapsedms="0" ActualCPUms="0" />
                                                      </RunTimeInformation>
                                                      <ComputeScalar>
                                                        <DefinedValues>
                                                          <DefinedValue>
                                                            <ColumnReference Column="Expr1003" />
                                                            <ScalarOperator ScalarString="CASE WHEN [Expr1049]=(0) THEN NULL ELSE [Expr1050] END">
                                                              <IF>
                                                                <Condition>
                                                                  <ScalarOperator>
                                                                    <Compare CompareOp="EQ">
                                                                      <ScalarOperator>
                                                                        <Identifier>
                                                                          <ColumnReference Column="Expr1049" />
                                                                        </Identifier>
                                                                      </ScalarOperator>
                                                                      <ScalarOperator>
                                                                        <Const ConstValue="(0)" />
                                                                      </ScalarOperator>
                                                                    </Compare>
                                                                  </ScalarOperator>
                                                                </Condition>
                                                                <Then>
                                                                  <ScalarOperator>
                                                                    <Const ConstValue="NULL" />
                                                                  </ScalarOperator>
                                                                </Then>
                                                                <Else>
                                                                  <ScalarOperator>
                                                                    <Identifier>
                                                                      <ColumnReference Column="Expr1050" />
                                                                    </Identifier>
                                                                  </ScalarOperator>
                                                                </Else>
                                                              </IF>
                                                            </ScalarOperator>
                                                          </DefinedValue>
                                                        </DefinedValues>
                                                        <RelOp AvgRowSize="68" EstimateCPU="0.0363317" EstimateIO="0" EstimateRebinds="0" EstimateRewinds="0" EstimatedExecutionMode="Batch" EstimateRows="231412" LogicalOp="Window Aggregate" NodeId="13" Parallel="true" PhysicalOp="Window Aggregate" EstimatedTotalSubtreeCost="1.71626">
                                                          <OutputList>
                                                            <ColumnReference Database="[WideWorldImporters]" Schema="[Sales]" Table="[Orders]" Alias="[ord]" Column="OrderID" />
                                                            <ColumnReference Database="[WideWorldImporters]" Schema="[Sales]" Table="[Orders]" Alias="[ord]" Column="CustomerID" />
                                                            <ColumnReference Database="[WideWorldImporters]" Schema="[Sales]" Table="[Orders]" Alias="[ord]" Column="OrderDate" />
                                                            <ColumnReference Database="[WideWorldImporters]" Schema="[Sales]" Table="[OrderLines]" Alias="[det]" Column="StockItemID" />
                                                            <ColumnReference Database="[WideWorldImporters]" Schema="[Sales]" Table="[OrderLines]" Alias="[det]" Column="Quantity" />
                                                            <ColumnReference Database="[WideWorldImporters]" Schema="[Sales]" Table="[OrderLines]" Alias="[det]" Column="UnitPrice" />
                                                            <ColumnReference Column="Expr1018" />
                                                            <ColumnReference Column="Expr1049" />
                                                            <ColumnReference Column="Expr1050" />
                                                          </OutputList>
                                                          <RunTimeInformation>
                                                            <RunTimeCountersPerThread Thread="4" ActualRows="55912" Batches="63" ActualEndOfScans="0" ActualExecutions="1" ActualExecutionMode="Batch" ActualElapsedms="1" ActualCPUms="1" ActualScans="0" ActualLogicalReads="0" ActualPhysicalReads="0" ActualReadAheads="0" ActualLobLogicalReads="0" ActualLobPhysicalReads="0" ActualLobReadAheads="0" />
                                                            <RunTimeCountersPerThread Thread="3" ActualRows="58500" Batches="65" ActualEndOfScans="0" ActualExecutions="1" ActualExecutionMode="Batch" ActualElapsedms="1" ActualCPUms="1" ActualScans="0" ActualLogicalReads="0" ActualPhysicalReads="0" ActualReadAheads="0" ActualLobLogicalReads="0" ActualLobPhysicalReads="0" ActualLobReadAheads="0" />
                                                            <RunTimeCountersPerThread Thread="2" ActualRows="61200" Batches="68" ActualEndOfScans="0" ActualExecutions="1" ActualExecutionMode="Batch" ActualElapsedms="1" ActualCPUms="1" ActualScans="0" ActualLogicalReads="0" ActualPhysicalReads="0" ActualReadAheads="0" ActualLobLogicalReads="0" ActualLobPhysicalReads="0" ActualLobReadAheads="0" />
                                                            <RunTimeCountersPerThread Thread="1" ActualRows="55800" Batches="62" ActualEndOfScans="0" ActualExecutions="1" ActualExecutionMode="Batch" ActualElapsedms="1" ActualCPUms="1" ActualScans="0" ActualLogicalReads="0" ActualPhysicalReads="0" ActualReadAheads="0" ActualLobLogicalReads="0" ActualLobPhysicalReads="0" ActualLobReadAheads="0" />
                                                            <RunTimeCountersPerThread Thread="0" ActualRows="0" Batches="0" ActualEndOfScans="0" ActualExecutions="0" ActualExecutionMode="Row" ActualElapsedms="0" ActualCPUms="0" />
                                                          </RunTimeInformation>
                                                          <WindowAggregate>
                                                            <DefinedValues>
                                                              <DefinedValue>
                                                                <ColumnReference Column="Expr1049" />
                                                                <ScalarOperator ScalarString="COUNT_BIG([Expr1018])">
                                                                  <Aggregate AggType="COUNT_BIG" Distinct="false">
                                                                    <ScalarOperator>
                                                                      <Identifier>
                                                                        <ColumnReference Column="Expr1018" />
                                                                      </Identifier>
                                                                    </ScalarOperator>
                                                                  </Aggregate>
                                                                </ScalarOperator>
                                                              </DefinedValue>
                                                              <DefinedValue>
                                                                <ColumnReference Column="Expr1050" />
                                                                <ScalarOperator ScalarString="SUM([Expr1018])">
                                                                  <Aggregate AggType="SUM" Distinct="false">
                                                                    <ScalarOperator>
                                                                      <Identifier>
                                                                        <ColumnReference Column="Expr1018" />
                                                                      </Identifier>
                                                                    </ScalarOperator>
                                                                  </Aggregate>
                                                                </ScalarOperator>
                                                              </DefinedValue>
                                                            </DefinedValues>
                                                            <RelOp AvgRowSize="52" EstimateCPU="0.946459" EstimateIO="0.00187688" EstimateRebinds="0" EstimateRewinds="0" EstimatedExecutionMode="Batch" EstimateRows="231412" LogicalOp="Sort" NodeId="14" Parallel="true" PhysicalOp="Sort" EstimatedTotalSubtreeCost="1.67993">
                                                              <OutputList>
                                                                <ColumnReference Database="[WideWorldImporters]" Schema="[Sales]" Table="[Orders]" Alias="[ord]" Column="OrderID" />
                                                                <ColumnReference Database="[WideWorldImporters]" Schema="[Sales]" Table="[Orders]" Alias="[ord]" Column="CustomerID" />
                                                                <ColumnReference Database="[WideWorldImporters]" Schema="[Sales]" Table="[Orders]" Alias="[ord]" Column="OrderDate" />
                                                                <ColumnReference Database="[WideWorldImporters]" Schema="[Sales]" Table="[OrderLines]" Alias="[det]" Column="StockItemID" />
                                                                <ColumnReference Database="[WideWorldImporters]" Schema="[Sales]" Table="[OrderLines]" Alias="[det]" Column="Quantity" />
                                                                <ColumnReference Database="[WideWorldImporters]" Schema="[Sales]" Table="[OrderLines]" Alias="[det]" Column="UnitPrice" />
                                                                <ColumnReference Column="Expr1018" />
                                                              </OutputList>
                                                              <MemoryFractions Input="0.539626" Output="0.539626" />
                                                              <RunTimeInformation>
                                                                <RunTimeCountersPerThread Thread="4" ActualRows="55912" Batches="63" ActualEndOfScans="0" ActualExecutions="1" ActualExecutionMode="Batch" ActualElapsedms="14" ActualCPUms="11" ActualScans="0" ActualLogicalReads="0" ActualPhysicalReads="0" ActualReadAheads="0" ActualLobLogicalReads="0" ActualLobPhysicalReads="0" ActualLobReadAheads="0" />
                                                                <RunTimeCountersPerThread Thread="3" ActualRows="58500" Batches="65" ActualEndOfScans="0" ActualExecutions="1" ActualExecutionMode="Batch" ActualElapsedms="23" ActualCPUms="19" ActualScans="0" ActualLogicalReads="0" ActualPhysicalReads="0" ActualReadAheads="0" ActualLobLogicalReads="0" ActualLobPhysicalReads="0" ActualLobReadAheads="0" />
                                                                <RunTimeCountersPerThread Thread="2" ActualRows="61200" Batches="68" ActualEndOfScans="0" ActualExecutions="1" ActualExecutionMode="Batch" ActualElapsedms="14" ActualCPUms="10" ActualScans="0" ActualLogicalReads="0" ActualPhysicalReads="0" ActualReadAheads="0" ActualLobLogicalReads="0" ActualLobPhysicalReads="0" ActualLobReadAheads="0" />
                                                                <RunTimeCountersPerThread Thread="1" ActualRows="55800" Batches="62" ActualEndOfScans="0" ActualExecutions="1" ActualExecutionMode="Batch" ActualElapsedms="22" ActualCPUms="19" ActualScans="0" ActualLogicalReads="0" ActualPhysicalReads="0" ActualReadAheads="0" ActualLobLogicalReads="0" ActualLobPhysicalReads="0" ActualLobReadAheads="0" />
                                                                <RunTimeCountersPerThread Thread="0" ActualRows="0" Batches="0" ActualEndOfScans="0" ActualExecutions="0" ActualExecutionMode="Row" ActualElapsedms="0" ActualCPUms="0" />
                                                              </RunTimeInformation>
                                                              <Sort Distinct="false">
                                                                <OrderBy>
                                                                  <OrderByColumn Ascending="true">
                                                                    <ColumnReference Database="[WideWorldImporters]" Schema="[Sales]" Table="[Orders]" Alias="[ord]" Column="CustomerID" />
                                                                  </OrderByColumn>
                                                                </OrderBy>
                                                                <RelOp AvgRowSize="52" EstimateCPU="0.12215" EstimateIO="0" EstimateRebinds="0" EstimateRewinds="0" EstimatedExecutionMode="Batch" EstimateRows="231412" LogicalOp="Inner Join" NodeId="15" Parallel="true" PhysicalOp="Hash Match" EstimatedTotalSubtreeCost="0.731597">
                                                                  <OutputList>
                                                                    <ColumnReference Database="[WideWorldImporters]" Schema="[Sales]" Table="[Orders]" Alias="[ord]" Column="OrderID" />
                                                                    <ColumnReference Database="[WideWorldImporters]" Schema="[Sales]" Table="[Orders]" Alias="[ord]" Column="CustomerID" />
                                                                    <ColumnReference Database="[WideWorldImporters]" Schema="[Sales]" Table="[Orders]" Alias="[ord]" Column="OrderDate" />
                                                                    <ColumnReference Database="[WideWorldImporters]" Schema="[Sales]" Table="[OrderLines]" Alias="[det]" Column="StockItemID" />
                                                                    <ColumnReference Database="[WideWorldImporters]" Schema="[Sales]" Table="[OrderLines]" Alias="[det]" Column="Quantity" />
                                                                    <ColumnReference Database="[WideWorldImporters]" Schema="[Sales]" Table="[OrderLines]" Alias="[det]" Column="UnitPrice" />
                                                                    <ColumnReference Column="Expr1018" />
                                                                  </OutputList>
                                                                  <MemoryFractions Input="0.0928372" Output="0.0928372" />
                                                                  <RunTimeInformation>
                                                                    <RunTimeCountersPerThread Thread="4" ActualRows="0" Batches="0" ActualEndOfScans="0" ActualExecutions="1" ActualExecutionMode="Batch" ActualElapsedms="3" ActualCPUms="3" ActualScans="0" ActualLogicalReads="0" ActualPhysicalReads="0" ActualReadAheads="0" ActualLobLogicalReads="0" ActualLobPhysicalReads="0" ActualLobReadAheads="0" />
                                                                    <RunTimeCountersPerThread Thread="3" ActualRows="115705" Batches="1103" ActualEndOfScans="0" ActualExecutions="1" ActualExecutionMode="Batch" ActualElapsedms="8" ActualCPUms="5" ActualScans="0" ActualLogicalReads="0" ActualPhysicalReads="0" ActualReadAheads="0" ActualLobLogicalReads="0" ActualLobPhysicalReads="0" ActualLobReadAheads="0" />
                                                                    <RunTimeCountersPerThread Thread="2" ActualRows="0" Batches="0" ActualEndOfScans="0" ActualExecutions="1" ActualExecutionMode="Batch" ActualElapsedms="3" ActualCPUms="3" ActualScans="0" ActualLogicalReads="0" ActualPhysicalReads="0" ActualReadAheads="0" ActualLobLogicalReads="0" ActualLobPhysicalReads="0" ActualLobReadAheads="0" />
                                                                    <RunTimeCountersPerThread Thread="1" ActualRows="115707" Batches="1110" ActualEndOfScans="0" ActualExecutions="1" ActualExecutionMode="Batch" ActualElapsedms="7" ActualCPUms="6" ActualScans="0" ActualLogicalReads="0" ActualPhysicalReads="0" ActualReadAheads="0" ActualLobLogicalReads="0" ActualLobPhysicalReads="0" ActualLobReadAheads="0" />
                                                                    <RunTimeCountersPerThread Thread="0" ActualRows="0" Batches="0" ActualEndOfScans="0" ActualExecutions="0" ActualExecutionMode="Row" ActualElapsedms="0" ActualCPUms="0" />
                                                                  </RunTimeInformation>
                                                                  <Hash>
                                                                    <DefinedValues />
                                                                    <HashKeysBuild>
                                                                      <ColumnReference Database="[WideWorldImporters]" Schema="[Sales]" Table="[Orders]" Alias="[ord]" Column="OrderID" />
                                                                    </HashKeysBuild>
                                                                    <HashKeysProbe>
                                                                      <ColumnReference Database="[WideWorldImporters]" Schema="[Sales]" Table="[OrderLines]" Alias="[det]" Column="OrderID" />
                                                                    </HashKeysProbe>
                                                                    <RelOp AvgRowSize="18" EstimateCPU="0.0405558" EstimateIO="0.512014" EstimateRebinds="0" EstimateRewinds="0" EstimatedExecutionMode="Row" EstimateRows="73595" EstimatedRowsRead="73595" LogicalOp="Clustered Index Scan" NodeId="16" Parallel="true" PhysicalOp="Clustered Index Scan" EstimatedTotalSubtreeCost="0.55257" TableCardinality="73595">
                                                                      <OutputList>
                                                                        <ColumnReference Database="[WideWorldImporters]" Schema="[Sales]" Table="[Orders]" Alias="[ord]" Column="OrderID" />
                                                                        <ColumnReference Database="[WideWorldImporters]" Schema="[Sales]" Table="[Orders]" Alias="[ord]" Column="CustomerID" />
                                                                        <ColumnReference Database="[WideWorldImporters]" Schema="[Sales]" Table="[Orders]" Alias="[ord]" Column="OrderDate" />
                                                                      </OutputList>
                                                                      <RunTimeInformation>
                                                                        <RunTimeCountersPerThread Thread="4" ActualRows="19238" ActualRowsRead="19238" Batches="22" ActualEndOfScans="0" ActualExecutions="1" ActualExecutionMode="Row" ActualElapsedms="3" ActualCPUms="3" ActualScans="1" ActualLogicalReads="188" ActualPhysicalReads="0" ActualReadAheads="0" ActualLobLogicalReads="0" ActualLobPhysicalReads="0" ActualLobReadAheads="0" />
                                                                        <RunTimeCountersPerThread Thread="3" ActualRows="13696" ActualRowsRead="13696" Batches="16" ActualEndOfScans="0" ActualExecutions="1" ActualExecutionMode="Row" ActualElapsedms="2" ActualCPUms="2" ActualScans="1" ActualLogicalReads="134" ActualPhysicalReads="0" ActualReadAheads="0" ActualLobLogicalReads="0" ActualLobPhysicalReads="0" ActualLobReadAheads="0" />
                                                                        <RunTimeCountersPerThread Thread="2" ActualRows="20330" ActualRowsRead="20330" Batches="23" ActualEndOfScans="0" ActualExecutions="1" ActualExecutionMode="Row" ActualElapsedms="3" ActualCPUms="3" ActualScans="1" ActualLogicalReads="199" ActualPhysicalReads="0" ActualReadAheads="0" ActualLobLogicalReads="0" ActualLobPhysicalReads="0" ActualLobReadAheads="0" />
                                                                        <RunTimeCountersPerThread Thread="1" ActualRows="20331" ActualRowsRead="20331" Batches="23" ActualEndOfScans="0" ActualExecutions="1" ActualExecutionMode="Row" ActualElapsedms="3" ActualCPUms="3" ActualScans="1" ActualLogicalReads="199" ActualPhysicalReads="0" ActualReadAheads="0" ActualLobLogicalReads="0" ActualLobPhysicalReads="0" ActualLobReadAheads="0" />
                                                                        <RunTimeCountersPerThread Thread="0" ActualRows="0" Batches="0" ActualEndOfScans="0" ActualExecutions="0" ActualExecutionMode="Row" ActualElapsedms="0" ActualCPUms="0" ActualScans="1" ActualLogicalReads="5" ActualPhysicalReads="0" ActualReadAheads="0" ActualLobLogicalReads="0" ActualLobPhysicalReads="0" ActualLobReadAheads="0" />
                                                                      </RunTimeInformation>
                                                                      <IndexScan Ordered="false" ForcedIndex="false" ForceScan="false" NoExpandHint="false" Storage="RowStore">
                                                                        <DefinedValues>
                                                                          <DefinedValue>
                                                                            <ColumnReference Database="[WideWorldImporters]" Schema="[Sales]" Table="[Orders]" Alias="[ord]" Column="OrderID" />
                                                                          </DefinedValue>
                                                                          <DefinedValue>
                                                                            <ColumnReference Database="[WideWorldImporters]" Schema="[Sales]" Table="[Orders]" Alias="[ord]" Column="CustomerID" />
                                                                          </DefinedValue>
                                                                          <DefinedValue>
                                                                            <ColumnReference Database="[WideWorldImporters]" Schema="[Sales]" Table="[Orders]" Alias="[ord]" Column="OrderDate" />
                                                                          </DefinedValue>
                                                                        </DefinedValues>
                                                                        <Object Database="[WideWorldImporters]" Schema="[Sales]" Table="[Orders]" Index="[PK_Sales_Orders]" Alias="[ord]" IndexKind="Clustered" Storage="RowStore" />
                                                                      </IndexScan>
                                                                    </RelOp>
                                                                    <RelOp AvgRowSize="45" EstimateCPU="0.00115706" EstimateIO="0" EstimateRebinds="0" EstimateRewinds="0" EstimatedExecutionMode="Batch" EstimateRows="231412" LogicalOp="Compute Scalar" NodeId="17" Parallel="true" PhysicalOp="Compute Scalar" EstimatedTotalSubtreeCost="0.0347953">
                                                                      <OutputList>
                                                                        <ColumnReference Database="[WideWorldImporters]" Schema="[Sales]" Table="[OrderLines]" Alias="[det]" Column="OrderID" />
                                                                        <ColumnReference Database="[WideWorldImporters]" Schema="[Sales]" Table="[OrderLines]" Alias="[det]" Column="StockItemID" />
                                                                        <ColumnReference Database="[WideWorldImporters]" Schema="[Sales]" Table="[OrderLines]" Alias="[det]" Column="Quantity" />
                                                                        <ColumnReference Database="[WideWorldImporters]" Schema="[Sales]" Table="[OrderLines]" Alias="[det]" Column="UnitPrice" />
                                                                        <ColumnReference Column="Expr1018" />
                                                                      </OutputList>
                                                                      <RunTimeInformation>
                                                                        <RunTimeCountersPerThread Thread="4" ActualRows="0" Batches="0" ActualEndOfScans="0" ActualExecutions="1" ActualExecutionMode="Batch" ActualElapsedms="0" ActualCPUms="0" ActualScans="0" ActualLogicalReads="0" ActualPhysicalReads="0" ActualReadAheads="0" ActualLobLogicalReads="0" ActualLobPhysicalReads="0" ActualLobReadAheads="0" />
                                                                        <RunTimeCountersPerThread Thread="3" ActualRows="115705" Batches="1103" ActualEndOfScans="0" ActualExecutions="1" ActualExecutionMode="Batch" ActualElapsedms="0" ActualCPUms="0" ActualScans="0" ActualLogicalReads="0" ActualPhysicalReads="0" ActualReadAheads="0" ActualLobLogicalReads="0" ActualLobPhysicalReads="0" ActualLobReadAheads="0" />
                                                                        <RunTimeCountersPerThread Thread="2" ActualRows="0" Batches="0" ActualEndOfScans="0" ActualExecutions="1" ActualExecutionMode="Batch" ActualElapsedms="0" ActualCPUms="0" ActualScans="0" ActualLogicalReads="0" ActualPhysicalReads="0" ActualReadAheads="0" ActualLobLogicalReads="0" ActualLobPhysicalReads="0" ActualLobReadAheads="0" />
                                                                        <RunTimeCountersPerThread Thread="1" ActualRows="115707" Batches="1110" ActualEndOfScans="0" ActualExecutions="1" ActualExecutionMode="Batch" ActualElapsedms="0" ActualCPUms="0" ActualScans="0" ActualLogicalReads="0" ActualPhysicalReads="0" ActualReadAheads="0" ActualLobLogicalReads="0" ActualLobPhysicalReads="0" ActualLobReadAheads="0" />
                                                                        <RunTimeCountersPerThread Thread="0" ActualRows="0" Batches="0" ActualEndOfScans="0" ActualExecutions="0" ActualExecutionMode="Row" ActualElapsedms="0" ActualCPUms="0" />
                                                                      </RunTimeInformation>
                                                                      <ComputeScalar>
                                                                        <DefinedValues>
                                                                          <DefinedValue>
                                                                            <ColumnReference Column="Expr1018" />
                                                                            <ScalarOperator ScalarString="[WideWorldImporters].[Sales].[OrderLines].[UnitPrice] as [det].[UnitPrice]*CONVERT_IMPLICIT(decimal(10,0),[WideWorldImporters].[Sales].[OrderLines].[Quantity] as [det].[Quantity],0)">
                                                                              <Arithmetic Operation="MULT">
                                                                                <ScalarOperator>
                                                                                  <Identifier>
                                                                                    <ColumnReference Database="[WideWorldImporters]" Schema="[Sales]" Table="[OrderLines]" Alias="[det]" Column="UnitPrice" />
                                                                                  </Identifier>
                                                                                </ScalarOperator>
                                                                                <ScalarOperator>
                                                                                  <Convert DataType="decimal" Precision="10" Scale="0" Style="0" Implicit="true">
                                                                                    <ScalarOperator>
                                                                                      <Identifier>
                                                                                        <ColumnReference Database="[WideWorldImporters]" Schema="[Sales]" Table="[OrderLines]" Alias="[det]" Column="Quantity" />
                                                                                      </Identifier>
                                                                                    </ScalarOperator>
                                                                                  </Convert>
                                                                                </ScalarOperator>
                                                                              </Arithmetic>
                                                                            </ScalarOperator>
                                                                          </DefinedValue>
                                                                        </DefinedValues>
                                                                        <RelOp AvgRowSize="40" EstimateCPU="0.0127355" EstimateIO="0.0209028" EstimateRebinds="0" EstimateRewinds="0" EstimatedExecutionMode="Batch" EstimateRows="231412" EstimatedRowsRead="231412" LogicalOp="Index Scan" NodeId="20" Parallel="true" PhysicalOp="Index Scan" EstimatedTotalSubtreeCost="0.0336383" TableCardinality="231412">
                                                                          <OutputList>
                                                                            <ColumnReference Database="[WideWorldImporters]" Schema="[Sales]" Table="[OrderLines]" Alias="[det]" Column="OrderLineID" />
                                                                            <ColumnReference Database="[WideWorldImporters]" Schema="[Sales]" Table="[OrderLines]" Alias="[det]" Column="OrderID" />
                                                                            <ColumnReference Database="[WideWorldImporters]" Schema="[Sales]" Table="[OrderLines]" Alias="[det]" Column="StockItemID" />
                                                                            <ColumnReference Database="[WideWorldImporters]" Schema="[Sales]" Table="[OrderLines]" Alias="[det]" Column="Quantity" />
                                                                            <ColumnReference Database="[WideWorldImporters]" Schema="[Sales]" Table="[OrderLines]" Alias="[det]" Column="UnitPrice" />
                                                                            <ColumnReference Column="Generation1046" />
                                                                          </OutputList>
                                                                          <RunTimeInformation>
                                                                            <RunTimeCountersPerThread Thread="4" ActualRows="0" Batches="0" ActualEndOfScans="0" ActualExecutions="1" ActualExecutionMode="Batch" ActualElapsedms="0" ActualCPUms="0" ActualScans="1" ActualLogicalReads="0" ActualPhysicalReads="0" ActualReadAheads="0" ActualLobLogicalReads="0" ActualLobPhysicalReads="0" ActualLobReadAheads="0" />
                                                                            <RunTimeCountersPerThread Thread="3" ActualRows="115705" Batches="1103" ActualEndOfScans="0" ActualExecutions="1" ActualExecutionMode="Batch" ActualElapsedms="2" ActualCPUms="2" ActualScans="1" ActualLogicalReads="0" ActualPhysicalReads="0" ActualReadAheads="0" ActualLobLogicalReads="0" ActualLobPhysicalReads="0" ActualLobReadAheads="0" />
                                                                            <RunTimeCountersPerThread Thread="2" ActualRows="0" Batches="0" ActualEndOfScans="0" ActualExecutions="1" ActualExecutionMode="Batch" ActualElapsedms="0" ActualCPUms="0" ActualScans="1" ActualLogicalReads="0" ActualPhysicalReads="0" ActualReadAheads="0" ActualLobLogicalReads="0" ActualLobPhysicalReads="0" ActualLobReadAheads="0" />
                                                                            <RunTimeCountersPerThread Thread="1" ActualRows="115707" Batches="1110" ActualEndOfScans="0" ActualExecutions="1" ActualExecutionMode="Batch" ActualElapsedms="2" ActualCPUms="2" ActualScans="1" ActualLogicalReads="0" ActualPhysicalReads="0" ActualReadAheads="0" ActualLobLogicalReads="0" ActualLobPhysicalReads="0" ActualLobReadAheads="0" SegmentReads="1" SegmentSkips="0" />
                                                                            <RunTimeCountersPerThread Thread="0" ActualRows="0" Batches="0" ActualEndOfScans="0" ActualExecutions="0" ActualExecutionMode="Row" ActualElapsedms="0" ActualCPUms="0" />
                                                                          </RunTimeInformation>
                                                                          <IndexScan Ordered="false" ForcedIndex="false" ForceSeek="false" ForceScan="false" NoExpandHint="false" Storage="ColumnStore">
                                                                            <DefinedValues>
                                                                              <DefinedValue>
                                                                                <ColumnReference Database="[WideWorldImporters]" Schema="[Sales]" Table="[OrderLines]" Alias="[det]" Column="OrderLineID" />
                                                                              </DefinedValue>
                                                                              <DefinedValue>
                                                                                <ColumnReference Database="[WideWorldImporters]" Schema="[Sales]" Table="[OrderLines]" Alias="[det]" Column="OrderID" />
                                                                              </DefinedValue>
                                                                              <DefinedValue>
                                                                                <ColumnReference Database="[WideWorldImporters]" Schema="[Sales]" Table="[OrderLines]" Alias="[det]" Column="StockItemID" />
                                                                              </DefinedValue>
                                                                              <DefinedValue>
                                                                                <ColumnReference Database="[WideWorldImporters]" Schema="[Sales]" Table="[OrderLines]" Alias="[det]" Column="Quantity" />
                                                                              </DefinedValue>
                                                                              <DefinedValue>
                                                                                <ColumnReference Database="[WideWorldImporters]" Schema="[Sales]" Table="[OrderLines]" Alias="[det]" Column="UnitPrice" />
                                                                              </DefinedValue>
                                                                              <DefinedValue>
                                                                                <ColumnReference Column="Generation1046" />
                                                                              </DefinedValue>
                                                                            </DefinedValues>
                                                                            <Object Database="[WideWorldImporters]" Schema="[Sales]" Table="[OrderLines]" Index="[NCCX_Sales_OrderLines]" Alias="[det]" IndexKind="NonClustered" Storage="ColumnStore" />
                                                                          </IndexScan>
                                                                        </RelOp>
                                                                      </ComputeScalar>
                                                                    </RelOp>
                                                                  </Hash>
                                                                </RelOp>
                                                              </Sort>
                                                            </RelOp>
                                                          </WindowAggregate>
                                                        </RelOp>
                                                      </ComputeScalar>
                                                    </RelOp>
                                                  </ComputeScalar>
                                                </RelOp>
                                                <Predicate>
                                                  <ScalarOperator ScalarString="[Expr1003]&gt;(250000.00) AND PROBE([Opt_Bitmap1035],[WideWorldImporters].[Sales].[OrderLines].[StockItemID] as [det].[StockItemID])">
                                                    <Logical Operation="AND">
                                                      <ScalarOperator>
                                                        <Compare CompareOp="GT">
                                                          <ScalarOperator>
                                                            <Identifier>
                                                              <ColumnReference Column="Expr1003" />
                                                            </Identifier>
                                                          </ScalarOperator>
                                                          <ScalarOperator>
                                                            <Const ConstValue="(250000.00)" />
                                                          </ScalarOperator>
                                                        </Compare>
                                                      </ScalarOperator>
                                                      <ScalarOperator>
                                                        <Intrinsic FunctionName="PROBE">
                                                          <ScalarOperator>
                                                            <Identifier>
                                                              <ColumnReference Column="Opt_Bitmap1035" />
                                                            </Identifier>
                                                          </ScalarOperator>
                                                          <ScalarOperator>
                                                            <Identifier>
                                                              <ColumnReference Database="[WideWorldImporters]" Schema="[Sales]" Table="[OrderLines]" Alias="[det]" Column="StockItemID" />
                                                            </Identifier>
                                                          </ScalarOperator>
                                                        </Intrinsic>
                                                      </ScalarOperator>
                                                    </Logical>
                                                  </ScalarOperator>
                                                </Predicate>
                                              </Filter>
                                            </RelOp>
                                          </Hash>
                                        </RelOp>
                                        <RelOp AvgRowSize="29" EstimateCPU="3.5255E-06" EstimateIO="0" EstimateRebinds="0" EstimateRewinds="0" EstimatedExecutionMode="Batch" EstimateRows="705.1" LogicalOp="Compute Scalar" NodeId="21" Parallel="true" PhysicalOp="Compute Scalar" EstimatedTotalSubtreeCost="0.178566">
                                          <OutputList>
                                            <ColumnReference Database="[WideWorldImporters]" Schema="[Sales]" Table="[Invoices]" Alias="[Inv]" Column="InvoiceID" />
                                            <ColumnReference Database="[WideWorldImporters]" Schema="[Sales]" Table="[Invoices]" Alias="[Inv]" Column="BillToCustomerID" />
                                            <ColumnReference Database="[WideWorldImporters]" Schema="[Sales]" Table="[Invoices]" Alias="[Inv]" Column="OrderID" />
                                            <ColumnReference Column="Expr1017" />
                                          </OutputList>
                                          <RunTimeInformation>
                                            <RunTimeCountersPerThread Thread="4" ActualRows="2717" Batches="4" ActualEndOfScans="0" ActualExecutions="1" ActualExecutionMode="Batch" ActualElapsedms="0" ActualCPUms="0" ActualScans="0" ActualLogicalReads="0" ActualPhysicalReads="0" ActualReadAheads="0" ActualLobLogicalReads="0" ActualLobPhysicalReads="0" ActualLobReadAheads="0" />
                                            <RunTimeCountersPerThread Thread="3" ActualRows="2774" Batches="4" ActualEndOfScans="0" ActualExecutions="1" ActualExecutionMode="Batch" ActualElapsedms="0" ActualCPUms="0" ActualScans="0" ActualLogicalReads="0" ActualPhysicalReads="0" ActualReadAheads="0" ActualLobLogicalReads="0" ActualLobPhysicalReads="0" ActualLobReadAheads="0" />
                                            <RunTimeCountersPerThread Thread="2" ActualRows="2804" Batches="4" ActualEndOfScans="0" ActualExecutions="1" ActualExecutionMode="Batch" ActualElapsedms="0" ActualCPUms="0" ActualScans="0" ActualLogicalReads="0" ActualPhysicalReads="0" ActualReadAheads="0" ActualLobLogicalReads="0" ActualLobPhysicalReads="0" ActualLobReadAheads="0" />
                                            <RunTimeCountersPerThread Thread="1" ActualRows="2427" Batches="3" ActualEndOfScans="0" ActualExecutions="1" ActualExecutionMode="Batch" ActualElapsedms="0" ActualCPUms="0" ActualScans="0" ActualLogicalReads="0" ActualPhysicalReads="0" ActualReadAheads="0" ActualLobLogicalReads="0" ActualLobPhysicalReads="0" ActualLobReadAheads="0" />
                                            <RunTimeCountersPerThread Thread="0" ActualRows="0" Batches="0" ActualEndOfScans="0" ActualExecutions="0" ActualExecutionMode="Row" ActualElapsedms="0" ActualCPUms="0" />
                                          </RunTimeInformation>
                                          <ComputeScalar>
                                            <DefinedValues>
                                              <DefinedValue>
                                                <ColumnReference Column="Expr1017" />
                                                <ScalarOperator ScalarString="CONVERT_IMPLICIT(datetimeoffset(7),[WideWorldImporters].[Sales].[Invoices].[InvoiceDate] as [Inv].[InvoiceDate],0)">
                                                  <Convert DataType="datetimeoffset" Scale="7" Style="0" Implicit="true">
                                                    <ScalarOperator>
                                                      <Identifier>
                                                        <ColumnReference Database="[WideWorldImporters]" Schema="[Sales]" Table="[Invoices]" Alias="[Inv]" Column="InvoiceDate" />
                                                      </Identifier>
                                                    </ScalarOperator>
                                                  </Convert>
                                                </ScalarOperator>
                                              </DefinedValue>
                                            </DefinedValues>
                                            <RelOp AvgRowSize="22" EstimateCPU="0.038859" EstimateIO="0.139421" EstimateRebinds="0" EstimateRewinds="0" EstimatedExecutionMode="Row" EstimateRows="705.1" LogicalOp="Filter" NodeId="22" Parallel="true" PhysicalOp="Filter" EstimatedTotalSubtreeCost="0.17828">
                                              <OutputList>
                                                <ColumnReference Database="[WideWorldImporters]" Schema="[Sales]" Table="[Invoices]" Alias="[Inv]" Column="InvoiceID" />
                                                <ColumnReference Database="[WideWorldImporters]" Schema="[Sales]" Table="[Invoices]" Alias="[Inv]" Column="BillToCustomerID" />
                                                <ColumnReference Database="[WideWorldImporters]" Schema="[Sales]" Table="[Invoices]" Alias="[Inv]" Column="OrderID" />
                                                <ColumnReference Database="[WideWorldImporters]" Schema="[Sales]" Table="[Invoices]" Alias="[Inv]" Column="InvoiceDate" />
                                              </OutputList>
                                              <RunTimeInformation>
                                                <RunTimeCountersPerThread Thread="4" ActualRows="2717" Batches="4" ActualEndOfScans="0" ActualExecutions="1" ActualExecutionMode="Row" ActualElapsedms="3" ActualCPUms="3" />
                                                <RunTimeCountersPerThread Thread="3" ActualRows="2774" Batches="4" ActualEndOfScans="0" ActualExecutions="1" ActualExecutionMode="Row" ActualElapsedms="3" ActualCPUms="3" />
                                                <RunTimeCountersPerThread Thread="2" ActualRows="2804" Batches="4" ActualEndOfScans="0" ActualExecutions="1" ActualExecutionMode="Row" ActualElapsedms="3" ActualCPUms="3" />
                                                <RunTimeCountersPerThread Thread="1" ActualRows="2427" Batches="3" ActualEndOfScans="0" ActualExecutions="1" ActualExecutionMode="Row" ActualElapsedms="3" ActualCPUms="3" />
                                                <RunTimeCountersPerThread Thread="0" ActualRows="0" Batches="0" ActualEndOfScans="0" ActualExecutions="0" ActualExecutionMode="Row" ActualElapsedms="0" ActualCPUms="0" />
                                              </RunTimeInformation>
                                              <Filter StartupExpression="false">
                                                <RelOp AvgRowSize="22" EstimateCPU="0.038859" EstimateIO="0.139421" EstimateRebinds="0" EstimateRewinds="0" EstimatedExecutionMode="Row" EstimateRows="70510" EstimatedRowsRead="70510" LogicalOp="Index Scan" NodeId="23" Parallel="true" PhysicalOp="Index Scan" EstimatedTotalSubtreeCost="0.17828" TableCardinality="70510">
                                                  <OutputList>
                                                    <ColumnReference Database="[WideWorldImporters]" Schema="[Sales]" Table="[Invoices]" Alias="[Inv]" Column="InvoiceID" />
                                                    <ColumnReference Database="[WideWorldImporters]" Schema="[Sales]" Table="[Invoices]" Alias="[Inv]" Column="BillToCustomerID" />
                                                    <ColumnReference Database="[WideWorldImporters]" Schema="[Sales]" Table="[Invoices]" Alias="[Inv]" Column="OrderID" />
                                                    <ColumnReference Database="[WideWorldImporters]" Schema="[Sales]" Table="[Invoices]" Alias="[Inv]" Column="InvoiceDate" />
                                                  </OutputList>
                                                  <RunTimeInformation>
                                                    <RunTimeCountersPerThread Thread="4" ActualRows="17762" ActualRowsRead="17762" Batches="0" ActualEndOfScans="1" ActualExecutions="1" ActualExecutionMode="Row" ActualElapsedms="1" ActualCPUms="1" ActualScans="1" ActualLogicalReads="140" ActualPhysicalReads="0" ActualReadAheads="0" ActualLobLogicalReads="0" ActualLobPhysicalReads="0" ActualLobReadAheads="0" />
                                                    <RunTimeCountersPerThread Thread="3" ActualRows="18096" ActualRowsRead="18096" Batches="0" ActualEndOfScans="1" ActualExecutions="1" ActualExecutionMode="Row" ActualElapsedms="1" ActualCPUms="1" ActualScans="1" ActualLogicalReads="141" ActualPhysicalReads="0" ActualReadAheads="0" ActualLobLogicalReads="0" ActualLobPhysicalReads="0" ActualLobReadAheads="0" />
                                                    <RunTimeCountersPerThread Thread="2" ActualRows="18482" ActualRowsRead="18482" Batches="0" ActualEndOfScans="1" ActualExecutions="1" ActualExecutionMode="Row" ActualElapsedms="1" ActualCPUms="1" ActualScans="1" ActualLogicalReads="147" ActualPhysicalReads="0" ActualReadAheads="0" ActualLobLogicalReads="0" ActualLobPhysicalReads="0" ActualLobReadAheads="0" />
                                                    <RunTimeCountersPerThread Thread="1" ActualRows="16170" ActualRowsRead="16170" Batches="0" ActualEndOfScans="1" ActualExecutions="1" ActualExecutionMode="Row" ActualElapsedms="1" ActualCPUms="1" ActualScans="1" ActualLogicalReads="126" ActualPhysicalReads="0" ActualReadAheads="0" ActualLobLogicalReads="0" ActualLobPhysicalReads="0" ActualLobReadAheads="0" />
                                                    <RunTimeCountersPerThread Thread="0" ActualRows="0" Batches="0" ActualEndOfScans="0" ActualExecutions="0" ActualExecutionMode="Row" ActualElapsedms="0" ActualCPUms="0" ActualScans="1" ActualLogicalReads="2" ActualPhysicalReads="0" ActualReadAheads="0" ActualLobLogicalReads="0" ActualLobPhysicalReads="0" ActualLobReadAheads="0" />
                                                  </RunTimeInformation>
                                                  <IndexScan Ordered="false" ForcedIndex="false" ForceSeek="false" ForceScan="false" NoExpandHint="false" Storage="RowStore">
                                                    <DefinedValues>
                                                      <DefinedValue>
                                                        <ColumnReference Database="[WideWorldImporters]" Schema="[Sales]" Table="[Invoices]" Alias="[Inv]" Column="InvoiceID" />
                                                      </DefinedValue>
                                                      <DefinedValue>
                                                        <ColumnReference Database="[WideWorldImporters]" Schema="[Sales]" Table="[Invoices]" Alias="[Inv]" Column="BillToCustomerID" />
                                                      </DefinedValue>
                                                      <DefinedValue>
                                                        <ColumnReference Database="[WideWorldImporters]" Schema="[Sales]" Table="[Invoices]" Alias="[Inv]" Column="OrderID" />
                                                      </DefinedValue>
                                                      <DefinedValue>
                                                        <ColumnReference Database="[WideWorldImporters]" Schema="[Sales]" Table="[Invoices]" Alias="[Inv]" Column="InvoiceDate" />
                                                      </DefinedValue>
                                                    </DefinedValues>
                                                    <Object Database="[WideWorldImporters]" Schema="[Sales]" Table="[Invoices]" Index="[FK_Sales_Invoices_OrderID_Inc]" Alias="[Inv]" IndexKind="NonClustered" Storage="RowStore" />
                                                  </IndexScan>
                                                </RelOp>
                                                <Predicate>
                                                  <ScalarOperator ScalarString="PROBE([Opt_Bitmap1042],[WideWorldImporters].[Sales].[Invoices].[OrderID] as [Inv].[OrderID])">
                                                    <Intrinsic FunctionName="PROBE">
                                                      <ScalarOperator>
                                                        <Identifier>
                                                          <ColumnReference Column="Opt_Bitmap1042" />
                                                        </Identifier>
                                                      </ScalarOperator>
                                                      <ScalarOperator>
                                                        <Identifier>
                                                          <ColumnReference Database="[WideWorldImporters]" Schema="[Sales]" Table="[Invoices]" Alias="[Inv]" Column="OrderID" />
                                                        </Identifier>
                                                      </ScalarOperator>
                                                    </Intrinsic>
                                                  </ScalarOperator>
                                                </Predicate>
                                              </Filter>
                                            </RelOp>
                                          </ComputeScalar>
                                        </RelOp>
                                      </Hash>
                                    </RelOp>
                                    <RelOp AvgRowSize="11" EstimateCPU="0.0541374" EstimateIO="0.199329" EstimateRebinds="0" EstimateRewinds="0" EstimatedExecutionMode="Row" EstimateRows="9714.7" LogicalOp="Filter" NodeId="24" Parallel="true" PhysicalOp="Filter" EstimatedTotalSubtreeCost="0.253466">
                                      <OutputList>
                                        <ColumnReference Database="[WideWorldImporters]" Schema="[Sales]" Table="[CustomerTransactions]" Alias="[Trans]" Column="InvoiceID" />
                                      </OutputList>
                                      <RunTimeInformation>
                                        <RunTimeCountersPerThread Thread="4" ActualRows="833" Batches="1" ActualEndOfScans="0" ActualExecutions="1" ActualExecutionMode="Row" ActualElapsedms="3" ActualCPUms="2" />
                                        <RunTimeCountersPerThread Thread="3" ActualRows="1896" Batches="3" ActualEndOfScans="0" ActualExecutions="1" ActualExecutionMode="Row" ActualElapsedms="4" ActualCPUms="4" />
                                        <RunTimeCountersPerThread Thread="2" ActualRows="2129" Batches="3" ActualEndOfScans="0" ActualExecutions="1" ActualExecutionMode="Row" ActualElapsedms="5" ActualCPUms="5" />
                                        <RunTimeCountersPerThread Thread="1" ActualRows="2021" Batches="3" ActualEndOfScans="0" ActualExecutions="1" ActualExecutionMode="Row" ActualElapsedms="4" ActualCPUms="4" />
                                        <RunTimeCountersPerThread Thread="0" ActualRows="0" Batches="0" ActualEndOfScans="0" ActualExecutions="0" ActualExecutionMode="Row" ActualElapsedms="0" ActualCPUms="0" />
                                      </RunTimeInformation>
                                      <Filter StartupExpression="false">
                                        <RelOp AvgRowSize="11" EstimateCPU="0.0541374" EstimateIO="0.199329" EstimateRebinds="0" EstimateRewinds="0" EstimatedExecutionMode="Row" EstimateRows="97147" EstimatedRowsRead="97147" LogicalOp="Index Scan" NodeId="25" Parallel="true" Partitioned="true" PhysicalOp="Index Scan" EstimatedTotalSubtreeCost="0.253466" TableCardinality="97147">
                                          <OutputList>
                                            <ColumnReference Database="[WideWorldImporters]" Schema="[Sales]" Table="[CustomerTransactions]" Alias="[Trans]" Column="InvoiceID" />
                                          </OutputList>
                                          <RunTimeInformation>
                                            <RunTimeCountersPerThread Thread="4" ActualRows="12809" Batches="0" ActualEndOfScans="1" ActualExecutions="1" ActualExecutionMode="Row" ActualElapsedms="2" ActualCPUms="2" ActualScans="0" ActualLogicalReads="0" ActualPhysicalReads="0" ActualReadAheads="0" ActualLobLogicalReads="0" ActualLobPhysicalReads="0" ActualLobReadAheads="0" />
                                            <RunTimeCountersPerThread Thread="3" ActualRows="25536" Batches="0" ActualEndOfScans="1" ActualExecutions="1" ActualExecutionMode="Row" ActualElapsedms="3" ActualCPUms="3" ActualScans="0" ActualLogicalReads="0" ActualPhysicalReads="0" ActualReadAheads="0" ActualLobLogicalReads="0" ActualLobPhysicalReads="0" ActualLobReadAheads="0" />
                                            <RunTimeCountersPerThread Thread="2" ActualRows="30885" Batches="0" ActualEndOfScans="1" ActualExecutions="1" ActualExecutionMode="Row" ActualElapsedms="3" ActualCPUms="3" ActualScans="0" ActualLogicalReads="0" ActualPhysicalReads="0" ActualReadAheads="0" ActualLobLogicalReads="0" ActualLobPhysicalReads="0" ActualLobReadAheads="0" />
                                            <RunTimeCountersPerThread Thread="1" ActualRows="27917" Batches="0" ActualEndOfScans="1" ActualExecutions="1" ActualExecutionMode="Row" ActualElapsedms="3" ActualCPUms="3" ActualScans="0" ActualLogicalReads="0" ActualPhysicalReads="0" ActualReadAheads="0" ActualLobLogicalReads="0" ActualLobPhysicalReads="0" ActualLobReadAheads="0" />
                                            <RunTimeCountersPerThread Thread="0" ActualRows="0" ActualRowsRead="73693" Batches="0" ActualEndOfScans="0" ActualExecutions="0" ActualExecutionMode="Row" ActualElapsedms="0" ActualCPUms="0" ActualScans="5" ActualLogicalReads="261" ActualPhysicalReads="0" ActualReadAheads="0" ActualLobLogicalReads="0" ActualLobPhysicalReads="0" ActualLobReadAheads="0" />
                                          </RunTimeInformation>
                                          <RunTimePartitionSummary>
                                            <PartitionsAccessed PartitionCount="5">
                                              <PartitionRange Start="1" End="5" />
                                            </PartitionsAccessed>
                                          </RunTimePartitionSummary>
                                          <IndexScan Ordered="false" ForcedIndex="false" ForceSeek="false" ForceScan="false" NoExpandHint="false" Storage="RowStore">
                                            <DefinedValues>
                                              <DefinedValue>
                                                <ColumnReference Database="[WideWorldImporters]" Schema="[Sales]" Table="[CustomerTransactions]" Alias="[Trans]" Column="InvoiceID" />
                                              </DefinedValue>
                                            </DefinedValues>
                                            <Object Database="[WideWorldImporters]" Schema="[Sales]" Table="[CustomerTransactions]" Index="[FK_Sales_CustomerTransactions_InvoiceID]" Alias="[Trans]" IndexKind="NonClustered" Storage="RowStore" />
                                          </IndexScan>
                                        </RelOp>
                                        <Predicate>
                                          <ScalarOperator ScalarString="PROBE([Opt_Bitmap1044],[WideWorldImporters].[Sales].[CustomerTransactions].[InvoiceID] as [Trans].[InvoiceID])">
                                            <Intrinsic FunctionName="PROBE">
                                              <ScalarOperator>
                                                <Identifier>
                                                  <ColumnReference Column="Opt_Bitmap1044" />
                                                </Identifier>
                                              </ScalarOperator>
                                              <ScalarOperator>
                                                <Identifier>
                                                  <ColumnReference Database="[WideWorldImporters]" Schema="[Sales]" Table="[CustomerTransactions]" Alias="[Trans]" Column="InvoiceID" />
                                                </Identifier>
                                              </ScalarOperator>
                                            </Intrinsic>
                                          </ScalarOperator>
                                        </Predicate>
                                      </Filter>
                                    </RelOp>
                                  </Hash>
                                </RelOp>
                                <RelOp AvgRowSize="11" EstimateCPU="0.0130245" EstimateIO="0.00831019" EstimateRebinds="0" EstimateRewinds="0" EstimatedExecutionMode="Batch" EstimateRows="23666.7" EstimatedRowsRead="23666.7" LogicalOp="Clustered Index Scan" NodeId="27" Parallel="true" PhysicalOp="Clustered Index Scan" EstimatedTotalSubtreeCost="0.0213347" TableCardinality="236667">
                                  <OutputList>
                                    <ColumnReference Database="[WideWorldImporters]" Schema="[Warehouse]" Table="[StockItemTransactions]" Alias="[ItemTrans]" Column="StockItemID" />
                                  </OutputList>
                                  <RunTimeInformation>
                                    <RunTimeCountersPerThread Thread="4" ActualRows="0" Batches="0" ActualEndOfScans="0" ActualExecutions="1" ActualExecutionMode="Batch" ActualElapsedms="0" ActualCPUms="0" ActualScans="1" ActualLogicalReads="0" ActualPhysicalReads="0" ActualReadAheads="0" ActualLobLogicalReads="0" ActualLobPhysicalReads="0" ActualLobReadAheads="0" />
                                    <RunTimeCountersPerThread Thread="3" ActualRows="13597" Batches="50" ActualEndOfScans="0" ActualExecutions="1" ActualExecutionMode="Batch" ActualElapsedms="0" ActualCPUms="0" ActualScans="1" ActualLogicalReads="0" ActualPhysicalReads="0" ActualReadAheads="0" ActualLobLogicalReads="0" ActualLobPhysicalReads="0" ActualLobReadAheads="0" SegmentReads="1" SegmentSkips="0" />
                                    <RunTimeCountersPerThread Thread="2" ActualRows="2279" Batches="12" ActualEndOfScans="0" ActualExecutions="1" ActualExecutionMode="Batch" ActualElapsedms="0" ActualCPUms="0" ActualScans="1" ActualLogicalReads="0" ActualPhysicalReads="0" ActualReadAheads="0" ActualLobLogicalReads="0" ActualLobPhysicalReads="0" ActualLobReadAheads="0" />
                                    <RunTimeCountersPerThread Thread="1" ActualRows="0" Batches="0" ActualEndOfScans="0" ActualExecutions="1" ActualExecutionMode="Batch" ActualElapsedms="0" ActualCPUms="0" ActualScans="1" ActualLogicalReads="0" ActualPhysicalReads="0" ActualReadAheads="0" ActualLobLogicalReads="0" ActualLobPhysicalReads="0" ActualLobReadAheads="0" />
                                    <RunTimeCountersPerThread Thread="0" ActualRows="0" Batches="0" ActualEndOfScans="0" ActualExecutions="0" ActualExecutionMode="Row" ActualElapsedms="0" ActualCPUms="0" />
                                  </RunTimeInformation>
                                  <IndexScan Ordered="false" ForcedIndex="false" ForceSeek="false" ForceScan="false" NoExpandHint="false" Storage="ColumnStore">
                                    <DefinedValues>
                                      <DefinedValue>
                                        <ColumnReference Database="[WideWorldImporters]" Schema="[Warehouse]" Table="[StockItemTransactions]" Alias="[ItemTrans]" Column="StockItemID" />
                                      </DefinedValue>
                                    </DefinedValues>
                                    <Object Database="[WideWorldImporters]" Schema="[Warehouse]" Table="[StockItemTransactions]" Index="[CCX_Warehouse_StockItemTransactions]" Alias="[ItemTrans]" IndexKind="Clustered" Storage="ColumnStore" />
                                    <Predicate>
                                      <ScalarOperator ScalarString="PROBE([Opt_Bitmap1045],[WideWorldImporters].[Warehouse].[StockItemTransactions].[StockItemID] as [ItemTrans].[StockItemID])">
                                        <Intrinsic FunctionName="PROBE">
                                          <ScalarOperator>
                                            <Identifier>
                                              <ColumnReference Column="Opt_Bitmap1045" />
                                            </Identifier>
                                          </ScalarOperator>
                                          <ScalarOperator>
                                            <Identifier>
                                              <ColumnReference Database="[WideWorldImporters]" Schema="[Warehouse]" Table="[StockItemTransactions]" Alias="[ItemTrans]" Column="StockItemID" />
                                            </Identifier>
                                          </ScalarOperator>
                                        </Intrinsic>
                                      </ScalarOperator>
                                    </Predicate>
                                  </IndexScan>
                                </RelOp>
                              </Hash>
                            </RelOp>
                          </Hash>
                        </RelOp>
                      </ComputeScalar>
                    </RelOp>
                  </Sort>
                </RelOp>
              </Parallelism>
            </RelOp>
          </QueryPlan>
        </StmtSimple>
      </Statements>
    </Batch>
  </BatchSequence>
</ShowPlanXML>